mdd/train-|step:89|loss:201.93099975585938|
mdd/dev-|step:89|loss:121.42305755615234|per:100.0|corr_diag_pct:0.025146085768938065|err_diag_pct:0.9153743982315063|f1_score:0.2150670737028122|precision:0.12577539682388306|recall:0.9164857864379883|
mdd/test-|step:89|loss:119.79788208007812|per:100.0|corr_diag_pct:0.03659842908382416|err_diag_pct:0.9211793541908264|f1_score:0.22310425341129303|precision:0.13086214661598206|recall:0.9471686482429504|
mdd/train-|step:178|loss:92.37593078613281|
mdd/dev-|step:178|loss:53.550880432128906|per:53.69306564331055|corr_diag_pct:0.31675854325294495|err_diag_pct:0.620044469833374|f1_score:0.33206719160079956|precision:0.21468038856983185|recall:0.8789981603622437|
mdd/test-|step:178|loss:52.77452850341797|per:53.70548629760742|corr_diag_pct:0.3241931200027466|err_diag_pct:0.6280291676521301|f1_score:0.3329406678676605|precision:0.2146170735359192|recall:0.8954274654388428|
mdd/train-|step:267|loss:42.247806549072266|
mdd/dev-|step:267|loss:34.133296966552734|per:30.980939865112305|corr_diag_pct:0.4483410716056824|err_diag_pct:0.45872217416763306|f1_score:0.4222991466522217|precision:0.31092727184295654|recall:0.7597541809082031|
mdd/test-|step:267|loss:33.8312873840332|per:31.415088653564453|corr_diag_pct:0.4196120798587799|err_diag_pct:0.495943546295166|f1_score:0.4103950262069702|precision:0.30324459075927734|recall:0.7403140068054199|
mdd/train-|step:356|loss:30.451906204223633|
mdd/dev-|step:356|loss:28.475955963134766|per:24.672883987426758|corr_diag_pct:0.4606260657310486|err_diag_pct:0.41669732332229614|f1_score:0.43835970759391785|precision:0.34922894835472107|recall:0.669075071811676|
mdd/test-|step:356|loss:28.479738235473633|per:25.02043914794922|corr_diag_pct:0.4230828285217285|err_diag_pct:0.4546949565410614|f1_score:0.4286952018737793|precision:0.3475598096847534|recall:0.6440178155899048|
mdd/train-|step:445|loss:25.403371810913086|
mdd/dev-|step:445|loss:26.22919464111328|per:21.969465255737305|corr_diag_pct:0.49890533089637756|err_diag_pct:0.37098315358161926|f1_score:0.45095089077949524|precision:0.3687596321105957|recall:0.6548725366592407|
mdd/test-|step:445|loss:25.901145935058594|per:22.013399124145508|corr_diag_pct:0.4751082956790924|err_diag_pct:0.3937806487083435|f1_score:0.44448012113571167|precision:0.37648898363113403|recall:0.620658814907074|
mdd/train-|step:534|loss:22.06454086303711|
mdd/dev-|step:534|loss:24.531539916992188|per:20.062297821044922|corr_diag_pct:0.5239216685295105|err_diag_pct:0.34224933385849|f1_score:0.4733508825302124|precision:0.4020850360393524|recall:0.6528863906860352|
mdd/test-|step:534|loss:24.304290771484375|per:20.174837112426758|corr_diag_pct:0.5038790702819824|err_diag_pct:0.37056538462638855|f1_score:0.4600398540496826|precision:0.40721091628074646|recall:0.6090558767318726|
mdd/train-|step:623|loss:19.687421798706055|
mdd/dev-|step:623|loss:24.102558135986328|per:19.437175750732422|corr_diag_pct:0.5107242465019226|err_diag_pct:0.34429433941841125|f1_score:0.4684026837348938|precision:0.40228986740112305|recall:0.6377113461494446|
mdd/test-|step:623|loss:23.80670738220215|per:19.654796600341797|corr_diag_pct:0.4975464344024658|err_diag_pct:0.3613424599170685|f1_score:0.4576701819896698|precision:0.41213226318359375|recall:0.5893049836158752|
mdd/train-|step:712|loss:18.100814819335938|
mdd/dev-|step:712|loss:23.21766471862793|per:18.062057495117188|corr_diag_pct:0.5551807880401611|err_diag_pct:0.2998378276824951|f1_score:0.47255420684814453|precision:0.41784268617630005|recall:0.6172638535499573|
mdd/test-|step:712|loss:23.06637954711914|per:18.297121047973633|corr_diag_pct:0.4995350241661072|err_diag_pct:0.3426872193813324|f1_score:0.46117568016052246|precision:0.43511345982551575|recall:0.5651441216468811|
mdd/train-|step:801|loss:16.641115188598633|
mdd/dev-|step:801|loss:23.26538848876953|per:17.924057006835938|corr_diag_pct:0.5541667938232422|err_diag_pct:0.2934168875217438|f1_score:0.4607631266117096|precision:0.40768125653266907|recall:0.5989566445350647|
mdd/test-|step:801|loss:22.97093963623047|per:17.81401824951172|corr_diag_pct:0.5187168121337891|err_diag_pct:0.31683874130249023|f1_score:0.45530077815055847|precision:0.4355524480342865|recall:0.5533698201179504|
mdd/train-|step:890|loss:15.571878433227539|
mdd/dev-|step:890|loss:23.239213943481445|per:17.503734588623047|corr_diag_pct:0.5479519367218018|err_diag_pct:0.2996317148208618|f1_score:0.4711333215236664|precision:0.4297081232070923|recall:0.5973669290542603|
mdd/test-|step:890|loss:22.999361038208008|per:17.595239639282227|corr_diag_pct:0.5173032879829407|err_diag_pct:0.322696715593338|f1_score:0.4574763774871826|precision:0.44095200300216675|recall:0.5516628623008728|
mdd/train-|step:979|loss:14.704928398132324|
mdd/dev-|step:979|loss:22.69325828552246|per:17.29579734802246|corr_diag_pct:0.535193145275116|err_diag_pct:0.30867308378219604|f1_score:0.46920841932296753|precision:0.4274383783340454|recall:0.593022882938385|
mdd/test-|step:979|loss:22.85079574584961|per:17.501928329467773|corr_diag_pct:0.5002900958061218|err_diag_pct:0.31637656688690186|f1_score:0.4439290165901184|precision:0.4349336624145508|recall:0.5255581140518188|
mdd/train-|step:1068|loss:13.8226318359375|
mdd/dev-|step:1068|loss:22.8701114654541|per:17.159103393554688|corr_diag_pct:0.5584907531738281|err_diag_pct:0.28909289836883545|f1_score:0.4796364903450012|precision:0.4398961365222931|recall:0.6025782823562622|
mdd/test-|step:1068|loss:22.790056228637695|per:17.22844696044922|corr_diag_pct:0.5246908664703369|err_diag_pct:0.2997535765171051|f1_score:0.45513659715652466|precision:0.44056782126426697|recall:0.5410676002502441|
mdd/train-|step:1157|loss:12.933744430541992|
mdd/dev-|step:1157|loss:23.05695915222168|per:16.707042694091797|corr_diag_pct:0.581256091594696|err_diag_pct:0.2626100778579712|f1_score:0.4811110496520996|precision:0.43836286664009094|recall:0.6095330119132996|
mdd/test-|step:1157|loss:22.821542739868164|per:17.178590774536133|corr_diag_pct:0.5417689681053162|err_diag_pct:0.2948977053165436|f1_score:0.4568728506565094|precision:0.44416141510009766|recall:0.5442965626716614|
mdd/train-|step:1246|loss:12.396469116210938|
mdd/dev-|step:1246|loss:22.93425178527832|per:17.24847412109375|corr_diag_pct:0.5513489246368408|err_diag_pct:0.27764731645584106|f1_score:0.46261391043663025|precision:0.4223419427871704|recall:0.5777650475502014|
mdd/test-|step:1246|loss:22.910442352294922|per:17.1041316986084|corr_diag_pct:0.5396255254745483|err_diag_pct:0.29370781779289246|f1_score:0.4573822021484375|precision:0.4443851113319397|recall:0.5449123382568359|
mdd/train-|step:1335|loss:11.568950653076172|
mdd/dev-|step:1335|loss:23.898029327392578|per:17.197139739990234|corr_diag_pct:0.5795220136642456|err_diag_pct:0.24947428703308105|f1_score:0.45410624146461487|precision:0.4184364974498749|recall:0.5740744471549988|
mdd/test-|step:1335|loss:23.738908767700195|per:17.058956146240234|corr_diag_pct:0.5468062162399292|err_diag_pct:0.2720826268196106|f1_score:0.4448615312576294|precision:0.4319983720779419|recall:0.5266591310501099|
mdd/train-|step:1424|loss:11.079541206359863|
mdd/dev-|step:1424|loss:24.517839431762695|per:16.758445739746094|corr_diag_pct:0.6313525438308716|err_diag_pct:0.23110105097293854|f1_score:0.4864860475063324|precision:0.43414485454559326|recall:0.6274458169937134|
mdd/test-|step:1424|loss:24.319868087768555|per:17.14027976989746|corr_diag_pct:0.5852805972099304|err_diag_pct:0.2513861060142517|f1_score:0.46467551589012146|precision:0.4362982511520386|recall:0.5707855224609375|
mdd/train-|step:1513|loss:10.394095420837402|
mdd/dev-|step:1513|loss:24.133934020996094|per:16.67815589904785|corr_diag_pct:0.5564317107200623|err_diag_pct:0.2725645899772644|f1_score:0.46456456184387207|precision:0.43598684668540955|recall:0.5735023021697998|
mdd/test-|step:1513|loss:24.191421508789062|per:16.97078514099121|corr_diag_pct:0.5231190323829651|err_diag_pct:0.2891031801700592|f1_score:0.43906524777412415|precision:0.43976345658302307|recall:0.5081360340118408|
mdd/train-|step:1602|loss:9.858001708984375|
mdd/dev-|step:1602|loss:24.471834182739258|per:16.743640899658203|corr_diag_pct:0.6065871119499207|err_diag_pct:0.2484315186738968|f1_score:0.48574692010879517|precision:0.4407166540622711|recall:0.6136292815208435|
mdd/test-|step:1602|loss:24.251991271972656|per:16.853710174560547|corr_diag_pct:0.5657129287719727|err_diag_pct:0.2676204741001129|f1_score:0.4602274000644684|precision:0.4450507164001465|recall:0.5487488508224487|
mdd/train-|step:1691|loss:9.282624244689941|
mdd/dev-|step:1691|loss:25.48933219909668|per:16.989871978759766|corr_diag_pct:0.6105230450630188|err_diag_pct:0.22219069302082062|f1_score:0.47585663199424744|precision:0.4253092110157013|recall:0.6116093397140503|
mdd/test-|step:1691|loss:25.006807327270508|per:16.96421241760254|corr_diag_pct:0.5586406588554382|err_diag_pct:0.2658037841320038|f1_score:0.4536198675632477|precision:0.4386405348777771|recall:0.5429506301879883|
mdd/train-|step:1780|loss:8.804503440856934|
mdd/dev-|step:1780|loss:25.487043380737305|per:17.0361385345459|corr_diag_pct:0.5848568081855774|err_diag_pct:0.2552918791770935|f1_score:0.4715827703475952|precision:0.4259100556373596|recall:0.6023116111755371|
mdd/test-|step:1780|loss:25.31374740600586|per:16.941478729248047|corr_diag_pct:0.551949143409729|err_diag_pct:0.28471750020980835|f1_score:0.46358564496040344|precision:0.445211797952652|recall:0.5521921515464783|
mdd/test-|step:0|loss:25.31374740600586|per:16.941478729248047|corr_diag_pct:0.551949143409729|err_diag_pct:0.28471750020980835|f1_score:0.46358564496040344|precision:0.445211797952652|recall:0.5521921515464783|insertions:695.0|deletions:1145.0|substitutions:3440.0|num_ref_tokens:31187.0|tp:2654.0|fp:2850.0|tn:24949.0|fn:1524.0|global-precision:0.48219476744186046|global-recall:0.6352321685016754|global-f1-score:0.5482338359843009|global-per:0.16930131144387084|
mdd/dev-|step:0|loss:25.487043380737305|per:17.0361385345459|corr_diag_pct:0.5848568081855774|err_diag_pct:0.2552918791770935|f1_score:0.4715827703475952|precision:0.4259100556373596|recall:0.6023116111755371|insertions:255.0|deletions:372.0|substitutions:997.0|num_ref_tokens:9385.0|tp:869.0|fp:950.0|tn:7438.0|fn:395.0|global-precision:0.4777350192413414|global-recall:0.6875|global-f1-score:0.563736620175154|global-per:0.1730420884389984|
