mdd/train-|step:89|loss:188.277587890625|
mdd/dev-|step:89|loss:121.92512512207031|per:100.0|corr_diag_pct:0.025146083906292915|err_diag_pct:0.9153743386268616|f1_score:0.2150670886039734|precision:0.12577541172504425|recall:0.9164857268333435|
mdd/test-|step:89|loss:120.3106460571289|per:100.0|corr_diag_pct:0.03659842908382416|err_diag_pct:0.9211793541908264|f1_score:0.22310426831245422|precision:0.13086214661598206|recall:0.9471685886383057|
mdd/train-|step:178|loss:99.26384735107422|
mdd/dev-|step:178|loss:61.27128982543945|per:64.4282455444336|corr_diag_pct:0.2530669569969177|err_diag_pct:0.6911709308624268|f1_score:0.2989250123500824|precision:0.1869639754295349|recall:0.9039762616157532|
mdd/test-|step:178|loss:60.78958511352539|per:64.25106048583984|corr_diag_pct:0.28315430879592896|err_diag_pct:0.6724012494087219|f1_score:0.3011293411254883|precision:0.18819056451320648|recall:0.9230080842971802|
mdd/train-|step:267|loss:49.10063552856445|
mdd/dev-|step:267|loss:36.055763244628906|per:32.6286735534668|corr_diag_pct:0.4298206865787506|err_diag_pct:0.47724249958992004|f1_score:0.411577969789505|precision:0.29784679412841797|recall:0.7671398520469666|
mdd/test-|step:267|loss:36.398468017578125|per:33.21028518676758|corr_diag_pct:0.4064268469810486|err_diag_pct:0.513573169708252|f1_score:0.40893638134002686|precision:0.29543477296829224|recall:0.7728098034858704|
mdd/train-|step:356|loss:35.43721008300781|
mdd/dev-|step:356|loss:29.37276268005371|per:25.786821365356445|corr_diag_pct:0.4407278597354889|err_diag_pct:0.42172566056251526|f1_score:0.43784502148628235|precision:0.34137704968452454|recall:0.691038191318512|
mdd/test-|step:356|loss:29.423574447631836|per:25.996131896972656|corr_diag_pct:0.43209946155548096|err_diag_pct:0.4645671844482422|f1_score:0.4350515305995941|precision:0.34362998604774475|recall:0.6817672848701477|
mdd/train-|step:445|loss:29.74406623840332|
mdd/dev-|step:445|loss:26.732749938964844|per:22.088457107543945|corr_diag_pct:0.4909489154815674|err_diag_pct:0.3752220571041107|f1_score:0.4550258219242096|precision:0.37047675251960754|recall:0.6652271151542664|
mdd/test-|step:445|loss:26.658252716064453|per:22.020368576049805|corr_diag_pct:0.4786980152130127|err_diag_pct:0.4057464301586151|f1_score:0.45855697989463806|precision:0.3853898346424103|recall:0.6452711224555969|
mdd/train-|step:534|loss:26.437965393066406|
mdd/dev-|step:534|loss:25.251171112060547|per:20.74068832397461|corr_diag_pct:0.506782054901123|err_diag_pct:0.35938894748687744|f1_score:0.46166470646858215|precision:0.3883752226829529|recall:0.6464402675628662|
mdd/test-|step:534|loss:25.15538215637207|per:20.28782081604004|corr_diag_pct:0.4908808469772339|err_diag_pct:0.3835636079311371|f1_score:0.4644089639186859|precision:0.40857234597206116|recall:0.616184413433075|
mdd/train-|step:623|loss:24.681270599365234|
mdd/dev-|step:623|loss:23.96562385559082|per:19.67934226989746|corr_diag_pct:0.47708237171173096|err_diag_pct:0.36306631565093994|f1_score:0.44992637634277344|precision:0.39513248205184937|recall:0.5960898995399475|
mdd/test-|step:623|loss:24.05119514465332|per:19.509241104125977|corr_diag_pct:0.4552103281021118|err_diag_pct:0.3947896659374237|f1_score:0.4492914378643036|precision:0.41544151306152344|recall:0.5638701319694519|
mdd/train-|step:712|loss:22.91577911376953|
mdd/dev-|step:712|loss:23.59917449951172|per:18.786376953125|corr_diag_pct:0.5463314056396484|err_diag_pct:0.3086872100830078|f1_score:0.4685673117637634|precision:0.40147194266319275|recall:0.6339278221130371|
mdd/test-|step:712|loss:23.18028450012207|per:18.17026710510254|corr_diag_pct:0.5281557440757751|err_diag_pct:0.3418442904949188|f1_score:0.485825777053833|precision:0.44554710388183594|recall:0.609943151473999|
mdd/train-|step:801|loss:21.62668228149414|
mdd/dev-|step:801|loss:22.741506576538086|per:18.216569900512695|corr_diag_pct:0.5215547680854797|err_diag_pct:0.3334638178348541|f1_score:0.4670957624912262|precision:0.4119696021080017|recall:0.6139867901802063|
mdd/test-|step:801|loss:22.74846649169922|per:18.124418258666992|corr_diag_pct:0.5014486908912659|err_diag_pct:0.3474401831626892|f1_score:0.46741971373558044|precision:0.4396880567073822|recall:0.5703964829444885|
mdd/train-|step:890|loss:20.305212020874023|
mdd/dev-|step:890|loss:22.491851806640625|per:17.960281372070312|corr_diag_pct:0.528010368347168|err_diag_pct:0.32329079508781433|f1_score:0.4674709141254425|precision:0.4117809534072876|recall:0.61002117395401|
mdd/test-|step:890|loss:22.03655242919922|per:17.669025421142578|corr_diag_pct:0.5163048505783081|err_diag_pct:0.3359173834323883|f1_score:0.4691954255104065|precision:0.44540005922317505|recall:0.5653109550476074|
mdd/train-|step:979|loss:19.426895141601562|
mdd/dev-|step:979|loss:22.277692794799805|per:17.629528045654297|corr_diag_pct:0.5272449254989624|err_diag_pct:0.3129037916660309|f1_score:0.4668819010257721|precision:0.41903239488601685|recall:0.6005966663360596|
mdd/test-|step:979|loss:21.738012313842773|per:17.423049926757812|corr_diag_pct:0.5038217902183533|err_diag_pct:0.34173378348350525|f1_score:0.46870851516723633|precision:0.4525161683559418|recall:0.5582318902015686|
mdd/train-|step:1068|loss:18.670652389526367|
mdd/dev-|step:1068|loss:21.850008010864258|per:17.83647346496582|corr_diag_pct:0.5428064465522766|err_diag_pct:0.3010597229003906|f1_score:0.47215092182159424|precision:0.4184379279613495|recall:0.6138221621513367|
mdd/test-|step:1068|loss:21.48594093322754|per:17.235536575317383|corr_diag_pct:0.5151418447494507|err_diag_pct:0.3315248191356659|f1_score:0.4748666286468506|precision:0.455304354429245|recall:0.5662890076637268|
mdd/train-|step:1157|loss:17.938322067260742|
mdd/dev-|step:1157|loss:21.672826766967773|per:17.305355072021484|corr_diag_pct:0.5421124696731567|err_diag_pct:0.3054712116718292|f1_score:0.46596917510032654|precision:0.4191528260707855|recall:0.5919923186302185|
mdd/test-|step:1157|loss:21.56575584411621|per:17.03520393371582|corr_diag_pct:0.509662926197052|err_diag_pct:0.3170037269592285|f1_score:0.45529451966285706|precision:0.45043790340423584|recall:0.5290046334266663|
mdd/train-|step:1246|loss:17.12936019897461|
mdd/dev-|step:1246|loss:21.656566619873047|per:17.024280548095703|corr_diag_pct:0.5604915618896484|err_diag_pct:0.28709205985069275|f1_score:0.47366616129875183|precision:0.4283263683319092|recall:0.6019222140312195|
mdd/test-|step:1246|loss:21.225109100341797|per:16.722721099853516|corr_diag_pct:0.5378122925758362|err_diag_pct:0.29885441064834595|f1_score:0.46732470393180847|precision:0.4587097764015198|recall:0.5472403168678284|
mdd/train-|step:1335|loss:16.607101440429688|
mdd/dev-|step:1335|loss:21.96270179748535|per:17.26415252685547|corr_diag_pct:0.5574387311935425|err_diag_pct:0.2715575695037842|f1_score:0.4559275209903717|precision:0.4120067059993744|recall:0.584206223487854|
mdd/test-|step:1335|loss:21.741191864013672|per:17.16793441772461|corr_diag_pct:0.526785135269165|err_diag_pct:0.2943260371685028|f1_score:0.45095741748809814|precision:0.4373953640460968|recall:0.5315161347389221|
mdd/train-|step:1424|loss:16.05533218383789|
mdd/dev-|step:1424|loss:21.693483352661133|per:16.922237396240234|corr_diag_pct:0.5682245492935181|err_diag_pct:0.26820671558380127|f1_score:0.4684637784957886|precision:0.42562487721443176|recall:0.5917336940765381|
mdd/test-|step:1424|loss:21.317134857177734|per:16.678373336791992|corr_diag_pct:0.5278867483139038|err_diag_pct:0.29544660449028015|f1_score:0.45561909675598145|precision:0.452083557844162|recall:0.5268791913986206|
mdd/train-|step:1513|loss:15.442163467407227|
mdd/dev-|step:1513|loss:21.702922821044922|per:16.922809600830078|corr_diag_pct:0.5594621300697327|err_diag_pct:0.27325159311294556|f1_score:0.46164077520370483|precision:0.4226280748844147|recall:0.579387366771698|
mdd/test-|step:1513|loss:21.38870620727539|per:16.64080047607422|corr_diag_pct:0.5220732092857361|err_diag_pct:0.29348233342170715|f1_score:0.44907262921333313|precision:0.44799870252609253|recall:0.5163857340812683|
mdd/train-|step:1602|loss:14.813675880432129|
mdd/dev-|step:1602|loss:21.791648864746094|per:16.647293090820312|corr_diag_pct:0.5773202776908875|err_diag_pct:0.27026334404945374|f1_score:0.48013395071029663|precision:0.4349098205566406|recall:0.6048598885536194|
mdd/test-|step:1602|loss:21.173904418945312|per:16.40204429626465|corr_diag_pct:0.5477846264839172|err_diag_pct:0.2844376266002655|f1_score:0.46663451194763184|precision:0.4599728286266327|recall:0.5397613048553467|
mdd/train-|step:1691|loss:14.693414688110352|
mdd/dev-|step:1691|loss:21.670196533203125|per:16.61469078063965|corr_diag_pct:0.6099448800086975|err_diag_pct:0.24135632812976837|f1_score:0.48460614681243896|precision:0.44007784128189087|recall:0.6156156063079834|
mdd/test-|step:1691|loss:21.266508102416992|per:16.207361221313477|corr_diag_pct:0.5588394999504089|err_diag_pct:0.2711605131626129|f1_score:0.4671699106693268|precision:0.4602974057197571|recall:0.5393884778022766|
mdd/train-|step:1780|loss:14.01915168762207|
mdd/dev-|step:1780|loss:21.511903762817383|per:16.707210540771484|corr_diag_pct:0.5677729845046997|err_diag_pct:0.26122334599494934|f1_score:0.46936628222465515|precision:0.43104758858680725|recall:0.588019847869873|
mdd/test-|step:1780|loss:21.03786849975586|per:16.390560150146484|corr_diag_pct:0.5333240628242493|err_diag_pct:0.2955648601055145|f1_score:0.4641323387622833|precision:0.4610113501548767|recall:0.5353925228118896|
mdd/test-|step:0|loss:21.03786849975586|per:16.390560150146484|corr_diag_pct:0.5333240628242493|err_diag_pct:0.2955648601055145|f1_score:0.4641323387622833|precision:0.4610113501548767|recall:0.5353925228118896|insertions:650.0|deletions:1090.0|substitutions:3379.0|num_ref_tokens:31187.0|tp:2589.0|fp:2614.0|tn:25154.0|fn:1592.0|global-precision:0.497597539880838|global-recall:0.6192298493183449|global-f1-score:0.5517902813299234|global-per:0.16413890403052553|
mdd/dev-|step:0|loss:21.511903762817383|per:16.707210540771484|corr_diag_pct:0.5677729845046997|err_diag_pct:0.26122334599494934|f1_score:0.46936628222465515|precision:0.43104758858680725|recall:0.588019847869873|insertions:202.0|deletions:411.0|substitutions:974.0|num_ref_tokens:9385.0|tp:852.0|fp:885.0|tn:7448.0|fn:413.0|global-precision:0.4905008635578584|global-recall:0.6735177865612648|global-f1-score:0.5676215856095936|global-per:0.16909962706446457|
