mdd/train-|step:89|loss:111.08255767822266|
mdd/dev-|step:89|loss:43.700828552246094|per:43.08414840698242|corr_diag_pct:0.3598194718360901|err_diag_pct:0.5658310651779175|f1_score:0.3754333257675171|precision:0.25423404574394226|recall:0.8512449860572815|
mdd/test-|step:89|loss:41.97797775268555|per:41.87126159667969|corr_diag_pct:0.3789968490600586|err_diag_pct:0.5643365383148193|f1_score:0.380341112613678|precision:0.2577146291732788|recall:0.8547418713569641|
mdd/train-|step:178|loss:53.99089431762695|
mdd/dev-|step:178|loss:32.29046630859375|per:27.847095489501953|corr_diag_pct:0.4715293049812317|err_diag_pct:0.4243815243244171|f1_score:0.4366871416568756|precision:0.3299987018108368|recall:0.7383837103843689|
mdd/test-|step:178|loss:31.337121963500977|per:27.15811538696289|corr_diag_pct:0.4663395881652832|err_diag_pct:0.44477152824401855|f1_score:0.4497852921485901|precision:0.3434615433216095|recall:0.7505277395248413|
mdd/train-|step:267|loss:44.19662094116211|
mdd/dev-|step:267|loss:29.25197410583496|per:25.59858512878418|corr_diag_pct:0.4776966869831085|err_diag_pct:0.41449666023254395|f1_score:0.4509020447731018|precision:0.34886687994003296|recall:0.7284190654754639|
mdd/test-|step:267|loss:27.85271644592285|per:24.32108497619629|corr_diag_pct:0.4716256856918335|err_diag_pct:0.4405965805053711|f1_score:0.4672074317932129|precision:0.372795045375824|recall:0.7219437956809998|
mdd/train-|step:356|loss:40.090023040771484|
mdd/dev-|step:356|loss:26.947643280029297|per:22.98042869567871|corr_diag_pct:0.5085899829864502|err_diag_pct:0.3873208165168762|f1_score:0.46764758229255676|precision:0.37635213136672974|recall:0.7169676423072815|
mdd/test-|step:356|loss:26.094697952270508|per:22.38045883178711|corr_diag_pct:0.5039276480674744|err_diag_pct:0.40385013818740845|f1_score:0.47613880038261414|precision:0.3924008309841156|recall:0.7005195021629333|
mdd/train-|step:445|loss:37.1626091003418|
mdd/dev-|step:445|loss:25.82607650756836|per:21.83444595336914|corr_diag_pct:0.4974316358566284|err_diag_pct:0.3798917531967163|f1_score:0.4702356159687042|precision:0.38325896859169006|recall:0.6891553401947021|
mdd/test-|step:445|loss:24.553367614746094|per:21.1715145111084|corr_diag_pct:0.49558764696121216|err_diag_pct:0.3955235481262207|f1_score:0.4724123775959015|precision:0.4043484032154083|recall:0.6597008109092712|
mdd/train-|step:534|loss:34.55244445800781|
mdd/dev-|step:534|loss:24.911935806274414|per:22.577917098999023|corr_diag_pct:0.4607645273208618|err_diag_pct:0.40540650486946106|f1_score:0.4509021043777466|precision:0.37191280722618103|recall:0.6590631604194641|
mdd/test-|step:534|loss:23.693649291992188|per:21.040063858032227|corr_diag_pct:0.45139405131340027|err_diag_pct:0.43416154384613037|f1_score:0.47001272439956665|precision:0.4117498993873596|recall:0.6394854187965393|
mdd/train-|step:623|loss:32.07704162597656|
mdd/dev-|step:623|loss:24.082565307617188|per:20.31537628173828|corr_diag_pct:0.47973859310150146|err_diag_pct:0.37527996301651|f1_score:0.4636489450931549|precision:0.4035947918891907|recall:0.6322851181030273|
mdd/test-|step:623|loss:23.12134552001953|per:19.655799865722656|corr_diag_pct:0.47081753611564636|err_diag_pct:0.3958491384983063|f1_score:0.4678157866001129|precision:0.4229622781276703|recall:0.606055498123169|
mdd/train-|step:712|loss:30.980457305908203|
mdd/dev-|step:712|loss:23.649158477783203|per:20.22203254699707|corr_diag_pct:0.5330886244773865|err_diag_pct:0.3405173718929291|f1_score:0.4781300723552704|precision:0.4043341875076294|recall:0.6741536855697632|
mdd/test-|step:712|loss:22.778057098388672|per:19.518856048583984|corr_diag_pct:0.5098940134048462|err_diag_pct:0.3667726516723633|f1_score:0.47096875309944153|precision:0.41897818446159363|recall:0.6228523850440979|
mdd/train-|step:801|loss:29.118391036987305|
mdd/dev-|step:801|loss:23.21243667602539|per:20.155946731567383|corr_diag_pct:0.4983087182044983|err_diag_pct:0.37157973647117615|f1_score:0.48430392146110535|precision:0.41084784269332886|recall:0.6738575100898743|
mdd/test-|step:801|loss:22.31087303161621|per:19.32526969909668|corr_diag_pct:0.4838966429233551|err_diag_pct:0.3894367516040802|f1_score:0.48002728819847107|precision:0.4331076145172119|recall:0.6218379139900208|
mdd/train-|step:890|loss:27.543790817260742|
mdd/dev-|step:890|loss:23.150928497314453|per:19.69715690612793|corr_diag_pct:0.48855671286582947|err_diag_pct:0.3738968074321747|f1_score:0.47014933824539185|precision:0.4086819291114807|recall:0.6385330557823181|
mdd/test-|step:890|loss:21.784713745117188|per:18.630346298217773|corr_diag_pct:0.4757302403450012|err_diag_pct:0.3698253035545349|f1_score:0.45814788341522217|precision:0.4287571310997009|recall:0.5680518746376038|
mdd/train-|step:979|loss:26.54067039489746|
mdd/dev-|step:979|loss:23.006298065185547|per:19.06183624267578|corr_diag_pct:0.5543083548545837|err_diag_pct:0.3230150640010834|f1_score:0.48697683215141296|precision:0.42002907395362854|recall:0.6637610197067261|
mdd/test-|step:979|loss:21.761320114135742|per:18.137989044189453|corr_diag_pct:0.5373173952102661|err_diag_pct:0.3293493092060089|f1_score:0.47628146409988403|precision:0.4356880486011505|recall:0.6015065312385559|
mdd/train-|step:1068|loss:25.525407791137695|
mdd/dev-|step:1068|loss:22.37688446044922|per:18.336008071899414|corr_diag_pct:0.5808807611465454|err_diag_pct:0.2852902412414551|f1_score:0.4854412376880646|precision:0.4172271192073822|recall:0.6582466959953308|
mdd/test-|step:1068|loss:21.258289337158203|per:17.500778198242188|corr_diag_pct:0.5732229948043823|err_diag_pct:0.2867770791053772|f1_score:0.4793331027030945|precision:0.44568508863449097|recall:0.5949258208274841|
mdd/train-|step:1157|loss:24.373659133911133|
mdd/dev-|step:1157|loss:21.924522399902344|per:18.364280700683594|corr_diag_pct:0.5210745334625244|err_diag_pct:0.31535667181015015|f1_score:0.47943541407585144|precision:0.4213423728942871|recall:0.6336792707443237|
mdd/test-|step:1157|loss:20.963476181030273|per:17.780298233032227|corr_diag_pct:0.5069788694381714|err_diag_pct:0.3441322445869446|f1_score:0.4632871150970459|precision:0.43827909231185913|recall:0.5650625228881836|
mdd/train-|step:1246|loss:24.02400779724121|
mdd/dev-|step:1246|loss:22.110511779785156|per:18.475561141967773|corr_diag_pct:0.5429356098175049|err_diag_pct:0.312082976102829|f1_score:0.4870118796825409|precision:0.42223528027534485|recall:0.654887855052948|
mdd/test-|step:1246|loss:20.84514808654785|per:17.45441436767578|corr_diag_pct:0.5548096895217896|err_diag_pct:0.3185236155986786|f1_score:0.4845007658004761|precision:0.4553326666355133|recall:0.5968796014785767|
mdd/train-|step:1335|loss:22.70197105407715|
mdd/dev-|step:1335|loss:21.639949798583984|per:17.767553329467773|corr_diag_pct:0.5768170356750488|err_diag_pct:0.2856364846229553|f1_score:0.4936412274837494|precision:0.43601569533348083|recall:0.6507835984230042|
mdd/test-|step:1335|loss:20.617433547973633|per:17.072715759277344|corr_diag_pct:0.5591914653778076|err_diag_pct:0.2974752187728882|f1_score:0.48065003752708435|precision:0.454711377620697|recall:0.5851314067840576|
mdd/train-|step:1424|loss:22.231964111328125|
mdd/dev-|step:1424|loss:22.332075119018555|per:19.194795608520508|corr_diag_pct:0.5524246692657471|err_diag_pct:0.32861629128456116|f1_score:0.4898674190044403|precision:0.4245993494987488|recall:0.6760585308074951|
mdd/test-|step:1424|loss:20.84965705871582|per:17.56789779663086|corr_diag_pct:0.545674204826355|err_diag_pct:0.3221035897731781|f1_score:0.4821847975254059|precision:0.4489730894565582|recall:0.5959740281105042|
mdd/train-|step:1513|loss:21.491722106933594|
mdd/dev-|step:1513|loss:21.818283081054688|per:18.34297752380371|corr_diag_pct:0.577876091003418|err_diag_pct:0.29572978615760803|f1_score:0.500349223613739|precision:0.42624431848526|recall:0.6811685562133789|
mdd/test-|step:1513|loss:20.37237548828125|per:17.305551528930664|corr_diag_pct:0.5615482330322266|err_diag_pct:0.30956289172172546|f1_score:0.489104688167572|precision:0.45350009202957153|recall:0.6069796681404114|
mdd/train-|step:1602|loss:20.679155349731445|
mdd/dev-|step:1602|loss:21.617450714111328|per:17.899747848510742|corr_diag_pct:0.5596796870231628|err_diag_pct:0.29162147641181946|f1_score:0.483624666929245|precision:0.42466798424720764|recall:0.6431475877761841|
mdd/test-|step:1602|loss:20.579530715942383|per:17.238576889038086|corr_diag_pct:0.506619393825531|err_diag_pct:0.33560284972190857|f1_score:0.46703654527664185|precision:0.4503770172595978|recall:0.5605273246765137|
mdd/train-|step:1691|loss:20.05074119567871|
mdd/dev-|step:1691|loss:22.034074783325195|per:18.192777633666992|corr_diag_pct:0.5480270385742188|err_diag_pct:0.29583922028541565|f1_score:0.4853460490703583|precision:0.4200194478034973|recall:0.6494685411453247|
mdd/test-|step:1691|loss:20.5272274017334|per:17.064987182617188|corr_diag_pct:0.5241737365722656|err_diag_pct:0.32027074694633484|f1_score:0.46558377146720886|precision:0.45014017820358276|recall:0.5557697415351868|
mdd/train-|step:1780|loss:19.001419067382812|
mdd/dev-|step:1780|loss:21.9606876373291|per:18.08500099182129|corr_diag_pct:0.5722273588180542|err_diag_pct:0.2939436733722687|f1_score:0.5013405084609985|precision:0.43844011425971985|recall:0.6711061596870422|
mdd/test-|step:1780|loss:20.69240379333496|per:16.74551773071289|corr_diag_pct:0.5531376004219055|err_diag_pct:0.3013068437576294|f1_score:0.48503023386001587|precision:0.45842650532722473|recall:0.5854958295822144|
mdd/test-|step:0|loss:20.69240379333496|per:16.74551773071289|corr_diag_pct:0.5531376004219055|err_diag_pct:0.3013068437576294|f1_score:0.48503023386001587|precision:0.45842650532722473|recall:0.5854958295822144|insertions:432.0|deletions:1476.0|substitutions:3353.0|num_ref_tokens:31187.0|tp:2766.0|fp:2855.0|tn:24709.0|fn:1417.0|global-precision:0.4920832592065469|global-recall:0.6612479081998566|global-f1-score:0.5642594859241126|global-per:0.16869208323981147|
mdd/dev-|step:0|loss:21.9606876373291|per:18.08500099182129|corr_diag_pct:0.5722273588180542|err_diag_pct:0.2939436733722687|f1_score:0.5013405084609985|precision:0.43844011425971985|recall:0.6711061596870422|insertions:156.0|deletions:577.0|substitutions:988.0|num_ref_tokens:9385.0|tp:954.0|fp:1071.0|tn:7216.0|fn:311.0|global-precision:0.4711111111111111|global-recall:0.7541501976284585|global-f1-score:0.5799392097264437|global-per:0.1833777304208844|
