mdd/train-|step:89|loss:200.4029083251953|
mdd/dev-|step:89|loss:120.75008392333984|per:100.0|corr_diag_pct:0.025146083906292915|err_diag_pct:0.9153743386268616|f1_score:0.21506710350513458|precision:0.12577541172504425|recall:0.9164858460426331|
mdd/test-|step:89|loss:119.49767303466797|per:100.0|corr_diag_pct:0.03659842908382416|err_diag_pct:0.9211793541908264|f1_score:0.22310425341129303|precision:0.13086216151714325|recall:0.9471686482429504|
mdd/train-|step:178|loss:93.73652648925781|
mdd/dev-|step:178|loss:53.94694137573242|per:55.152915954589844|corr_diag_pct:0.324015736579895|err_diag_pct:0.6202222108840942|f1_score:0.32750576734542847|precision:0.2103492170572281|recall:0.8893271088600159|
mdd/test-|step:178|loss:53.15663146972656|per:54.98632049560547|corr_diag_pct:0.3300945460796356|err_diag_pct:0.6232388019561768|f1_score:0.33042827248573303|precision:0.21207164227962494|recall:0.9063860177993774|
mdd/train-|step:267|loss:42.630306243896484|
mdd/dev-|step:267|loss:34.61043930053711|per:33.418758392333984|corr_diag_pct:0.42566317319869995|err_diag_pct:0.4702475965023041|f1_score:0.40269672870635986|precision:0.29058876633644104|recall:0.7569735646247864|
mdd/test-|step:267|loss:34.53264617919922|per:33.217445373535156|corr_diag_pct:0.40028852224349976|err_diag_pct:0.5208225846290588|f1_score:0.41082045435905457|precision:0.2978787124156952|recall:0.7690755128860474|
mdd/train-|step:356|loss:30.742341995239258|
mdd/dev-|step:356|loss:28.38343620300293|per:23.739765167236328|corr_diag_pct:0.4881606101989746|err_diag_pct:0.3780103921890259|f1_score:0.4452733099460602|precision:0.35329967737197876|recall:0.6757792830467224|
mdd/test-|step:356|loss:28.355117797851562|per:24.189525604248047|corr_diag_pct:0.46043896675109863|err_diag_pct:0.4284498989582062|f1_score:0.4442049562931061|precision:0.3598695397377014|recall:0.6664800643920898|
mdd/train-|step:445|loss:25.256799697875977|
mdd/dev-|step:445|loss:25.92856788635254|per:21.021738052368164|corr_diag_pct:0.48955193161964417|err_diag_pct:0.3654666543006897|f1_score:0.464946448802948|precision:0.38402649760246277|recall:0.6543823480606079|
mdd/test-|step:445|loss:25.52858543395996|per:21.126955032348633|corr_diag_pct:0.483752578496933|err_diag_pct:0.3929140865802765|f1_score:0.46458131074905396|precision:0.4001558721065521|recall:0.6379708051681519|
mdd/train-|step:534|loss:21.88709831237793|
mdd/dev-|step:534|loss:24.464826583862305|per:19.073518753051758|corr_diag_pct:0.5197961330413818|err_diag_pct:0.33522239327430725|f1_score:0.47000303864479065|precision:0.41016003489494324|recall:0.6222242116928101|
mdd/test-|step:534|loss:24.00932502746582|per:19.247161865234375|corr_diag_pct:0.48661381006240845|err_diag_pct:0.3667195439338684|f1_score:0.46384045481681824|precision:0.4192216098308563|recall:0.5917676687240601|
mdd/train-|step:623|loss:19.828245162963867|
mdd/dev-|step:623|loss:23.836397171020508|per:18.61985206604004|corr_diag_pct:0.5346976518630981|err_diag_pct:0.32403844594955444|f1_score:0.4706084132194519|precision:0.4146497845649719|recall:0.6213599443435669|
mdd/test-|step:623|loss:23.313623428344727|per:18.687053680419922|corr_diag_pct:0.4764893054962158|err_diag_pct:0.3590662181377411|f1_score:0.45012253522872925|precision:0.4191363453865051|recall:0.5549772381782532|
mdd/train-|step:712|loss:18.144725799560547|
mdd/dev-|step:712|loss:23.451635360717773|per:18.045164108276367|corr_diag_pct:0.5550655126571655|err_diag_pct:0.29251813888549805|f1_score:0.4735705554485321|precision:0.4160764813423157|recall:0.6188200116157532|
mdd/test-|step:712|loss:22.71263313293457|per:17.743257522583008|corr_diag_pct:0.5352242588996887|err_diag_pct:0.3214424252510071|f1_score:0.47350308299064636|precision:0.44236811995506287|recall:0.5843958258628845|
mdd/train-|step:801|loss:16.813030242919922|
mdd/dev-|step:801|loss:22.989011764526367|per:17.6825008392334|corr_diag_pct:0.5421827435493469|err_diag_pct:0.3128359019756317|f1_score:0.47571316361427307|precision:0.42593419551849365|recall:0.6112071871757507|
mdd/test-|step:801|loss:22.42233657836914|per:17.684438705444336|corr_diag_pct:0.5029110908508301|err_diag_pct:0.33042222261428833|f1_score:0.45115938782691956|precision:0.43294844031333923|recall:0.5402740240097046|
mdd/train-|step:890|loss:15.601960182189941|
mdd/dev-|step:890|loss:23.18001937866211|per:17.237850189208984|corr_diag_pct:0.5704277157783508|err_diag_pct:0.2734384834766388|f1_score:0.4651533365249634|precision:0.4261053204536438|recall:0.5864359140396118|
mdd/test-|step:890|loss:22.535444259643555|per:17.38084602355957|corr_diag_pct:0.5240600109100342|err_diag_pct:0.30927330255508423|f1_score:0.45519447326660156|precision:0.4373370409011841|recall:0.5409776568412781|
mdd/train-|step:979|loss:14.732328414916992|
mdd/dev-|step:979|loss:23.0625|per:17.22747230529785|corr_diag_pct:0.581322968006134|err_diag_pct:0.2662605941295624|f1_score:0.47881603240966797|precision:0.422271728515625|recall:0.6248400807380676|
mdd/test-|step:979|loss:22.540132522583008|per:17.264007568359375|corr_diag_pct:0.5500374436378479|err_diag_pct:0.2944069802761078|f1_score:0.4651376008987427|precision:0.4446358382701874|recall:0.5604146122932434|
mdd/train-|step:1068|loss:13.706949234008789|
mdd/dev-|step:1068|loss:23.01392936706543|per:17.01557159423828|corr_diag_pct:0.5877668261528015|err_diag_pct:0.25981682538986206|f1_score:0.47178566455841064|precision:0.42939847707748413|recall:0.5982736349105835|
mdd/test-|step:1068|loss:22.4757080078125|per:17.042264938354492|corr_diag_pct:0.5503696799278259|err_diag_pct:0.29407477378845215|f1_score:0.46144822239875793|precision:0.4423557221889496|recall:0.5534016489982605|
mdd/train-|step:1157|loss:12.950831413269043|
mdd/dev-|step:1157|loss:23.290037155151367|per:17.10297203063965|corr_diag_pct:0.5693506002426147|err_diag_pct:0.26336318254470825|f1_score:0.46744945645332336|precision:0.4236331284046173|recall:0.5978723764419556|
mdd/test-|step:1157|loss:22.73325538635254|per:17.114547729492188|corr_diag_pct:0.5304899215698242|err_diag_pct:0.29062125086784363|f1_score:0.44645118713378906|precision:0.4352855086326599|recall:0.5286673307418823|
mdd/train-|step:1246|loss:12.218321800231934|
mdd/dev-|step:1246|loss:23.784082412719727|per:17.007381439208984|corr_diag_pct:0.5964796543121338|err_diag_pct:0.25482144951820374|f1_score:0.4882481098175049|precision:0.44292181730270386|recall:0.6211248636245728|
mdd/test-|step:1246|loss:22.977737426757812|per:16.86382293701172|corr_diag_pct:0.5496993660926819|err_diag_pct:0.2836339771747589|f1_score:0.46951809525489807|precision:0.4462049901485443|recall:0.5644411444664001|
mdd/train-|step:1335|loss:11.65153694152832|
mdd/dev-|step:1335|loss:23.639358520507812|per:16.9709529876709|corr_diag_pct:0.5825874209403992|err_diag_pct:0.2538437843322754|f1_score:0.4777003824710846|precision:0.4311654567718506|recall:0.607171356678009|
mdd/test-|step:1335|loss:23.051738739013672|per:16.75287628173828|corr_diag_pct:0.5485245585441589|err_diag_pct:0.2859199047088623|f1_score:0.46369072794914246|precision:0.44733795523643494|recall:0.5522440671920776|
mdd/train-|step:1424|loss:10.963770866394043|
mdd/dev-|step:1424|loss:24.19691276550293|per:17.12828254699707|corr_diag_pct:0.601372480392456|err_diag_pct:0.23877625167369843|f1_score:0.4616680145263672|precision:0.42690613865852356|recall:0.5802172422409058|
mdd/test-|step:1424|loss:23.842313766479492|per:16.97577667236328|corr_diag_pct:0.5482222437858582|err_diag_pct:0.28288888931274414|f1_score:0.4534303545951843|precision:0.43690168857574463|recall:0.5382025241851807|
mdd/train-|step:1513|loss:10.401905059814453|
mdd/dev-|step:1513|loss:24.31462287902832|per:16.778240203857422|corr_diag_pct:0.6101060509681702|err_diag_pct:0.23376010358333588|f1_score:0.47513601183891296|precision:0.424674928188324|recall:0.6091781258583069|
mdd/test-|step:1513|loss:23.87413787841797|per:17.014394760131836|corr_diag_pct:0.5597338080406189|err_diag_pct:0.2780439257621765|f1_score:0.460517942905426|precision:0.4410085082054138|recall:0.5542317628860474|
mdd/train-|step:1602|loss:9.649571418762207|
mdd/dev-|step:1602|loss:24.79375648498535|per:16.88532066345215|corr_diag_pct:0.625196635723114|err_diag_pct:0.2223869413137436|f1_score:0.47319909930229187|precision:0.4298896789550781|recall:0.6058042049407959|
mdd/test-|step:1602|loss:24.358049392700195|per:16.86318588256836|corr_diag_pct:0.5610687732696533|err_diag_pct:0.2689312696456909|f1_score:0.45823806524276733|precision:0.44153085350990295|recall:0.5451387763023376|
mdd/train-|step:1691|loss:9.325591087341309|
mdd/dev-|step:1691|loss:25.255756378173828|per:16.8710994720459|corr_diag_pct:0.6071022748947144|err_diag_pct:0.229328915476799|f1_score:0.4738750755786896|precision:0.4287930130958557|recall:0.6075984239578247|
mdd/test-|step:1691|loss:24.757413864135742|per:16.849515914916992|corr_diag_pct:0.5553954243659973|err_diag_pct:0.2768268287181854|f1_score:0.45824822783470154|precision:0.44499722123146057|recall:0.5446128249168396|
mdd/train-|step:1780|loss:8.792999267578125|
mdd/dev-|step:1780|loss:26.131603240966797|per:16.744693756103516|corr_diag_pct:0.6107369661331177|err_diag_pct:0.23312920331954956|f1_score:0.4797820448875427|precision:0.4375017583370209|recall:0.6114194989204407|
mdd/test-|step:1780|loss:25.517114639282227|per:16.808717727661133|corr_diag_pct:0.5581431984901428|err_diag_pct:0.2829678952693939|f1_score:0.46661248803138733|precision:0.4459369480609894|recall:0.5597454309463501|
mdd/test-|step:0|loss:25.517114639282227|per:16.808717727661133|corr_diag_pct:0.5581431984901428|err_diag_pct:0.2829678952693939|f1_score:0.46661248803138733|precision:0.4459369480609894|recall:0.5597454309463501|insertions:682.0|deletions:1083.0|substitutions:3492.0|num_ref_tokens:31187.0|tp:2685.0|fp:2893.0|tn:24902.0|fn:1494.0|global-precision:0.4813553244890642|global-recall:0.6424982053122756|global-f1-score:0.5503740903966382|global-per:0.1685638246705358|
mdd/dev-|step:0|loss:26.131603240966797|per:16.744693756103516|corr_diag_pct:0.6107369661331177|err_diag_pct:0.23312920331954956|f1_score:0.4797820448875427|precision:0.4375017583370209|recall:0.6114194989204407|insertions:222.0|deletions:363.0|substitutions:1009.0|num_ref_tokens:9385.0|tp:886.0|fp:943.0|tn:7419.0|fn:379.0|global-precision:0.48441771459814104|global-recall:0.700395256916996|global-f1-score:0.572721396250808|global-per:0.16984549813532232|
