mdd/train-|step:89|loss:193.4038848876953|
mdd/dev-|step:89|loss:123.07575988769531|per:100.0|corr_diag_pct:0.025146087631583214|err_diag_pct:0.9153743982315063|f1_score:0.21506710350513458|precision:0.12577539682388306|recall:0.9164858460426331|
mdd/test-|step:89|loss:121.44097137451172|per:100.0|corr_diag_pct:0.03659842908382416|err_diag_pct:0.9211793541908264|f1_score:0.22310425341129303|precision:0.13086216151714325|recall:0.9471685886383057|
mdd/train-|step:178|loss:121.7254867553711|
mdd/dev-|step:178|loss:121.9919662475586|per:100.0|corr_diag_pct:0.025146087631583214|err_diag_pct:0.9153743982315063|f1_score:0.21506710350513458|precision:0.12577539682388306|recall:0.9164858460426331|
mdd/test-|step:178|loss:120.67957305908203|per:100.0|corr_diag_pct:0.03659842908382416|err_diag_pct:0.9211793541908264|f1_score:0.22310425341129303|precision:0.13086216151714325|recall:0.9471685886383057|
mdd/train-|step:267|loss:120.74919891357422|
mdd/dev-|step:267|loss:114.96610260009766|per:100.0|corr_diag_pct:0.025146087631583214|err_diag_pct:0.9153743982315063|f1_score:0.21506710350513458|precision:0.12577539682388306|recall:0.9164858460426331|
mdd/test-|step:267|loss:114.03135681152344|per:100.0|corr_diag_pct:0.03659842908382416|err_diag_pct:0.9211793541908264|f1_score:0.22310425341129303|precision:0.13086216151714325|recall:0.9471685886383057|
mdd/train-|step:356|loss:101.1920394897461|
mdd/dev-|step:356|loss:75.86888885498047|per:85.80448913574219|corr_diag_pct:0.21207314729690552|err_diag_pct:0.7321648001670837|f1_score:0.24105137586593628|precision:0.14353619515895844|recall:0.9199289679527283|
mdd/test-|step:356|loss:75.73271179199219|per:84.48989868164062|corr_diag_pct:0.23607425391674042|err_diag_pct:0.7217034697532654|f1_score:0.248836487531662|precision:0.1485562026500702|recall:0.9461098909378052|
mdd/train-|step:445|loss:67.61184692382812|
mdd/dev-|step:445|loss:46.56097412109375|per:46.998023986816406|corr_diag_pct:0.39593732357025146|err_diag_pct:0.5408656597137451|f1_score:0.3562298119068146|precision:0.23685622215270996|recall:0.8590448498725891|
mdd/test-|step:445|loss:45.13324737548828|per:46.40287399291992|corr_diag_pct:0.39277321100234985|err_diag_pct:0.5538934469223022|f1_score:0.35844647884368896|precision:0.2376028150320053|recall:0.8722599148750305|
mdd/train-|step:534|loss:49.606258392333984|
mdd/dev-|step:534|loss:35.48683547973633|per:32.61811447143555|corr_diag_pct:0.44492626190185547|err_diag_pct:0.4547019898891449|f1_score:0.4065082371234894|precision:0.29623180627822876|recall:0.7529284358024597|
mdd/test-|step:534|loss:34.31667709350586|per:32.42930221557617|corr_diag_pct:0.43446195125579834|err_diag_pct:0.4966491758823395|f1_score:0.4170193672180176|precision:0.30131325125694275|recall:0.7831041812896729|
mdd/train-|step:623|loss:41.51693344116211|
mdd/dev-|step:623|loss:31.007369995117188|per:27.547107696533203|corr_diag_pct:0.4662199318408966|err_diag_pct:0.4185384511947632|f1_score:0.42667463421821594|precision:0.3275035321712494|recall:0.7077913284301758|
mdd/test-|step:623|loss:29.932960510253906|per:27.077919006347656|corr_diag_pct:0.4493587017059326|err_diag_pct:0.46397465467453003|f1_score:0.4383498728275299|precision:0.3381600081920624|recall:0.7185189723968506|
mdd/train-|step:712|loss:36.802406311035156|
mdd/dev-|step:712|loss:28.201093673706055|per:24.890911102294922|corr_diag_pct:0.4703141450881958|err_diag_pct:0.3995743691921234|f1_score:0.43864691257476807|precision:0.3478495478630066|recall:0.6806104779243469|
mdd/test-|step:712|loss:27.082927703857422|per:24.203821182250977|corr_diag_pct:0.467140257358551|err_diag_pct:0.4250819683074951|f1_score:0.44856327772140503|precision:0.3635460436344147|recall:0.6718695163726807|
mdd/train-|step:801|loss:33.381465911865234|
mdd/dev-|step:801|loss:26.315380096435547|per:22.313833236694336|corr_diag_pct:0.4861556887626648|err_diag_pct:0.3725803792476654|f1_score:0.44513317942619324|precision:0.36726054549217224|recall:0.6475349068641663|
mdd/test-|step:801|loss:25.42436981201172|per:21.971240997314453|corr_diag_pct:0.48215675354003906|err_diag_pct:0.3978433609008789|f1_score:0.45371371507644653|precision:0.38698509335517883|recall:0.6319075226783752|
mdd/train-|step:890|loss:31.128854751586914|
mdd/dev-|step:890|loss:25.372241973876953|per:21.938833236694336|corr_diag_pct:0.482877254486084|err_diag_pct:0.37957632541656494|f1_score:0.4526301324367523|precision:0.3766181468963623|recall:0.6482153534889221|
mdd/test-|step:890|loss:23.939977645874023|per:21.09365463256836|corr_diag_pct:0.4776259958744049|err_diag_pct:0.3879295587539673|f1_score:0.45343008637428284|precision:0.39314985275268555|recall:0.6145262718200684|
mdd/train-|step:979|loss:28.382543563842773|
mdd/dev-|step:979|loss:24.08139991760254|per:19.705467224121094|corr_diag_pct:0.5175952315330505|err_diag_pct:0.333705872297287|f1_score:0.4579070508480072|precision:0.3977891206741333|recall:0.617192268371582|
mdd/test-|step:979|loss:22.89980697631836|per:19.211130142211914|corr_diag_pct:0.48265746235847473|err_diag_pct:0.358453631401062|f1_score:0.4511604905128479|precision:0.41223257780075073|recall:0.5652920603752136|
mdd/train-|step:1068|loss:26.87126350402832|
mdd/dev-|step:1068|loss:23.40573501586914|per:18.851795196533203|corr_diag_pct:0.5425384044647217|err_diag_pct:0.3199150860309601|f1_score:0.4792114496231079|precision:0.41508176922798157|recall:0.64296954870224|
mdd/test-|step:1068|loss:22.383588790893555|per:18.583215713500977|corr_diag_pct:0.5274937748908997|err_diag_pct:0.325839638710022|f1_score:0.46473008394241333|precision:0.42585253715515137|recall:0.5831132531166077|
mdd/train-|step:1157|loss:25.177196502685547|
mdd/dev-|step:1157|loss:23.057445526123047|per:17.988758087158203|corr_diag_pct:0.5571309924125671|err_diag_pct:0.2978876531124115|f1_score:0.47449856996536255|precision:0.4204421937465668|recall:0.625164270401001|
mdd/test-|step:1157|loss:21.709733963012695|per:17.675945281982422|corr_diag_pct:0.532487154006958|err_diag_pct:0.31417950987815857|f1_score:0.46554532647132874|precision:0.43975862860679626|recall:0.5647751092910767|
mdd/train-|step:1246|loss:24.022483825683594|
mdd/dev-|step:1246|loss:22.581708908081055|per:17.608598709106445|corr_diag_pct:0.5563681721687317|err_diag_pct:0.2912154495716095|f1_score:0.47831299901008606|precision:0.4304516017436981|recall:0.619745671749115|
mdd/test-|step:1246|loss:21.24197006225586|per:17.432453155517578|corr_diag_pct:0.5305953025817871|err_diag_pct:0.3149602711200714|f1_score:0.46510225534439087|precision:0.44258132576942444|recall:0.5589538216590881|
mdd/train-|step:1335|loss:22.776674270629883|
mdd/dev-|step:1335|loss:22.22260093688965|per:17.896902084350586|corr_diag_pct:0.5345809459686279|err_diag_pct:0.301850289106369|f1_score:0.4733171761035919|precision:0.4188638925552368|recall:0.6155552268028259|
mdd/test-|step:1335|loss:20.870481491088867|per:17.592065811157227|corr_diag_pct:0.5171145796775818|err_diag_pct:0.3295521140098572|f1_score:0.467740923166275|precision:0.4404970705509186|recall:0.567714273929596|
mdd/train-|step:1424|loss:22.04357147216797|
mdd/dev-|step:1424|loss:22.183368682861328|per:18.038705825805664|corr_diag_pct:0.5483399629592896|err_diag_pct:0.2955261766910553|f1_score:0.4712604880332947|precision:0.4135114252567291|recall:0.6230703592300415|
mdd/test-|step:1424|loss:20.58848762512207|per:17.118389129638672|corr_diag_pct:0.5409771800041199|err_diag_pct:0.29791170358657837|f1_score:0.4659017026424408|precision:0.4474188983440399|recall:0.5524565577507019|
mdd/train-|step:1513|loss:20.912355422973633|
mdd/dev-|step:1513|loss:21.94822883605957|per:17.919462203979492|corr_diag_pct:0.537444531917572|err_diag_pct:0.3027041554450989|f1_score:0.4701014459133148|precision:0.41596144437789917|recall:0.6088428497314453|
mdd/test-|step:1513|loss:20.32184600830078|per:17.368436813354492|corr_diag_pct:0.486348956823349|err_diag_pct:0.34142884612083435|f1_score:0.4558420777320862|precision:0.4431214928627014|recall:0.5347617864608765|
mdd/train-|step:1602|loss:20.100971221923828|
mdd/dev-|step:1602|loss:21.81315803527832|per:17.615291595458984|corr_diag_pct:0.5717023611068726|err_diag_pct:0.2684463560581207|f1_score:0.47432491183280945|precision:0.4161381125450134|recall:0.6212915778160095|
mdd/test-|step:1602|loss:20.19968605041504|per:16.936506271362305|corr_diag_pct:0.5562978982925415|err_diag_pct:0.29259100556373596|f1_score:0.4739474952220917|precision:0.4540557265281677|recall:0.5664610862731934|
mdd/train-|step:1691|loss:19.490766525268555|
mdd/dev-|step:1691|loss:21.647136688232422|per:17.044723510742188|corr_diag_pct:0.5822345614433289|err_diag_pct:0.26534906029701233|f1_score:0.4829603135585785|precision:0.4303343594074249|recall:0.623947024345398|
mdd/test-|step:1691|loss:20.004756927490234|per:16.39065170288086|corr_diag_pct:0.5592519044876099|err_diag_pct:0.2818591892719269|f1_score:0.47226956486701965|precision:0.46103325486183167|recall:0.5530490279197693|
mdd/train-|step:1780|loss:18.60126495361328|
mdd/dev-|step:1780|loss:21.721038818359375|per:17.110639572143555|corr_diag_pct:0.5558438301086426|err_diag_pct:0.265717476606369|f1_score:0.46159711480140686|precision:0.41617530584335327|recall:0.5890705585479736|
mdd/test-|step:1780|loss:20.23077964782715|per:16.640962600708008|corr_diag_pct:0.5395419001579285|err_diag_pct:0.2926802933216095|f1_score:0.4535779356956482|precision:0.44948771595954895|recall:0.5246987342834473|
mdd/test-|step:0|loss:20.23077964782715|per:16.640962600708008|corr_diag_pct:0.5395419001579285|err_diag_pct:0.2926802933216095|f1_score:0.4535779356956482|precision:0.44948771595954895|recall:0.5246987342834473|insertions:528.0|deletions:1207.0|substitutions:3461.0|num_ref_tokens:31187.0|tp:2538.0|fp:2672.0|tn:24986.0|fn:1643.0|global-precision:0.4871401151631478|global-recall:0.6070318105716336|global-f1-score:0.5405175167713767|global-per:0.16660788148908198|
mdd/dev-|step:0|loss:21.721038818359375|per:17.110639572143555|corr_diag_pct:0.5558438301086426|err_diag_pct:0.265717476606369|f1_score:0.46159711480140686|precision:0.41617530584335327|recall:0.5890705585479736|insertions:177.0|deletions:429.0|substitutions:1022.0|num_ref_tokens:9385.0|tp:850.0|fp:914.0|tn:7402.0|fn:415.0|global-precision:0.481859410430839|global-recall:0.6719367588932806|global-f1-score:0.5612413337735226|global-per:0.17346830047948855|
