mdd/train-|step:89|loss:192.80252075195312|
mdd/dev-|step:89|loss:122.90848541259766|per:100.0|corr_diag_pct:0.025146083906292915|err_diag_pct:0.9153743386268616|f1_score:0.21506710350513458|precision:0.12577541172504425|recall:0.9164858460426331|
mdd/test-|step:89|loss:121.1634521484375|per:100.0|corr_diag_pct:0.03659842908382416|err_diag_pct:0.9211793541908264|f1_score:0.22310425341129303|precision:0.13086216151714325|recall:0.9471686482429504|
mdd/train-|step:178|loss:120.67532348632812|
mdd/dev-|step:178|loss:120.9905014038086|per:100.0|corr_diag_pct:0.025146083906292915|err_diag_pct:0.9153743386268616|f1_score:0.21506710350513458|precision:0.12577541172504425|recall:0.9164858460426331|
mdd/test-|step:178|loss:120.36890411376953|per:100.0|corr_diag_pct:0.03659842908382416|err_diag_pct:0.9211793541908264|f1_score:0.22310425341129303|precision:0.13086216151714325|recall:0.9471686482429504|
mdd/train-|step:267|loss:108.53660583496094|
mdd/dev-|step:267|loss:94.0523910522461|per:97.13300323486328|corr_diag_pct:0.12861286103725433|err_diag_pct:0.8119075894355774|f1_score:0.21826957166194916|precision:0.1279125213623047|recall:0.9171674251556396|
mdd/test-|step:267|loss:94.87789916992188|per:97.13261413574219|corr_diag_pct:0.1065739169716835|err_diag_pct:0.8512038588523865|f1_score:0.2267838567495346|precision:0.13329431414604187|recall:0.9479865431785583|
mdd/train-|step:356|loss:87.01317596435547|
mdd/dev-|step:356|loss:62.47965621948242|per:73.92443084716797|corr_diag_pct:0.29027488827705383|err_diag_pct:0.6502455472946167|f1_score:0.26639291644096375|precision:0.162323996424675|recall:0.9046605825424194|
mdd/test-|step:356|loss:62.207420349121094|per:73.85781860351562|corr_diag_pct:0.303573876619339|err_diag_pct:0.6542039513587952|f1_score:0.27260342240333557|precision:0.1659012883901596|recall:0.9363084435462952|
mdd/train-|step:445|loss:69.87850189208984|
mdd/dev-|step:445|loss:46.37451171875|per:49.38534927368164|corr_diag_pct:0.3692167401313782|err_diag_pct:0.5564337968826294|f1_score:0.3396886885166168|precision:0.22314204275608063|recall:0.8465670347213745|
mdd/test-|step:445|loss:45.39216995239258|per:49.840354919433594|corr_diag_pct:0.3751891553401947|err_diag_pct:0.571477472782135|f1_score:0.341853529214859|precision:0.22307352721691132|recall:0.8741104006767273|
mdd/train-|step:534|loss:59.112457275390625|
mdd/dev-|step:534|loss:37.694793701171875|per:36.744571685791016|corr_diag_pct:0.40989235043525696|err_diag_pct:0.4971708357334137|f1_score:0.39172664284706116|precision:0.2752685248851776|recall:0.7941670417785645|
mdd/test-|step:534|loss:36.71316909790039|per:35.9359016418457|corr_diag_pct:0.4217531085014343|err_diag_pct:0.5126913189888|f1_score:0.3992632031440735|precision:0.2806467115879059|recall:0.8050732016563416|
mdd/train-|step:623|loss:52.19149398803711|
mdd/dev-|step:623|loss:32.61549377441406|per:31.03150749206543|corr_diag_pct:0.43830984830856323|err_diag_pct:0.4576009511947632|f1_score:0.4097718298435211|precision:0.3005538284778595|recall:0.7416010499000549|
mdd/test-|step:623|loss:31.621644973754883|per:30.02046012878418|corr_diag_pct:0.4483908414840698|err_diag_pct:0.46494248509407043|f1_score:0.4153708219528198|precision:0.3091018795967102|recall:0.7311705350875854|
mdd/train-|step:712|loss:48.080440521240234|
mdd/dev-|step:712|loss:29.96839714050293|per:27.087923049926758|corr_diag_pct:0.4676225185394287|err_diag_pct:0.4097009301185608|f1_score:0.4266059994697571|precision:0.32712483406066895|recall:0.7017097473144531|
mdd/test-|step:712|loss:28.956884384155273|per:26.93752670288086|corr_diag_pct:0.47603797912597656|err_diag_pct:0.42951759696006775|f1_score:0.43327459692955017|precision:0.3352486491203308|recall:0.7072080969810486|
mdd/train-|step:801|loss:44.10915756225586|
mdd/dev-|step:801|loss:27.812477111816406|per:23.837482452392578|corr_diag_pct:0.4991298019886017|err_diag_pct:0.36332374811172485|f1_score:0.42998263239860535|precision:0.3474346101284027|recall:0.6454944610595703|
mdd/test-|step:801|loss:26.411134719848633|per:23.08500862121582|corr_diag_pct:0.4850126802921295|err_diag_pct:0.39387616515159607|f1_score:0.44628652930259705|precision:0.37149524688720703|recall:0.643250584602356|
mdd/train-|step:890|loss:41.05512237548828|
mdd/dev-|step:890|loss:26.321996688842773|per:22.943279266357422|corr_diag_pct:0.47817322611808777|err_diag_pct:0.36941036581993103|f1_score:0.4321519434452057|precision:0.35410478711128235|recall:0.6325711011886597|
mdd/test-|step:890|loss:25.152589797973633|per:22.589984893798828|corr_diag_pct:0.48617544770240784|err_diag_pct:0.3927134573459625|f1_score:0.4463728070259094|precision:0.3754085600376129|recall:0.6330335140228271|
mdd/train-|step:979|loss:39.87449645996094|
mdd/dev-|step:979|loss:25.443849563598633|per:21.32425308227539|corr_diag_pct:0.5075271129608154|err_diag_pct:0.34749144315719604|f1_score:0.44673845171928406|precision:0.37244972586631775|recall:0.6332314610481262|
mdd/test-|step:979|loss:24.202651977539062|per:20.557872772216797|corr_diag_pct:0.506161630153656|err_diag_pct:0.3593939244747162|f1_score:0.45451846718788147|precision:0.40011680126190186|recall:0.6077951788902283|
mdd/train-|step:1068|loss:38.156742095947266|
mdd/dev-|step:1068|loss:24.54685401916504|per:20.870323181152344|corr_diag_pct:0.5207359790802002|err_diag_pct:0.3380001485347748|f1_score:0.4485778510570526|precision:0.3768410384654999|recall:0.6309558153152466|
mdd/test-|step:1068|loss:23.361848831176758|per:20.266151428222656|corr_diag_pct:0.508741021156311|err_diag_pct:0.3601479232311249|f1_score:0.4607820212841034|precision:0.40577325224876404|recall:0.6114608645439148|
mdd/train-|step:1157|loss:36.83110809326172|
mdd/dev-|step:1157|loss:24.288583755493164|per:20.620012283325195|corr_diag_pct:0.5150428414344788|err_diag_pct:0.33625826239585876|f1_score:0.4479137361049652|precision:0.3808363080024719|recall:0.6200113296508789|
mdd/test-|step:1157|loss:23.043373107910156|per:19.832979202270508|corr_diag_pct:0.5024114847183228|err_diag_pct:0.3531440496444702|f1_score:0.45472049713134766|precision:0.4068339169025421|recall:0.5915244817733765|
mdd/train-|step:1246|loss:34.28731155395508|
mdd/dev-|step:1246|loss:23.962194442749023|per:19.624574661254883|corr_diag_pct:0.544832706451416|err_diag_pct:0.3213382959365845|f1_score:0.4594312012195587|precision:0.39784422516822815|recall:0.6231788396835327|
mdd/test-|step:1246|loss:22.468687057495117|per:18.97298240661621|corr_diag_pct:0.5352464914321899|err_diag_pct:0.3225313425064087|f1_score:0.4607720375061035|precision:0.4172881543636322|recall:0.5866560935974121|
mdd/train-|step:1335|loss:33.41532897949219|
mdd/dev-|step:1335|loss:23.247547149658203|per:19.400644302368164|corr_diag_pct:0.5444169640541077|err_diag_pct:0.3106016218662262|f1_score:0.45329633355140686|precision:0.39986687898635864|recall:0.6071405410766602|
mdd/test-|step:1335|loss:21.9028377532959|per:18.299476623535156|corr_diag_pct:0.5208991765975952|err_diag_pct:0.3291008174419403|f1_score:0.45832863450050354|precision:0.43046846985816956|recall:0.565502405166626|
mdd/train-|step:1424|loss:33.29069137573242|
mdd/dev-|step:1424|loss:22.74207305908203|per:18.70448875427246|corr_diag_pct:0.5456395745277405|err_diag_pct:0.3019441068172455|f1_score:0.46230989694595337|precision:0.4103108048439026|recall:0.6070756912231445|
mdd/test-|step:1424|loss:21.48624610900879|per:18.02089500427246|corr_diag_pct:0.5342231392860413|err_diag_pct:0.31355464458465576|f1_score:0.4607514441013336|precision:0.4343763291835785|recall:0.560957670211792|
mdd/train-|step:1513|loss:32.04895782470703|
mdd/dev-|step:1513|loss:22.523170471191406|per:18.725841522216797|corr_diag_pct:0.5458175539970398|err_diag_pct:0.29804855585098267|f1_score:0.4641132056713104|precision:0.40432292222976685|recall:0.6174402832984924|
mdd/test-|step:1513|loss:21.25813865661621|per:17.94579315185547|corr_diag_pct:0.5339484810829163|err_diag_pct:0.319384902715683|f1_score:0.46611323952674866|precision:0.43899068236351013|recall:0.5696651339530945|
mdd/train-|step:1602|loss:30.815343856811523|
mdd/dev-|step:1602|loss:22.35300636291504|per:18.825725555419922|corr_diag_pct:0.5422573685646057|err_diag_pct:0.31276118755340576|f1_score:0.47103258967399597|precision:0.4133608341217041|recall:0.6257566213607788|
mdd/test-|step:1602|loss:20.988704681396484|per:18.26755142211914|corr_diag_pct:0.5245333313941956|err_diag_pct:0.3287999927997589|f1_score:0.4684518873691559|precision:0.4336519241333008|recall:0.5801975727081299|
mdd/train-|step:1691|loss:30.840524673461914|
mdd/dev-|step:1691|loss:21.775714874267578|per:18.432069778442383|corr_diag_pct:0.5444760322570801|err_diag_pct:0.2993900775909424|f1_score:0.45961588621139526|precision:0.4076617956161499|recall:0.6037476062774658|
mdd/test-|step:1691|loss:20.811206817626953|per:17.719690322875977|corr_diag_pct:0.5253118872642517|err_diag_pct:0.3169103264808655|f1_score:0.4627667963504791|precision:0.4411085247993469|recall:0.5565363764762878|
mdd/train-|step:1780|loss:30.37051773071289|
mdd/dev-|step:1780|loss:21.599361419677734|per:17.958274841308594|corr_diag_pct:0.5602787733078003|err_diag_pct:0.2798698842525482|f1_score:0.45803990960121155|precision:0.40723326802253723|recall:0.5997393727302551|
mdd/test-|step:1780|loss:20.586503982543945|per:17.28170394897461|corr_diag_pct:0.5465990304946899|err_diag_pct:0.29117876291275024|f1_score:0.4599156379699707|precision:0.4425090253353119|recall:0.5455106496810913|
mdd/test-|step:0|loss:20.586503982543945|per:17.28170394897461|corr_diag_pct:0.5465990304946899|err_diag_pct:0.29117876291275024|f1_score:0.4599156379699707|precision:0.4425090253353119|recall:0.5455106496810913|insertions:478.0|deletions:1517.0|substitutions:3417.0|num_ref_tokens:31187.0|tp:2608.0|fp:2929.0|tn:24677.0|fn:1574.0|global-precision:0.4710131840346758|global-recall:0.6236250597800096|global-f1-score:0.5366807284700073|global-per:0.17353384422996762|
mdd/dev-|step:0|loss:21.599361419677734|per:17.958274841308594|corr_diag_pct:0.5602787733078003|err_diag_pct:0.2798698842525482|f1_score:0.45803990960121155|precision:0.40723326802253723|recall:0.5997393727302551|insertions:155.0|deletions:534.0|substitutions:1038.0|num_ref_tokens:9385.0|tp:855.0|fp:1023.0|tn:7271.0|fn:410.0|global-precision:0.45527156549520764|global-recall:0.6758893280632411|global-f1-score:0.544066178810054|global-per:0.1840170484816196|
