mdd/train-|step:89|loss:185.6842803955078|
mdd/dev-|step:89|loss:120.0724105834961|per:100.0|corr_diag_pct:0.025146083906292915|err_diag_pct:0.9153743386268616|f1_score:0.21506710350513458|precision:0.12577541172504425|recall:0.9164858460426331|
mdd/test-|step:89|loss:118.61619567871094|per:100.0|corr_diag_pct:0.03659842908382416|err_diag_pct:0.9211793541908264|f1_score:0.22310425341129303|precision:0.13086216151714325|recall:0.9471686482429504|
mdd/train-|step:178|loss:91.56765747070312|
mdd/dev-|step:178|loss:53.24855422973633|per:54.681514739990234|corr_diag_pct:0.33834362030029297|err_diag_pct:0.6058942675590515|f1_score:0.3296809494495392|precision:0.2119581699371338|recall:0.8932198286056519|
mdd/test-|step:178|loss:52.57791519165039|per:54.482177734375|corr_diag_pct:0.3535408675670624|err_diag_pct:0.5986813902854919|f1_score:0.3309330940246582|precision:0.2125280201435089|recall:0.9049587845802307|
mdd/train-|step:267|loss:46.292266845703125|
mdd/dev-|step:267|loss:35.22959518432617|per:34.72529983520508|corr_diag_pct:0.3952708840370178|err_diag_pct:0.4932050108909607|f1_score:0.398021936416626|precision:0.28515613079071045|recall:0.760615348815918|
mdd/test-|step:267|loss:35.48443603515625|per:34.763946533203125|corr_diag_pct:0.38048651814460754|err_diag_pct:0.5428467392921448|f1_score:0.39912959933280945|precision:0.2858613431453705|recall:0.7695680260658264|
mdd/train-|step:356|loss:35.26104736328125|
mdd/dev-|step:356|loss:29.44350814819336|per:26.03547477722168|corr_diag_pct:0.44395822286605835|err_diag_pct:0.4184953570365906|f1_score:0.430317759513855|precision:0.3326903283596039|recall:0.6843910217285156|
mdd/test-|step:356|loss:29.681583404541016|per:26.38772201538086|corr_diag_pct:0.43504390120506287|err_diag_pct:0.464956134557724|f1_score:0.4377940893173218|precision:0.34255582094192505|recall:0.6954978704452515|
mdd/train-|step:445|loss:30.131216049194336|
mdd/dev-|step:445|loss:26.91523551940918|per:23.25616455078125|corr_diag_pct:0.45797640085220337|err_diag_pct:0.39332473278045654|f1_score:0.44359734654426575|precision:0.3575534522533417|recall:0.6563575267791748|
mdd/test-|step:445|loss:26.566120147705078|per:22.76590347290039|corr_diag_pct:0.455995112657547|err_diag_pct:0.4395604431629181|f1_score:0.46344026923179626|precision:0.3875177204608917|recall:0.6644772887229919|
mdd/train-|step:534|loss:26.80088233947754|
mdd/dev-|step:534|loss:25.19205093383789|per:20.26099967956543|corr_diag_pct:0.49000856280326843|err_diag_pct:0.36872753500938416|f1_score:0.4596661329269409|precision:0.3906034231185913|recall:0.6316642165184021|
mdd/test-|step:534|loss:25.040719985961914|per:20.293500900268555|corr_diag_pct:0.4746740162372589|err_diag_pct:0.40421488881111145|f1_score:0.46955034136772156|precision:0.4143706262111664|recall:0.619745135307312|
mdd/train-|step:623|loss:24.707738876342773|
mdd/dev-|step:623|loss:24.0916748046875|per:19.45503044128418|corr_diag_pct:0.49479392170906067|err_diag_pct:0.34163734316825867|f1_score:0.4513987600803375|precision:0.392182856798172|recall:0.6014994382858276|
mdd/test-|step:623|loss:23.82624626159668|per:19.42168426513672|corr_diag_pct:0.45291242003440857|err_diag_pct:0.39486536383628845|f1_score:0.45003917813301086|precision:0.41590142250061035|recall:0.5647277235984802|
mdd/train-|step:712|loss:22.988460540771484|
mdd/dev-|step:712|loss:23.325136184692383|per:18.687652587890625|corr_diag_pct:0.542808473110199|err_diag_pct:0.30849263072013855|f1_score:0.46832937002182007|precision:0.40322649478912354|recall:0.6304507255554199|
mdd/test-|step:712|loss:22.8878173828125|per:18.20608901977539|corr_diag_pct:0.5324034690856934|err_diag_pct:0.33870765566825867|f1_score:0.48278430104255676|precision:0.4410916268825531|recall:0.6092166304588318|
mdd/train-|step:801|loss:21.553447723388672|
mdd/dev-|step:801|loss:22.726421356201172|per:17.917593002319336|corr_diag_pct:0.5360167622566223|err_diag_pct:0.3078494369983673|f1_score:0.4611300230026245|precision:0.41053536534309387|recall:0.5969337821006775|
mdd/test-|step:801|loss:22.26844024658203|per:17.67510414123535|corr_diag_pct:0.4955002963542938|err_diag_pct:0.34227749705314636|f1_score:0.456236869096756|precision:0.43689393997192383|recall:0.547872006893158|
mdd/train-|step:890|loss:20.420469284057617|
mdd/dev-|step:890|loss:22.16001319885254|per:17.733455657958984|corr_diag_pct:0.5358198285102844|err_diag_pct:0.30432888865470886|f1_score:0.46070024371147156|precision:0.41123321652412415|recall:0.5950264930725098|
mdd/test-|step:890|loss:21.89327621459961|per:17.221874237060547|corr_diag_pct:0.5147783756256104|err_diag_pct:0.3285549581050873|f1_score:0.4655783176422119|precision:0.45195940136909485|recall:0.5531737208366394|
mdd/train-|step:979|loss:19.40057373046875|
mdd/dev-|step:979|loss:22.200284957885742|per:17.42401885986328|corr_diag_pct:0.5760387778282166|err_diag_pct:0.2678273022174835|f1_score:0.4700731039047241|precision:0.4169520139694214|recall:0.6089456677436829|
mdd/test-|step:979|loss:21.840234756469727|per:16.97390365600586|corr_diag_pct:0.5557898283004761|err_diag_pct:0.2864323854446411|f1_score:0.4672010540962219|precision:0.44914156198501587|recall:0.5596351027488708|
mdd/train-|step:1068|loss:18.547534942626953|
mdd/dev-|step:1068|loss:21.481021881103516|per:17.19307518005371|corr_diag_pct:0.5611997842788696|err_diag_pct:0.27151399850845337|f1_score:0.4667789936065674|precision:0.42123496532440186|recall:0.589952826499939|
mdd/test-|step:1068|loss:21.276187896728516|per:16.73020362854004|corr_diag_pct:0.5276535153388977|err_diag_pct:0.3156798183917999|f1_score:0.4761405289173126|precision:0.458784818649292|recall:0.5651800036430359|
mdd/train-|step:1157|loss:17.793136596679688|
mdd/dev-|step:1157|loss:21.32175064086914|per:17.0165958404541|corr_diag_pct:0.5592895746231079|err_diag_pct:0.2845766544342041|f1_score:0.47777679562568665|precision:0.43300387263298035|recall:0.606377363204956|
mdd/test-|step:1157|loss:21.077274322509766|per:16.950225830078125|corr_diag_pct:0.529241681098938|err_diag_pct:0.30742496252059937|f1_score:0.46329379081726074|precision:0.4498288929462433|recall:0.5497050881385803|
mdd/train-|step:1246|loss:17.152257919311523|
mdd/dev-|step:1246|loss:21.660789489746094|per:17.506011962890625|corr_diag_pct:0.5562092065811157|err_diag_pct:0.28393954038619995|f1_score:0.46931588649749756|precision:0.4216013550758362|recall:0.6037743091583252|
mdd/test-|step:1246|loss:20.78538703918457|per:16.619482040405273|corr_diag_pct:0.5383598804473877|err_diag_pct:0.3016401529312134|f1_score:0.4740414619445801|precision:0.4622965455055237|recall:0.5587442517280579|
mdd/train-|step:1335|loss:16.418048858642578|
mdd/dev-|step:1335|loss:21.931699752807617|per:16.985042572021484|corr_diag_pct:0.5785185694694519|err_diag_pct:0.2690650224685669|f1_score:0.47419407963752747|precision:0.4289203882217407|recall:0.6045117378234863|
mdd/test-|step:1335|loss:21.134437561035156|per:16.608205795288086|corr_diag_pct:0.5520740151405334|err_diag_pct:0.2823704779148102|f1_score:0.46444258093833923|precision:0.4526233971118927|recall:0.5488079190254211|
mdd/train-|step:1424|loss:15.987242698669434|
mdd/dev-|step:1424|loss:21.505748748779297|per:16.839353561401367|corr_diag_pct:0.5739915370941162|err_diag_pct:0.26615720987319946|f1_score:0.4624129831790924|precision:0.4234892427921295|recall:0.5785611867904663|
mdd/test-|step:1424|loss:20.928966522216797|per:16.243968963623047|corr_diag_pct:0.5421209931373596|err_diag_pct:0.2845456898212433|f1_score:0.46046629548072815|precision:0.4568614661693573|recall:0.5318836569786072|
mdd/train-|step:1513|loss:15.394403457641602|
mdd/dev-|step:1513|loss:21.183324813842773|per:16.461130142211914|corr_diag_pct:0.5934758186340332|err_diag_pct:0.2466728687286377|f1_score:0.4707719683647156|precision:0.42943328619003296|recall:0.5897040963172913|
mdd/test-|step:1513|loss:20.837717056274414|per:16.421018600463867|corr_diag_pct:0.5485607981681824|err_diag_pct:0.28588366508483887|f1_score:0.4629937708377838|precision:0.45647040009498596|recall:0.5385403037071228|
mdd/train-|step:1602|loss:14.633221626281738|
mdd/dev-|step:1602|loss:21.328266143798828|per:16.374813079833984|corr_diag_pct:0.6011752486228943|err_diag_pct:0.23897351324558258|f1_score:0.47421717643737793|precision:0.4348452687263489|recall:0.5955596566200256|
mdd/test-|step:1602|loss:20.73749542236328|per:16.219079971313477|corr_diag_pct:0.5607866644859314|err_diag_pct:0.2769911289215088|f1_score:0.46981993317604065|precision:0.4624383747577667|recall:0.545009434223175|
mdd/train-|step:1691|loss:14.342673301696777|
mdd/dev-|step:1691|loss:21.36328125|per:16.563138961791992|corr_diag_pct:0.5919167995452881|err_diag_pct:0.2556668817996979|f1_score:0.47974079847335815|precision:0.440629780292511|recall:0.5999771952629089|
mdd/test-|step:1691|loss:20.81934928894043|per:16.295490264892578|corr_diag_pct:0.5577068328857422|err_diag_pct:0.27007097005844116|f1_score:0.4624475836753845|precision:0.4550582468509674|recall:0.5370312333106995|
mdd/train-|step:1780|loss:13.945039749145508|
mdd/dev-|step:1780|loss:21.61882972717285|per:16.570148468017578|corr_diag_pct:0.5688587427139282|err_diag_pct:0.24898509681224823|f1_score:0.46258261799812317|precision:0.42420631647109985|recall:0.5766251087188721|
mdd/test-|step:1780|loss:20.786365509033203|per:16.184114456176758|corr_diag_pct:0.5315794348716736|err_diag_pct:0.28953173756599426|f1_score:0.4592576324939728|precision:0.4572605490684509|recall:0.5286391973495483|
mdd/test-|step:0|loss:20.786365509033203|per:16.184114456176758|corr_diag_pct:0.5315794348716736|err_diag_pct:0.28953173756599426|f1_score:0.4592576324939728|precision:0.4572605490684509|recall:0.5286391973495483|insertions:556.0|deletions:1145.0|substitutions:3350.0|num_ref_tokens:31187.0|tp:2556.0|fp:2542.0|tn:25140.0|fn:1623.0|global-precision:0.5013730874852883|global-recall:0.6116295764536971|global-f1-score:0.551040206963458|global-per:0.16195850835283931|
mdd/dev-|step:0|loss:21.61882972717285|per:16.570148468017578|corr_diag_pct:0.5688587427139282|err_diag_pct:0.24898509681224823|f1_score:0.46258261799812317|precision:0.42420631647109985|recall:0.5766251087188721|insertions:171.0|deletions:423.0|substitutions:977.0|num_ref_tokens:9385.0|tp:849.0|fp:880.0|tn:7432.0|fn:417.0|global-precision:0.4910352805089647|global-recall:0.6706161137440758|global-f1-score:0.5669449081803005|global-per:0.16739477890250398|
