mdd/train-|step:89|loss:200.1261444091797|
mdd/dev-|step:89|loss:120.64230346679688|per:100.0|corr_diag_pct:0.025146083906292915|err_diag_pct:0.9153743386268616|f1_score:0.21506710350513458|precision:0.12577541172504425|recall:0.9164858460426331|
mdd/test-|step:89|loss:119.28639221191406|per:100.0|corr_diag_pct:0.03659842908382416|err_diag_pct:0.9211793541908264|f1_score:0.22310425341129303|precision:0.13086216151714325|recall:0.9471686482429504|
mdd/train-|step:178|loss:92.02352142333984|
mdd/dev-|step:178|loss:53.9322395324707|per:53.75443649291992|corr_diag_pct:0.3363207280635834|err_diag_pct:0.6079171895980835|f1_score:0.33362695574760437|precision:0.2156226933002472|recall:0.8876630663871765|
mdd/test-|step:178|loss:53.15940856933594|per:53.62777328491211|corr_diag_pct:0.3356987237930298|err_diag_pct:0.6187456846237183|f1_score:0.3360349237918854|precision:0.2165217101573944|recall:0.9070857763290405|
mdd/train-|step:267|loss:42.821537017822266|
mdd/dev-|step:267|loss:34.51130676269531|per:33.45145034790039|corr_diag_pct:0.4166194498538971|err_diag_pct:0.47929131984710693|f1_score:0.4030376970767975|precision:0.29090559482574463|recall:0.7594231963157654|
mdd/test-|step:267|loss:34.652809143066406|per:33.53915023803711|corr_diag_pct:0.3911656439304352|err_diag_pct:0.5299454927444458|f1_score:0.4071652591228485|precision:0.2951287627220154|recall:0.7643065452575684|
mdd/train-|step:356|loss:30.74253273010254|
mdd/dev-|step:356|loss:28.363222122192383|per:23.715675354003906|corr_diag_pct:0.4816489517688751|err_diag_pct:0.3882395327091217|f1_score:0.446129709482193|precision:0.35447409749031067|recall:0.675217866897583|
mdd/test-|step:356|loss:28.515684127807617|per:24.21938133239746|corr_diag_pct:0.45775726437568665|err_diag_pct:0.432242751121521|f1_score:0.4445268511772156|precision:0.3595845401287079|recall:0.6660833358764648|
mdd/train-|step:445|loss:25.332563400268555|
mdd/dev-|step:445|loss:25.94057846069336|per:21.305383682250977|corr_diag_pct:0.48977214097976685|err_diag_pct:0.365246444940567|f1_score:0.4626476764678955|precision:0.38300901651382446|recall:0.6530443429946899|
mdd/test-|step:445|loss:25.625818252563477|per:21.378950119018555|corr_diag_pct:0.47030776739120483|err_diag_pct:0.4085811376571655|f1_score:0.46284469962120056|precision:0.3994889557361603|recall:0.6348100900650024|
mdd/train-|step:534|loss:21.945018768310547|
mdd/dev-|step:534|loss:24.60904884338379|per:19.46139144897461|corr_diag_pct:0.4982167184352875|err_diag_pct:0.3530844748020172|f1_score:0.47008016705513|precision:0.40779200196266174|recall:0.6253783702850342|
mdd/test-|step:534|loss:24.21950912475586|per:19.18187141418457|corr_diag_pct:0.4927384555339813|err_diag_pct:0.3739282190799713|f1_score:0.46880289912223816|precision:0.42189767956733704|recall:0.6022919416427612|
mdd/train-|step:623|loss:19.92990493774414|
mdd/dev-|step:623|loss:23.908334732055664|per:18.769372940063477|corr_diag_pct:0.5111496448516846|err_diag_pct:0.33271655440330505|f1_score:0.46554499864578247|precision:0.41048914194107056|recall:0.6116043329238892|
mdd/test-|step:623|loss:23.238300323486328|per:18.80112648010254|corr_diag_pct:0.46347570419311523|err_diag_pct:0.37430205941200256|f1_score:0.4557238519191742|precision:0.4207797050476074|recall:0.5644247531890869|
mdd/train-|step:712|loss:18.28216552734375|
mdd/dev-|step:712|loss:23.849348068237305|per:17.890438079833984|corr_diag_pct:0.5543097853660583|err_diag_pct:0.3007087707519531|f1_score:0.4787624180316925|precision:0.42534956336021423|recall:0.622442364692688|
mdd/test-|step:712|loss:22.859994888305664|per:17.826902389526367|corr_diag_pct:0.5447098016738892|err_diag_pct:0.3186236023902893|f1_score:0.47640231251716614|precision:0.44320711493492126|recall:0.5919552445411682|
mdd/train-|step:801|loss:16.876691818237305|
mdd/dev-|step:801|loss:23.077661514282227|per:17.65712547302246|corr_diag_pct:0.5414047241210938|err_diag_pct:0.30989646911621094|f1_score:0.4777262508869171|precision:0.4304167330265045|recall:0.6149460673332214|
mdd/test-|step:801|loss:22.529600143432617|per:17.769847869873047|corr_diag_pct:0.49871453642845154|err_diag_pct:0.3401743769645691|f1_score:0.4579469859600067|precision:0.43580371141433716|recall:0.5538151264190674|
mdd/train-|step:890|loss:15.672389030456543|
mdd/dev-|step:890|loss:23.232032775878906|per:17.610870361328125|corr_diag_pct:0.5601285696029663|err_diag_pct:0.27630266547203064|f1_score:0.45884960889816284|precision:0.42367178201675415|recall:0.5799604058265686|
mdd/test-|step:890|loss:22.713945388793945|per:17.511730194091797|corr_diag_pct:0.5065935850143433|err_diag_pct:0.32785090804100037|f1_score:0.4532724916934967|precision:0.43515652418136597|recall:0.5461536645889282|
mdd/train-|step:979|loss:14.734129905700684|
mdd/dev-|step:979|loss:22.979183197021484|per:17.221036911010742|corr_diag_pct:0.5989887714385986|err_diag_pct:0.24115994572639465|f1_score:0.4709430932998657|precision:0.4175926744937897|recall:0.6105526685714722|
mdd/test-|step:979|loss:22.5537109375|per:17.200544357299805|corr_diag_pct:0.5647184252738953|err_diag_pct:0.2797259986400604|f1_score:0.4649609327316284|precision:0.4437539875507355|recall:0.5612624287605286|
mdd/train-|step:1068|loss:13.708806037902832|
mdd/dev-|step:1068|loss:23.000516891479492|per:17.13709259033203|corr_diag_pct:0.5982462763786316|err_diag_pct:0.24561990797519684|f1_score:0.4723837375640869|precision:0.42728951573371887|recall:0.5998234152793884|
mdd/test-|step:1068|loss:22.6796817779541|per:17.196088790893555|corr_diag_pct:0.5492773056030273|err_diag_pct:0.28850042819976807|f1_score:0.46565935015678406|precision:0.4420328140258789|recall:0.5632932782173157|
mdd/train-|step:1157|loss:12.952214241027832|
mdd/dev-|step:1157|loss:23.364585876464844|per:16.831764221191406|corr_diag_pct:0.5873785018920898|err_diag_pct:0.24905264377593994|f1_score:0.47926047444343567|precision:0.43536999821662903|recall:0.6033644080162048|
mdd/test-|step:1157|loss:22.590665817260742|per:16.89139175415039|corr_diag_pct:0.5473860502243042|err_diag_pct:0.2881695330142975|f1_score:0.46117493510246277|precision:0.44537100195884705|recall:0.548258900642395|
mdd/train-|step:1246|loss:12.297613143920898|
mdd/dev-|step:1246|loss:24.076488494873047|per:17.090227127075195|corr_diag_pct:0.5905717611312866|err_diag_pct:0.24585944414138794|f1_score:0.4704609811306|precision:0.42712855339050293|recall:0.6006743311882019|
mdd/test-|step:1246|loss:22.953964233398438|per:17.14347267150879|corr_diag_pct:0.5486071109771729|err_diag_pct:0.28917068243026733|f1_score:0.4633280038833618|precision:0.44153961539268494|recall:0.5587478280067444|
mdd/train-|step:1335|loss:11.685725212097168|
mdd/dev-|step:1335|loss:23.961605072021484|per:17.05025291442871|corr_diag_pct:0.5704688429832458|err_diag_pct:0.26967984437942505|f1_score:0.4737280011177063|precision:0.4275573790073395|recall:0.6058108806610107|
mdd/test-|step:1335|loss:23.12801742553711|per:16.679868698120117|corr_diag_pct:0.5436956286430359|err_diag_pct:0.28630438446998596|f1_score:0.46592816710472107|precision:0.4501292109489441|recall:0.5523922443389893|
mdd/train-|step:1424|loss:10.931940078735352|
mdd/dev-|step:1424|loss:24.539047241210938|per:17.07091522216797|corr_diag_pct:0.5968793630599976|err_diag_pct:0.24326936900615692|f1_score:0.4607207775115967|precision:0.42568179965019226|recall:0.5751163363456726|
mdd/test-|step:1424|loss:24.040241241455078|per:16.920711517333984|corr_diag_pct:0.5461696982383728|err_diag_pct:0.27938589453697205|f1_score:0.4482596814632416|precision:0.4364827871322632|recall:0.5276504755020142|
mdd/train-|step:1513|loss:10.398815155029297|
mdd/dev-|step:1513|loss:24.502471923828125|per:17.064334869384766|corr_diag_pct:0.6183192133903503|err_diag_pct:0.22182953357696533|f1_score:0.4693816304206848|precision:0.4237178862094879|recall:0.5974012613296509|
mdd/test-|step:1513|loss:24.015792846679688|per:17.050853729248047|corr_diag_pct:0.5675212144851685|err_diag_pct:0.26803433895111084|f1_score:0.45998650789260864|precision:0.4381815493106842|recall:0.557449221611023|
mdd/train-|step:1602|loss:9.699926376342773|
mdd/dev-|step:1602|loss:24.907833099365234|per:16.74867057800293|corr_diag_pct:0.6193756461143494|err_diag_pct:0.2170555740594864|f1_score:0.47216349840164185|precision:0.42310023307800293|recall:0.6074830293655396|
mdd/test-|step:1602|loss:24.294084548950195|per:16.829301834106445|corr_diag_pct:0.5650318264961243|err_diag_pct:0.2716348171234131|f1_score:0.46135836839675903|precision:0.44342729449272156|recall:0.5535023212432861|
mdd/train-|step:1691|loss:9.296697616577148|
mdd/dev-|step:1691|loss:25.535982131958008|per:16.84963035583496|corr_diag_pct:0.6279481649398804|err_diag_pct:0.21963539719581604|f1_score:0.47686007618904114|precision:0.4290277063846588|recall:0.6137270331382751|
mdd/test-|step:1691|loss:24.774822235107422|per:16.796754837036133|corr_diag_pct:0.5677869915962219|err_diag_pct:0.2688797414302826|f1_score:0.463638037443161|precision:0.44514063000679016|recall:0.5564935803413391|
mdd/train-|step:1780|loss:8.76831340789795|
mdd/dev-|step:1780|loss:26.198671340942383|per:16.68907928466797|corr_diag_pct:0.6087281107902527|err_diag_pct:0.2388555258512497|f1_score:0.48383334279060364|precision:0.4425009787082672|recall:0.6169580817222595|
mdd/test-|step:1780|loss:25.27821922302246|per:16.85600471496582|corr_diag_pct:0.5618658065795898|err_diag_pct:0.27813416719436646|f1_score:0.4710938036441803|precision:0.4471988379955292|recall:0.5655898451805115|
mdd/test-|step:0|loss:25.27821922302246|per:16.85600471496582|corr_diag_pct:0.5618658065795898|err_diag_pct:0.27813416719436646|f1_score:0.4710938036441803|precision:0.4471988379955292|recall:0.5655898451805115|insertions:674.0|deletions:1116.0|substitutions:3467.0|num_ref_tokens:31187.0|tp:2727.0|fp:2925.0|tn:24869.0|fn:1455.0|global-precision:0.482484076433121|global-recall:0.6520803443328551|global-f1-score:0.5546064673581452|global-per:0.1685638246705358|
mdd/dev-|step:0|loss:26.198671340942383|per:16.68907928466797|corr_diag_pct:0.6087281107902527|err_diag_pct:0.2388555258512497|f1_score:0.48383334279060364|precision:0.4425009787082672|recall:0.6169580817222595|insertions:233.0|deletions:376.0|substitutions:990.0|num_ref_tokens:9385.0|tp:894.0|fp:954.0|tn:7414.0|fn:371.0|global-precision:0.4837662337662338|global-recall:0.7067193675889328|global-f1-score:0.5743655637648571|global-per:0.170378263185935|
