mdd/train-|step:89|loss:194.3398895263672|
mdd/dev-|step:89|loss:123.51639556884766|per:100.0|corr_diag_pct:0.025146085768938065|err_diag_pct:0.9153743386268616|f1_score:0.2150670737028122|precision:0.12577541172504425|recall:0.9164857864379883|
mdd/test-|step:89|loss:121.8621826171875|per:100.0|corr_diag_pct:0.03659842908382416|err_diag_pct:0.9211793541908264|f1_score:0.22310425341129303|precision:0.13086216151714325|recall:0.9471686482429504|
mdd/train-|step:178|loss:118.1896743774414|
mdd/dev-|step:178|loss:111.85741424560547|per:99.96239471435547|corr_diag_pct:0.025146085768938065|err_diag_pct:0.9153743386268616|f1_score:0.21511954069137573|precision:0.12580622732639313|recall:0.9164857864379883|
mdd/test-|step:178|loss:111.52720642089844|per:99.97613525390625|corr_diag_pct:0.03709843009710312|err_diag_pct:0.9206793308258057|f1_score:0.2231302559375763|precision:0.1308777928352356|recall:0.9471686482429504|
mdd/train-|step:267|loss:102.2785873413086|
mdd/dev-|step:267|loss:81.05580139160156|per:92.12742614746094|corr_diag_pct:0.19715727865695953|err_diag_pct:0.7470806837081909|f1_score:0.2272193878889084|precision:0.13384777307510376|recall:0.9212566018104553|
mdd/test-|step:267|loss:81.18109130859375|per:92.4005126953125|corr_diag_pct:0.1588137447834015|err_diag_pct:0.7989640235900879|f1_score:0.23467515408992767|precision:0.1386466920375824|recall:0.9484864473342896|
mdd/train-|step:356|loss:80.13459014892578|
mdd/dev-|step:356|loss:55.819297790527344|per:62.526058197021484|corr_diag_pct:0.3007138967514038|err_diag_pct:0.6323716640472412|f1_score:0.2987721264362335|precision:0.18743792176246643|recall:0.8882452845573425|
mdd/test-|step:356|loss:55.255367279052734|per:62.989559173583984|corr_diag_pct:0.3356529176235199|err_diag_pct:0.6176803708076477|f1_score:0.29954010248184204|precision:0.1868923306465149|recall:0.9113947153091431|
mdd/train-|step:445|loss:65.066162109375|
mdd/dev-|step:445|loss:41.95733642578125|per:42.6639518737793|corr_diag_pct:0.3870857059955597|err_diag_pct:0.5311298966407776|f1_score:0.36589738726615906|precision:0.24809154868125916|recall:0.823102593421936|
mdd/test-|step:445|loss:41.16294860839844|per:43.21513748168945|corr_diag_pct:0.3965725898742676|err_diag_pct:0.5478718280792236|f1_score:0.3671015202999115|precision:0.24635474383831024|recall:0.8491759300231934|
mdd/train-|step:534|loss:56.72250747680664|
mdd/dev-|step:534|loss:35.54520797729492|per:34.555850982666016|corr_diag_pct:0.43214911222457886|err_diag_pct:0.4674791395664215|f1_score:0.393629789352417|precision:0.28164270520210266|recall:0.7581247091293335|
mdd/test-|step:534|loss:34.63136291503906|per:34.23528289794922|corr_diag_pct:0.43544161319732666|err_diag_pct:0.49344730377197266|f1_score:0.405796617269516|precision:0.28879544138908386|recall:0.795573890209198|
mdd/train-|step:623|loss:50.7366943359375|
mdd/dev-|step:623|loss:31.482807159423828|per:29.495847702026367|corr_diag_pct:0.4638722240924835|err_diag_pct:0.4283210337162018|f1_score:0.4133952260017395|precision:0.30917784571647644|recall:0.7187895774841309|
mdd/test-|step:623|loss:30.540008544921875|per:28.872474670410156|corr_diag_pct:0.4612060785293579|err_diag_pct:0.4576827585697174|f1_score:0.42710983753204346|precision:0.3219274580478668|recall:0.7344841957092285|
mdd/train-|step:712|loss:46.751556396484375|
mdd/dev-|step:712|loss:29.142850875854492|per:27.140419006347656|corr_diag_pct:0.45652469992637634|err_diag_pct:0.4133637845516205|f1_score:0.4168371856212616|precision:0.3205120265483856|recall:0.6808115243911743|
mdd/test-|step:712|loss:28.408472061157227|per:26.476064682006836|corr_diag_pct:0.4715479910373688|err_diag_pct:0.4373409152030945|f1_score:0.4337488114833832|precision:0.3389623761177063|recall:0.6976956725120544|
mdd/train-|step:801|loss:43.548614501953125|
mdd/dev-|step:801|loss:27.120166778564453|per:24.42538833618164|corr_diag_pct:0.49168771505355835|err_diag_pct:0.3782007694244385|f1_score:0.43122246861457825|precision:0.341671347618103|recall:0.6630386114120483|
mdd/test-|step:801|loss:26.279497146606445|per:24.19809913635254|corr_diag_pct:0.48062214255332947|err_diag_pct:0.41604459285736084|f1_score:0.44458329677581787|precision:0.3614700734615326|recall:0.6663930416107178|
mdd/train-|step:890|loss:41.39385223388672|
mdd/dev-|step:890|loss:26.14995765686035|per:22.482433319091797|corr_diag_pct:0.502240777015686|err_diag_pct:0.3602127730846405|f1_score:0.438260555267334|precision:0.3592405617237091|recall:0.642219603061676|
mdd/test-|step:890|loss:25.144550323486328|per:22.21507453918457|corr_diag_pct:0.48656365275382996|err_diag_pct:0.39788082242012024|f1_score:0.4559125006198883|precision:0.3836098611354828|recall:0.6445063352584839|
mdd/train-|step:979|loss:39.386688232421875|
mdd/dev-|step:979|loss:24.860036849975586|per:21.42908477783203|corr_diag_pct:0.5116710662841797|err_diag_pct:0.35078251361846924|f1_score:0.44450414180755615|precision:0.37255537509918213|recall:0.6294164061546326|
mdd/test-|step:979|loss:24.135005950927734|per:21.644594192504883|corr_diag_pct:0.48422789573669434|err_diag_pct:0.38799434900283813|f1_score:0.4497411549091339|precision:0.3873038589954376|recall:0.6197176575660706|
mdd/train-|step:1068|loss:37.499324798583984|
mdd/dev-|step:1068|loss:24.315265655517578|per:20.91453742980957|corr_diag_pct:0.5116943717002869|err_diag_pct:0.33960679173469543|f1_score:0.44684985280036926|precision:0.3779231607913971|recall:0.6218910217285156|
mdd/test-|step:1068|loss:23.149442672729492|per:20.615705490112305|corr_diag_pct:0.4909275770187378|err_diag_pct:0.3746279776096344|f1_score:0.4553401470184326|precision:0.399749755859375|recall:0.6037964820861816|
mdd/train-|step:1157|loss:35.88423156738281|
mdd/dev-|step:1157|loss:23.803163528442383|per:20.249387741088867|corr_diag_pct:0.5052006244659424|err_diag_pct:0.35725295543670654|f1_score:0.4631233513355255|precision:0.3951353132724762|recall:0.6426651477813721|
mdd/test-|step:1157|loss:22.731889724731445|per:20.06621742248535|corr_diag_pct:0.49970927834510803|err_diag_pct:0.3747352063655853|f1_score:0.46586233377456665|precision:0.4143615663051605|recall:0.6095536351203918|
mdd/train-|step:1246|loss:33.9764404296875|
mdd/dev-|step:1246|loss:23.27094268798828|per:19.81374740600586|corr_diag_pct:0.5453809499740601|err_diag_pct:0.3096376061439514|f1_score:0.4665940999984741|precision:0.39849141240119934|recall:0.6436129212379456|
mdd/test-|step:1246|loss:22.220212936401367|per:19.469181060791016|corr_diag_pct:0.5296767950057983|err_diag_pct:0.33587875962257385|f1_score:0.46383151412010193|precision:0.41479891538619995|recall:0.6030420660972595|
mdd/train-|step:1335|loss:33.31169509887695|
mdd/dev-|step:1335|loss:22.866321563720703|per:19.81761932373047|corr_diag_pct:0.5216726064682007|err_diag_pct:0.32219359278678894|f1_score:0.4517832398414612|precision:0.3876492381095886|recall:0.6148808598518372|
mdd/test-|step:1335|loss:21.918489456176758|per:19.276620864868164|corr_diag_pct:0.517736554145813|err_diag_pct:0.3389301002025604|f1_score:0.4540313482284546|precision:0.4136894643306732|recall:0.5761409401893616|
mdd/train-|step:1424|loss:33.02507019042969|
mdd/dev-|step:1424|loss:22.826976776123047|per:20.1044979095459|corr_diag_pct:0.5347880125045776|err_diag_pct:0.3276655375957489|f1_score:0.4638427495956421|precision:0.3928903341293335|recall:0.6445502042770386|
mdd/test-|step:1424|loss:21.87822914123535|per:19.635229110717773|corr_diag_pct:0.5083682537078857|err_diag_pct:0.3460761606693268|f1_score:0.4586772322654724|precision:0.4103056490421295|recall:0.5955885648727417|
mdd/train-|step:1513|loss:30.95758056640625|
mdd/dev-|step:1513|loss:22.115406036376953|per:18.696550369262695|corr_diag_pct:0.5428186655044556|err_diag_pct:0.30104750394821167|f1_score:0.4613286554813385|precision:0.40211549401283264|recall:0.6204088926315308|
mdd/test-|step:1513|loss:21.21771240234375|per:18.204898834228516|corr_diag_pct:0.54545658826828|err_diag_pct:0.31232115626335144|f1_score:0.4686306416988373|precision:0.43428048491477966|recall:0.5781881809234619|
mdd/train-|step:1602|loss:31.151697158813477|
mdd/dev-|step:1602|loss:21.707435607910156|per:18.603452682495117|corr_diag_pct:0.5610015392303467|err_diag_pct:0.2865820527076721|f1_score:0.46433374285697937|precision:0.40322166681289673|recall:0.6233313083648682|
mdd/test-|step:1602|loss:20.671812057495117|per:18.091594696044922|corr_diag_pct:0.5408371090888977|err_diag_pct:0.31249621510505676|f1_score:0.4660935401916504|precision:0.43251556158065796|recall:0.5749693512916565|
mdd/train-|step:1691|loss:29.629981994628906|
mdd/dev-|step:1691|loss:21.441808700561523|per:18.020496368408203|corr_diag_pct:0.5636789798736572|err_diag_pct:0.2839047312736511|f1_score:0.46835824847221375|precision:0.4131234586238861|recall:0.621047854423523|
mdd/test-|step:1691|loss:20.75240707397461|per:17.561742782592773|corr_diag_pct:0.5509135127067566|err_diag_pct:0.3035309314727783|f1_score:0.46798014640808105|precision:0.4427148103713989|recall:0.5650321841239929|
mdd/train-|step:1780|loss:29.274658203125|
mdd/dev-|step:1780|loss:21.180885314941406|per:18.053455352783203|corr_diag_pct:0.5703721642494202|err_diag_pct:0.28836384415626526|f1_score:0.47541505098342896|precision:0.41846680641174316|recall:0.6320028901100159|
mdd/test-|step:1780|loss:20.379051208496094|per:17.6275634765625|corr_diag_pct:0.5477070808410645|err_diag_pct:0.30451518297195435|f1_score:0.4652751386165619|precision:0.43761712312698364|recall:0.5678622126579285|
mdd/test-|step:0|loss:20.379051208496094|per:17.6275634765625|corr_diag_pct:0.5477070808410645|err_diag_pct:0.30451518297195435|f1_score:0.4652751386165619|precision:0.43761712312698364|recall:0.5678622126579285|insertions:423.0|deletions:1673.0|substitutions:3433.0|num_ref_tokens:31187.0|tp:2679.0|fp:3075.0|tn:24489.0|fn:1501.0|global-precision:0.46558915537017725|global-recall:0.6409090909090909|global-f1-score:0.5393597745117777|global-per:0.17728540738128065|
mdd/dev-|step:0|loss:21.180885314941406|per:18.053455352783203|corr_diag_pct:0.5703721642494202|err_diag_pct:0.28836384415626526|f1_score:0.47541505098342896|precision:0.41846680641174316|recall:0.6320028901100159|insertions:141.0|deletions:574.0|substitutions:1015.0|num_ref_tokens:9385.0|tp:896.0|fp:1043.0|tn:7238.0|fn:370.0|global-precision:0.4620938628158845|global-recall:0.707740916271722|global-f1-score:0.5591263650546022|global-per:0.18433670751198722|
