mdd/train-|step:89|loss:172.07940673828125|
mdd/dev-|step:89|loss:123.3571548461914|per:100.0|corr_diag_pct:0.025146085768938065|err_diag_pct:0.9153743386268616|f1_score:0.2150670737028122|precision:0.12577541172504425|recall:0.9164857864379883|
mdd/test-|step:89|loss:121.51944732666016|per:100.0|corr_diag_pct:0.03659842908382416|err_diag_pct:0.9211793541908264|f1_score:0.22310425341129303|precision:0.13086216151714325|recall:0.9471686482429504|
mdd/train-|step:178|loss:122.240478515625|
mdd/dev-|step:178|loss:123.04722595214844|per:100.0|corr_diag_pct:0.025146085768938065|err_diag_pct:0.9153743386268616|f1_score:0.2150670737028122|precision:0.12577541172504425|recall:0.9164857864379883|
mdd/test-|step:178|loss:121.21513366699219|per:100.0|corr_diag_pct:0.03659842908382416|err_diag_pct:0.9211793541908264|f1_score:0.22310425341129303|precision:0.13086216151714325|recall:0.9471686482429504|
mdd/train-|step:267|loss:121.5212631225586|
mdd/dev-|step:267|loss:122.19351196289062|per:100.0|corr_diag_pct:0.025146085768938065|err_diag_pct:0.9153743386268616|f1_score:0.2150670737028122|precision:0.12577541172504425|recall:0.9164857864379883|
mdd/test-|step:267|loss:120.78138732910156|per:100.0|corr_diag_pct:0.03659842908382416|err_diag_pct:0.9211793541908264|f1_score:0.22310425341129303|precision:0.13086216151714325|recall:0.9471686482429504|
mdd/train-|step:356|loss:107.66641235351562|
mdd/dev-|step:356|loss:86.9560317993164|per:94.72356414794922|corr_diag_pct:0.14337891340255737|err_diag_pct:0.7971414923667908|f1_score:0.22198662161827087|precision:0.13043159246444702|recall:0.9167956113815308|
mdd/test-|step:356|loss:86.47882080078125|per:94.88418579101562|corr_diag_pct:0.12345001846551895|err_diag_pct:0.8343278169631958|f1_score:0.23076528310775757|precision:0.13601140677928925|recall:0.9483106136322021|
mdd/train-|step:445|loss:83.21634674072266|
mdd/dev-|step:445|loss:57.714107513427734|per:61.676536560058594|corr_diag_pct:0.32833459973335266|err_diag_pct:0.6159033179283142|f1_score:0.30573326349258423|precision:0.1926085501909256|recall:0.899769127368927|
mdd/test-|step:445|loss:56.62376403808594|per:62.30746078491211|corr_diag_pct:0.3431272506713867|err_diag_pct:0.613539457321167|f1_score:0.3040944039821625|precision:0.19035756587982178|recall:0.9199448227882385|
mdd/train-|step:534|loss:67.36173248291016|
mdd/dev-|step:534|loss:41.93658447265625|per:42.193058013916016|corr_diag_pct:0.36456361413002014|err_diag_pct:0.5610869526863098|f1_score:0.37432628870010376|precision:0.2560257017612457|recall:0.8264667391777039|
mdd/test-|step:534|loss:40.957820892333984|per:42.80747985839844|corr_diag_pct:0.3863069713115692|err_diag_pct:0.5559152960777283|f1_score:0.37198391556739807|precision:0.2505783140659332|recall:0.8502388596534729|
mdd/train-|step:623|loss:56.99396514892578|
mdd/dev-|step:623|loss:35.09413528442383|per:33.625694274902344|corr_diag_pct:0.42457371950149536|err_diag_pct:0.48620694875717163|f1_score:0.4109441339969635|precision:0.29665684700012207|recall:0.783150851726532|
mdd/test-|step:623|loss:34.289093017578125|per:33.62468719482422|corr_diag_pct:0.4326632618904114|err_diag_pct:0.4973367750644684|f1_score:0.41390302777290344|precision:0.29560330510139465|recall:0.7987567782402039|
mdd/train-|step:712|loss:51.891178131103516|
mdd/dev-|step:712|loss:31.109920501708984|per:28.30675506591797|corr_diag_pct:0.4525088369846344|err_diag_pct:0.4396844804286957|f1_score:0.4283226728439331|precision:0.3270081579685211|recall:0.718026876449585|
mdd/test-|step:712|loss:30.28069305419922|per:28.020498275756836|corr_diag_pct:0.4490470290184021|err_diag_pct:0.46873077750205994|f1_score:0.4372767508029938|precision:0.33277949690818787|recall:0.7358237504959106|
mdd/train-|step:801|loss:48.559661865234375|
mdd/dev-|step:801|loss:29.097612380981445|per:25.13237190246582|corr_diag_pct:0.4639153480529785|err_diag_pct:0.4134081304073334|f1_score:0.4358765780925751|precision:0.3460655212402344|recall:0.6787395477294922|
mdd/test-|step:801|loss:28.044889450073242|per:24.347694396972656|corr_diag_pct:0.47877582907676697|err_diag_pct:0.4190019369125366|f1_score:0.4462008476257324|precision:0.3613376319408417|recall:0.6727275848388672|
mdd/train-|step:890|loss:44.305294036865234|
mdd/dev-|step:890|loss:27.37926483154297|per:22.950979232788086|corr_diag_pct:0.4831605851650238|err_diag_pct:0.390445351600647|f1_score:0.45190367102622986|precision:0.3691455125808716|recall:0.6678398847579956|
mdd/test-|step:890|loss:26.386905670166016|per:22.201862335205078|corr_diag_pct:0.48792916536331177|err_diag_pct:0.4076263904571533|f1_score:0.4638047218322754|precision:0.3901645541191101|recall:0.659347653388977|
mdd/train-|step:979|loss:42.753841400146484|
mdd/dev-|step:979|loss:26.147789001464844|per:21.43751335144043|corr_diag_pct:0.49607253074645996|err_diag_pct:0.3589460849761963|f1_score:0.4485551118850708|precision:0.37705421447753906|recall:0.6297401189804077|
mdd/test-|step:979|loss:24.923391342163086|per:20.620023727416992|corr_diag_pct:0.48697367310523987|err_diag_pct:0.3863596022129059|f1_score:0.4578889310359955|precision:0.4051460027694702|recall:0.6042006611824036|
mdd/train-|step:1068|loss:40.42155075073242|
mdd/dev-|step:1068|loss:25.00847625732422|per:19.94621467590332|corr_diag_pct:0.507256269454956|err_diag_pct:0.35147982835769653|f1_score:0.4662192165851593|precision:0.40028899908065796|recall:0.6398169994354248|
mdd/test-|step:1068|loss:24.136993408203125|per:19.691097259521484|corr_diag_pct:0.5050055384635925|err_diag_pct:0.3661055564880371|f1_score:0.4662122130393982|precision:0.41917043924331665|recall:0.6017505526542664|
mdd/train-|step:1157|loss:38.306514739990234|
mdd/dev-|step:1157|loss:24.156269073486328|per:20.112316131591797|corr_diag_pct:0.4980230927467346|err_diag_pct:0.35699549317359924|f1_score:0.4651953876018524|precision:0.39746910333633423|recall:0.6400290727615356|
mdd/test-|step:1157|loss:23.121761322021484|per:19.83685302734375|corr_diag_pct:0.48450422286987305|err_diag_pct:0.3888291120529175|f1_score:0.4706868827342987|precision:0.41818633675575256|recall:0.6127895712852478|
mdd/train-|step:1246|loss:37.539329528808594|
mdd/dev-|step:1246|loss:23.866546630859375|per:19.40460968017578|corr_diag_pct:0.49422144889831543|err_diag_pct:0.36079710721969604|f1_score:0.46869391202926636|precision:0.40600183606147766|recall:0.6313802003860474|
mdd/test-|step:1246|loss:22.65060043334961|per:18.985252380371094|corr_diag_pct:0.4893186688423157|err_diag_pct:0.3762368857860565|f1_score:0.4693451523780823|precision:0.43051081895828247|recall:0.5914313197135925|
mdd/train-|step:1335|loss:35.76262283325195|
mdd/dev-|step:1335|loss:23.418249130249023|per:18.949018478393555|corr_diag_pct:0.5118640065193176|err_diag_pct:0.3394371569156647|f1_score:0.46068018674850464|precision:0.4053749144077301|recall:0.6093749403953552|
mdd/test-|step:1335|loss:22.294240951538086|per:18.47295379638672|corr_diag_pct:0.5043970346450806|err_diag_pct:0.35671406984329224|f1_score:0.4685656726360321|precision:0.4372406005859375|recall:0.5753248929977417|
mdd/train-|step:1424|loss:34.8438835144043|
mdd/dev-|step:1424|loss:23.033411026000977|per:19.018342971801758|corr_diag_pct:0.5090557932853699|err_diag_pct:0.3459628224372864|f1_score:0.4636992812156677|precision:0.4114507734775543|recall:0.616969108581543|
mdd/test-|step:1424|loss:21.661434173583984|per:18.555360794067383|corr_diag_pct:0.49214667081832886|err_diag_pct:0.37674224376678467|f1_score:0.4798482656478882|precision:0.44718584418296814|recall:0.5951868891716003|
mdd/train-|step:1513|loss:33.49650955200195|
mdd/dev-|step:1513|loss:22.860401153564453|per:18.492769241333008|corr_diag_pct:0.5260825157165527|err_diag_pct:0.3177837133407593|f1_score:0.47126996517181396|precision:0.4142714738845825|recall:0.623808741569519|
mdd/test-|step:1513|loss:21.4964656829834|per:17.801288604736328|corr_diag_pct:0.5104100704193115|err_diag_pct:0.3484787940979004|f1_score:0.4783638119697571|precision:0.44990572333335876|recall:0.5822992324829102|
mdd/train-|step:1602|loss:32.40721130371094|
mdd/dev-|step:1602|loss:22.139976501464844|per:18.084083557128906|corr_diag_pct:0.5077024698257446|err_diag_pct:0.3175763785839081|f1_score:0.4537518620491028|precision:0.410628080368042|recall:0.5859457850456238|
mdd/test-|step:1602|loss:20.915624618530273|per:17.610790252685547|corr_diag_pct:0.49241381883621216|err_diag_pct:0.35536396503448486|f1_score:0.46384650468826294|precision:0.4510820806026459|recall:0.5486343502998352|
mdd/train-|step:1691|loss:32.00579833984375|
mdd/dev-|step:1691|loss:21.9417724609375|per:18.3214054107666|corr_diag_pct:0.5020297169685364|err_diag_pct:0.3455539643764496|f1_score:0.467232346534729|precision:0.41700661182403564|recall:0.6097473502159119|
mdd/test-|step:1691|loss:20.62085723876953|per:17.54958724975586|corr_diag_pct:0.4953841269016266|err_diag_pct:0.35239365696907043|f1_score:0.47171762585639954|precision:0.4534609913825989|recall:0.5612478852272034|
mdd/train-|step:1780|loss:30.82286834716797|
mdd/dev-|step:1780|loss:21.789682388305664|per:17.897457122802734|corr_diag_pct:0.5318810343742371|err_diag_pct:0.3157025873661041|f1_score:0.4742123782634735|precision:0.4233410358428955|recall:0.6146655082702637|
mdd/test-|step:1780|loss:20.416351318359375|per:17.464834213256836|corr_diag_pct:0.5019152760505676|err_diag_pct:0.34252914786338806|f1_score:0.4685187339782715|precision:0.4541248679161072|recall:0.5531740784645081|
mdd/test-|step:0|loss:20.416351318359375|per:17.464834213256836|corr_diag_pct:0.5019152760505676|err_diag_pct:0.34252914786338806|f1_score:0.4685187339782715|precision:0.4541248679161072|recall:0.5531740784645081|insertions:487.0|deletions:1647.0|substitutions:3322.0|num_ref_tokens:31187.0|tp:2655.0|fp:2835.0|tn:24769.0|fn:1529.0|global-precision:0.48360655737704916|global-recall:0.6345602294455067|global-f1-score:0.5488939425263593|global-per:0.17494468849199987|
mdd/dev-|step:0|loss:21.789682388305664|per:17.897457122802734|corr_diag_pct:0.5318810343742371|err_diag_pct:0.3157025873661041|f1_score:0.4742123782634735|precision:0.4233410358428955|recall:0.6146655082702637|insertions:162.0|deletions:561.0|substitutions:1003.0|num_ref_tokens:9385.0|tp:878.0|fp:986.0|tn:7315.0|fn:389.0|global-precision:0.47103004291845496|global-recall:0.6929755327545383|global-f1-score:0.5608431810923028|global-per:0.18391049547149707|
