mdd/train-|step:89|loss:197.80615234375|
mdd/dev-|step:89|loss:123.48535919189453|per:100.0|corr_diag_pct:0.025146087631583214|err_diag_pct:0.9153743982315063|f1_score:0.21506710350513458|precision:0.12577539682388306|recall:0.9164858460426331|
mdd/test-|step:89|loss:121.82930755615234|per:100.0|corr_diag_pct:0.03659842908382416|err_diag_pct:0.9211793541908264|f1_score:0.22310425341129303|precision:0.13086216151714325|recall:0.9471685886383057|
mdd/train-|step:178|loss:121.28768920898438|
mdd/dev-|step:178|loss:127.24884033203125|per:100.0|corr_diag_pct:0.025146087631583214|err_diag_pct:0.9153743982315063|f1_score:0.21506710350513458|precision:0.12577539682388306|recall:0.9164858460426331|
mdd/test-|step:178|loss:126.8214340209961|per:100.0|corr_diag_pct:0.03659842908382416|err_diag_pct:0.9211793541908264|f1_score:0.22310425341129303|precision:0.13086216151714325|recall:0.9471685886383057|
mdd/train-|step:267|loss:113.37547302246094|
mdd/dev-|step:267|loss:103.178466796875|per:98.55254364013672|corr_diag_pct:0.06941203773021698|err_diag_pct:0.8711084127426147|f1_score:0.2166888564825058|precision:0.1268543154001236|recall:0.9164858460426331|
mdd/test-|step:267|loss:103.8368911743164|per:98.81562805175781|corr_diag_pct:0.06638037413358688|err_diag_pct:0.8913972973823547|f1_score:0.22469985485076904|precision:0.1318957656621933|recall:0.9479866027832031|
mdd/train-|step:356|loss:93.88751220703125|
mdd/dev-|step:356|loss:72.54447937011719|per:82.01106262207031|corr_diag_pct:0.288701593875885|err_diag_pct:0.6555362939834595|f1_score:0.2456200122833252|precision:0.147267147898674|recall:0.9065812230110168|
mdd/test-|step:356|loss:72.89447021484375|per:81.78990173339844|corr_diag_pct:0.2927049994468689|err_diag_pct:0.6650727391242981|f1_score:0.25343745946884155|precision:0.15185342729091644|recall:0.9446191191673279|
mdd/train-|step:445|loss:76.26776123046875|
mdd/dev-|step:445|loss:53.34946823120117|per:58.196739196777344|corr_diag_pct:0.3464696705341339|err_diag_pct:0.5903333425521851|f1_score:0.3104177713394165|precision:0.19794368743896484|recall:0.8721930384635925|
mdd/test-|step:445|loss:52.57209777832031|per:58.909236907958984|corr_diag_pct:0.3714466691017151|err_diag_pct:0.5818866491317749|f1_score:0.31301188468933105|precision:0.1977006047964096|recall:0.9085460305213928|
mdd/train-|step:534|loss:64.0030746459961|
mdd/dev-|step:534|loss:41.855709075927734|per:42.97597885131836|corr_diag_pct:0.3835533857345581|err_diag_pct:0.5495321154594421|f1_score:0.37012389302253723|precision:0.2508436441421509|recall:0.8400341868400574|
mdd/test-|step:534|loss:40.756919860839844|per:43.250736236572266|corr_diag_pct:0.387116938829422|err_diag_pct:0.5595497488975525|f1_score:0.3691113293170929|precision:0.248463436961174|recall:0.8518580198287964|
mdd/train-|step:623|loss:55.45802307128906|
mdd/dev-|step:623|loss:35.469364166259766|per:35.532135009765625|corr_diag_pct:0.4149285554885864|err_diag_pct:0.4809822142124176|f1_score:0.3904274106025696|precision:0.27870503067970276|recall:0.7614047527313232|
mdd/test-|step:623|loss:34.424964904785156|per:35.05197525024414|corr_diag_pct:0.4074256718158722|err_diag_pct:0.5181298851966858|f1_score:0.39753228425979614|precision:0.2829200029373169|recall:0.7831417322158813|
mdd/train-|step:712|loss:49.7947998046875|
mdd/dev-|step:712|loss:31.762266159057617|per:29.58586311340332|corr_diag_pct:0.45291081070899963|err_diag_pct:0.4281300902366638|f1_score:0.41624245047569275|precision:0.31267961859703064|recall:0.7162348031997681|
mdd/test-|step:712|loss:30.72182273864746|per:29.374971389770508|corr_diag_pct:0.4596741199493408|err_diag_pct:0.4558814465999603|f1_score:0.4253459572792053|precision:0.3197495639324188|recall:0.739173173904419|
mdd/train-|step:801|loss:46.146244049072266|
mdd/dev-|step:801|loss:29.34645652770996|per:25.605106353759766|corr_diag_pct:0.48281314969062805|err_diag_pct:0.398227721452713|f1_score:0.4358125627040863|precision:0.34046411514282227|recall:0.6940702199935913|
mdd/test-|step:801|loss:28.205047607421875|per:25.42267608642578|corr_diag_pct:0.48656290769577026|err_diag_pct:0.42343708872795105|f1_score:0.4433597922325134|precision:0.34922850131988525|recall:0.7005760073661804|
mdd/train-|step:890|loss:43.5833854675293|
mdd/dev-|step:890|loss:28.126909255981445|per:25.075971603393555|corr_diag_pct:0.4662283658981323|err_diag_pct:0.3962251842021942|f1_score:0.4336463212966919|precision:0.3428531289100647|recall:0.6749095320701599|
mdd/test-|step:890|loss:26.802045822143555|per:24.883073806762695|corr_diag_pct:0.477267324924469|err_diag_pct:0.41717711091041565|f1_score:0.4464181959629059|precision:0.35566446185112|recall:0.689578115940094|
mdd/train-|step:979|loss:41.09933090209961|
mdd/dev-|step:979|loss:26.589218139648438|per:23.136474609375|corr_diag_pct:0.49486243724823|err_diag_pct:0.37502601742744446|f1_score:0.44479048252105713|precision:0.3609369993209839|recall:0.6635980606079102|
mdd/test-|step:979|loss:25.354928970336914|per:22.981428146362305|corr_diag_pct:0.49389633536338806|err_diag_pct:0.3983258605003357|f1_score:0.45727163553237915|precision:0.3784300684928894|recall:0.6684216260910034|
mdd/train-|step:1068|loss:39.06940460205078|
mdd/dev-|step:1068|loss:25.506261825561523|per:21.496889114379883|corr_diag_pct:0.5231971740722656|err_diag_pct:0.34297385811805725|f1_score:0.4559629559516907|precision:0.3732110559940338|recall:0.6627777814865112|
mdd/test-|step:1068|loss:24.269290924072266|per:21.249813079833984|corr_diag_pct:0.5152330994606018|err_diag_pct:0.37032249569892883|f1_score:0.4642409682273865|precision:0.3962131440639496|recall:0.6466658711433411|
mdd/train-|step:1157|loss:38.11576843261719|
mdd/dev-|step:1157|loss:25.15945816040039|per:21.450115203857422|corr_diag_pct:0.5154224634170532|err_diag_pct:0.3544660806655884|f1_score:0.4645075500011444|precision:0.3820274770259857|recall:0.6743420362472534|
mdd/test-|step:1157|loss:23.900968551635742|per:21.352506637573242|corr_diag_pct:0.5056076645851135|err_diag_pct:0.37217018008232117|f1_score:0.4620228111743927|precision:0.3927171528339386|recall:0.6430478096008301|
mdd/train-|step:1246|loss:35.9339599609375|
mdd/dev-|step:1246|loss:24.30013084411621|per:20.397565841674805|corr_diag_pct:0.5432528853416443|err_diag_pct:0.3303530812263489|f1_score:0.45961999893188477|precision:0.3864291310310364|recall:0.644591212272644|
mdd/test-|step:1246|loss:22.94611167907715|per:19.92349624633789|corr_diag_pct:0.52608323097229|err_diag_pct:0.3483612537384033|f1_score:0.4660325050354004|precision:0.4083714783191681|recall:0.6176841855049133|
mdd/train-|step:1335|loss:34.334285736083984|
mdd/dev-|step:1335|loss:23.52515411376953|per:19.605783462524414|corr_diag_pct:0.5490376353263855|err_diag_pct:0.3208508789539337|f1_score:0.4628063142299652|precision:0.3977120518684387|recall:0.6347833275794983|
mdd/test-|step:1335|loss:22.419057846069336|per:19.151336669921875|corr_diag_pct:0.5430375337600708|err_diag_pct:0.3225180506706238|f1_score:0.46552252769470215|precision:0.4160650670528412|recall:0.5995051860809326|
mdd/train-|step:1424|loss:33.77329635620117|
mdd/dev-|step:1424|loss:23.153629302978516|per:19.93226432800293|corr_diag_pct:0.5503841638565063|err_diag_pct:0.3083518445491791|f1_score:0.4583512544631958|precision:0.38569024205207825|recall:0.6403067708015442|
mdd/test-|step:1424|loss:21.99254608154297|per:19.351486206054688|corr_diag_pct:0.5275627374649048|err_diag_pct:0.33465951681137085|f1_score:0.46490854024887085|precision:0.4126470386981964|recall:0.60297030210495|
mdd/train-|step:1513|loss:31.71347999572754|
mdd/dev-|step:1513|loss:22.714826583862305|per:19.296451568603516|corr_diag_pct:0.547215461730957|err_diag_pct:0.31152063608169556|f1_score:0.46553847193717957|precision:0.3996318280696869|recall:0.6329731345176697|
mdd/test-|step:1513|loss:21.600772857666016|per:18.640827178955078|corr_diag_pct:0.5282850861549377|err_diag_pct:0.32838159799575806|f1_score:0.46771901845932007|precision:0.424785315990448|recall:0.5897513031959534|
mdd/train-|step:1602|loss:31.783098220825195|
mdd/dev-|step:1602|loss:22.49262237548828|per:18.949087142944336|corr_diag_pct:0.5517385601997375|err_diag_pct:0.2958451211452484|f1_score:0.460652232170105|precision:0.39426764845848083|recall:0.6226025819778442|
mdd/test-|step:1602|loss:21.269866943359375|per:18.594127655029297|corr_diag_pct:0.5477527976036072|err_diag_pct:0.32113608717918396|f1_score:0.47345441579818726|precision:0.4287525713443756|recall:0.6035175919532776|
mdd/train-|step:1691|loss:30.422903060913086|
mdd/dev-|step:1691|loss:22.196863174438477|per:18.603300094604492|corr_diag_pct:0.5580534934997559|err_diag_pct:0.296965092420578|f1_score:0.4642580449581146|precision:0.4038841426372528|recall:0.6238977909088135|
mdd/test-|step:1691|loss:20.967031478881836|per:18.16138458251953|corr_diag_pct:0.5334609746932983|err_diag_pct:0.31098347902297974|f1_score:0.4622548520565033|precision:0.4263124465942383|recall:0.5736058354377747|
mdd/train-|step:1780|loss:30.452674865722656|
mdd/dev-|step:1780|loss:21.805784225463867|per:18.14493751525879|corr_diag_pct:0.5400825142860413|err_diag_pct:0.30006617307662964|f1_score:0.4656137228012085|precision:0.414122074842453|recall:0.6064775586128235|
mdd/test-|step:1780|loss:20.66571807861328|per:17.915956497192383|corr_diag_pct:0.5207771062850952|err_diag_pct:0.3247784376144409|f1_score:0.46323567628860474|precision:0.43309974670410156|recall:0.5676237940788269|
mdd/test-|step:0|loss:20.66571807861328|per:17.915956497192383|corr_diag_pct:0.5207771062850952|err_diag_pct:0.3247784376144409|f1_score:0.46323567628860474|precision:0.43309974670410156|recall:0.5676237940788269|insertions:396.0|deletions:1891.0|substitutions:3338.0|num_ref_tokens:31187.0|tp:2683.0|fp:3087.0|tn:24453.0|fn:1497.0|global-precision:0.4649913344887348|global-recall:0.6418660287081339|global-f1-score:0.5392964824120603|global-per:0.1803636130438965|
mdd/dev-|step:0|loss:21.805784225463867|per:18.14493751525879|corr_diag_pct:0.5400825142860413|err_diag_pct:0.30006617307662964|f1_score:0.4656137228012085|precision:0.414122074842453|recall:0.6064775586128235|insertions:136.0|deletions:592.0|substitutions:1017.0|num_ref_tokens:9385.0|tp:861.0|fp:1022.0|tn:7256.0|fn:404.0|global-precision:0.45724907063197023|global-recall:0.6806324110671936|global-f1-score:0.5470139771283354|global-per:0.18593500266382526|
