mdd/train-|step:89|loss:201.7957763671875|
mdd/dev-|step:89|loss:121.401123046875|per:100.0|corr_diag_pct:0.025146085768938065|err_diag_pct:0.9153743982315063|f1_score:0.2150670737028122|precision:0.12577539682388306|recall:0.9164857864379883|
mdd/test-|step:89|loss:119.7645263671875|per:100.0|corr_diag_pct:0.03659842908382416|err_diag_pct:0.9211793541908264|f1_score:0.22310425341129303|precision:0.13086214661598206|recall:0.9471686482429504|
mdd/train-|step:178|loss:93.27003479003906|
mdd/dev-|step:178|loss:54.3045768737793|per:53.978328704833984|corr_diag_pct:0.3310430645942688|err_diag_pct:0.6094774007797241|f1_score:0.3293870687484741|precision:0.21271798014640808|recall:0.8768827319145203|
mdd/test-|step:178|loss:53.59737014770508|per:54.1320915222168|corr_diag_pct:0.32097387313842773|err_diag_pct:0.6256928443908691|f1_score:0.3300672471523285|precision:0.21260429918766022|recall:0.8889222741127014|
mdd/train-|step:267|loss:42.526790618896484|
mdd/dev-|step:267|loss:34.279361724853516|per:30.849761962890625|corr_diag_pct:0.4396229088306427|err_diag_pct:0.4562878906726837|f1_score:0.420011967420578|precision:0.3097437620162964|recall:0.7520849108695984|
mdd/test-|step:267|loss:34.00629425048828|per:31.21678352355957|corr_diag_pct:0.4256722629070282|err_diag_pct:0.4909943640232086|f1_score:0.41374871134757996|precision:0.3052525222301483|recall:0.7448212504386902|
mdd/train-|step:356|loss:30.79084587097168|
mdd/dev-|step:356|loss:28.836774826049805|per:25.126081466674805|corr_diag_pct:0.4465838670730591|err_diag_pct:0.4270220994949341|f1_score:0.4344429075717926|precision:0.3429020345211029|recall:0.6716999411582947|
mdd/test-|step:356|loss:28.887855529785156|per:25.236900329589844|corr_diag_pct:0.42665228247642517|err_diag_pct:0.44668111205101013|f1_score:0.42726996541023254|precision:0.34523388743400574|recall:0.6431440114974976|
mdd/train-|step:445|loss:25.7780704498291|
mdd/dev-|step:445|loss:26.344533920288086|per:22.370174407958984|corr_diag_pct:0.5020151138305664|err_diag_pct:0.37159082293510437|f1_score:0.4543802738189697|precision:0.3684491813182831|recall:0.6696318984031677|
mdd/test-|step:445|loss:26.222368240356445|per:22.4838809967041|corr_diag_pct:0.4736645817756653|err_diag_pct:0.39300209283828735|f1_score:0.44062304496765137|precision:0.37272652983665466|recall:0.6209383606910706|
mdd/train-|step:534|loss:22.682395935058594|
mdd/dev-|step:534|loss:25.287105560302734|per:21.260929107666016|corr_diag_pct:0.5348824858665466|err_diag_pct:0.33872348070144653|f1_score:0.45719191431999207|precision:0.3767401874065399|recall:0.6579969525337219|
mdd/test-|step:534|loss:24.85621452331543|per:20.938671112060547|corr_diag_pct:0.5096756219863892|err_diag_pct:0.3558799922466278|f1_score:0.4511454403400421|precision:0.39302289485931396|recall:0.6088181138038635|
mdd/train-|step:623|loss:20.38555908203125|
mdd/dev-|step:623|loss:24.319538116455078|per:19.99879264831543|corr_diag_pct:0.5382692217826843|err_diag_pct:0.32790184020996094|f1_score:0.4594723582267761|precision:0.3896980881690979|recall:0.636786937713623|
mdd/test-|step:623|loss:23.902585983276367|per:20.109294891357422|corr_diag_pct:0.5069387555122375|err_diag_pct:0.34972792863845825|f1_score:0.4496120512485504|precision:0.4027414619922638|recall:0.5850732326507568|
mdd/train-|step:712|loss:18.734060287475586|
mdd/dev-|step:712|loss:23.51742935180664|per:18.306629180908203|corr_diag_pct:0.552040159702301|err_diag_pct:0.3066958785057068|f1_score:0.4728112816810608|precision:0.4181275963783264|recall:0.6214022636413574|
mdd/test-|step:712|loss:23.25399398803711|per:18.672626495361328|corr_diag_pct:0.5187303423881531|err_diag_pct:0.3312697112560272|f1_score:0.4569903016090393|precision:0.42491254210472107|recall:0.5698403716087341|
mdd/train-|step:801|loss:17.230792999267578|
mdd/dev-|step:801|loss:23.4321231842041|per:17.966941833496094|corr_diag_pct:0.5509416460990906|err_diag_pct:0.285489559173584|f1_score:0.46167463064193726|precision:0.4056358337402344|recall:0.6025611758232117|
mdd/test-|step:801|loss:23.045961380004883|per:18.263717651367188|corr_diag_pct:0.5149029493331909|err_diag_pct:0.31954148411750793|f1_score:0.45006707310676575|precision:0.4221367835998535|recall:0.5562915802001953|
mdd/train-|step:890|loss:16.118640899658203|
mdd/dev-|step:890|loss:23.18358612060547|per:17.36371421813965|corr_diag_pct:0.5533916354179382|err_diag_pct:0.2979094684123993|f1_score:0.474610835313797|precision:0.43111684918403625|recall:0.6018968820571899|
mdd/test-|step:890|loss:22.902263641357422|per:17.773780822753906|corr_diag_pct:0.5127996206283569|err_diag_pct:0.31053367257118225|f1_score:0.4481452703475952|precision:0.43170613050460815|recall:0.5390502214431763|
mdd/train-|step:979|loss:15.091352462768555|
mdd/dev-|step:979|loss:22.848188400268555|per:17.03022575378418|corr_diag_pct:0.5223173499107361|err_diag_pct:0.32154884934425354|f1_score:0.4737738370895386|precision:0.4311438202857971|recall:0.5968191623687744|
mdd/test-|step:979|loss:22.699344635009766|per:17.618396759033203|corr_diag_pct:0.505388081073761|err_diag_pct:0.31238970160484314|f1_score:0.44461438059806824|precision:0.4333421587944031|recall:0.5276547074317932|
mdd/train-|step:1068|loss:14.233169555664062|
mdd/dev-|step:1068|loss:22.949115753173828|per:16.928987503051758|corr_diag_pct:0.5707555413246155|err_diag_pct:0.2916979491710663|f1_score:0.48090875148773193|precision:0.44412434101104736|recall:0.6027920246124268|
mdd/test-|step:1068|loss:22.759185791015625|per:17.100502014160156|corr_diag_pct:0.5394137501716614|err_diag_pct:0.285030722618103|f1_score:0.45496606826782227|precision:0.4419451355934143|recall:0.5394704937934875|
mdd/train-|step:1157|loss:13.266851425170898|
mdd/dev-|step:1157|loss:23.39888572692871|per:16.89596939086914|corr_diag_pct:0.5853918790817261|err_diag_pct:0.2696266770362854|f1_score:0.489208459854126|precision:0.4463789463043213|recall:0.6230389475822449|
mdd/test-|step:1157|loss:22.9162540435791|per:17.14996910095215|corr_diag_pct:0.5529388189315796|err_diag_pct:0.2759501039981842|f1_score:0.4561767280101776|precision:0.44075268507003784|recall:0.5447839498519897|
mdd/train-|step:1246|loss:12.687745094299316|
mdd/dev-|step:1246|loss:22.876136779785156|per:16.905155181884766|corr_diag_pct:0.5673850178718567|err_diag_pct:0.2876335680484772|f1_score:0.48067477345466614|precision:0.43620532751083374|recall:0.6113128066062927|
mdd/test-|step:1246|loss:22.784114837646484|per:17.059017181396484|corr_diag_pct:0.5420066714286804|err_diag_pct:0.300215482711792|f1_score:0.4662480652332306|precision:0.4510994255542755|recall:0.5565787553787231|
mdd/train-|step:1335|loss:11.863743782043457|
mdd/dev-|step:1335|loss:23.968965530395508|per:17.138744354248047|corr_diag_pct:0.5828487873077393|err_diag_pct:0.26845234632492065|f1_score:0.4680366814136505|precision:0.42303165793418884|recall:0.5984109044075012|
mdd/test-|step:1335|loss:23.72496795654297|per:16.92656898498535|corr_diag_pct:0.5523744225502014|err_diag_pct:0.2676255404949188|f1_score:0.4477936029434204|precision:0.4368089735507965|recall:0.5304926633834839|
mdd/train-|step:1424|loss:11.357342720031738|
mdd/dev-|step:1424|loss:23.719497680664062|per:16.961400985717773|corr_diag_pct:0.6136932373046875|err_diag_pct:0.2561952471733093|f1_score:0.48889726400375366|precision:0.4372090697288513|recall:0.6273414492607117|
mdd/test-|step:1424|loss:23.47995948791504|per:16.829627990722656|corr_diag_pct:0.5712396502494812|err_diag_pct:0.2687603831291199|f1_score:0.46660053730010986|precision:0.44284409284591675|recall:0.5622153878211975|
mdd/train-|step:1513|loss:10.7072172164917|
mdd/dev-|step:1513|loss:24.000581741333008|per:16.8448486328125|corr_diag_pct:0.5725129246711731|err_diag_pct:0.2862231731414795|f1_score:0.4805854856967926|precision:0.44598859548568726|recall:0.5997614860534668|
mdd/test-|step:1513|loss:23.599321365356445|per:16.83885383605957|corr_diag_pct:0.536795437335968|err_diag_pct:0.2832045555114746|f1_score:0.44462281465530396|precision:0.4384059011936188|recall:0.5182567834854126|
mdd/train-|step:1602|loss:10.184420585632324|
mdd/dev-|step:1602|loss:24.325212478637695|per:16.73359489440918|corr_diag_pct:0.5954464077949524|err_diag_pct:0.25957220792770386|f1_score:0.4870615601539612|precision:0.44215068221092224|recall:0.6174578070640564|
mdd/test-|step:1602|loss:24.13864517211914|per:16.655080795288086|corr_diag_pct:0.5695012807846069|err_diag_pct:0.2693876028060913|f1_score:0.4635211229324341|precision:0.4502727687358856|recall:0.5494270324707031|
mdd/train-|step:1691|loss:9.635553359985352|
mdd/dev-|step:1691|loss:25.18578338623047|per:16.980438232421875|corr_diag_pct:0.6088464260101318|err_diag_pct:0.2424546778202057|f1_score:0.47917187213897705|precision:0.43683260679244995|recall:0.6109674572944641|
mdd/test-|step:1691|loss:24.432647705078125|per:16.71896743774414|corr_diag_pct:0.5637320876121521|err_diag_pct:0.261823445558548|f1_score:0.45724183320999146|precision:0.43930864334106445|recall:0.5446096658706665|
mdd/train-|step:1780|loss:9.16304874420166|
mdd/dev-|step:1780|loss:25.13536262512207|per:16.90012550354004|corr_diag_pct:0.5896281003952026|err_diag_pct:0.2579556107521057|f1_score:0.4715563952922821|precision:0.43716108798980713|recall:0.5935293436050415|
mdd/test-|step:1780|loss:24.873151779174805|per:16.780736923217773|corr_diag_pct:0.5385698676109314|err_diag_pct:0.28809675574302673|f1_score:0.45338529348373413|precision:0.4421783983707428|recall:0.5308194160461426|
mdd/test-|step:0|loss:24.873151779174805|per:16.780736923217773|corr_diag_pct:0.5385698676109314|err_diag_pct:0.28809675574302673|f1_score:0.45338529348373413|precision:0.4421783983707428|recall:0.5308194160461426|insertions:619.0|deletions:1186.0|substitutions:3443.0|num_ref_tokens:31187.0|tp:2572.0|fp:2749.0|tn:24971.0|fn:1609.0|global-precision:0.4833677880097726|global-recall:0.6151638364027745|global-f1-score:0.5413597137444748|global-per:0.16827524288966555|
mdd/dev-|step:0|loss:25.13536262512207|per:16.90012550354004|corr_diag_pct:0.5896281003952026|err_diag_pct:0.2579556107521057|f1_score:0.4715563952922821|precision:0.43716108798980713|recall:0.5935293436050415|insertions:222.0|deletions:381.0|substitutions:1004.0|num_ref_tokens:9385.0|tp:853.0|fp:919.0|tn:7438.0|fn:412.0|global-precision:0.4813769751693002|global-recall:0.6743083003952569|global-f1-score:0.5617385577872902|global-per:0.1712306872669153|
