mdd/train-|step:89|loss:186.2471466064453|
mdd/dev-|step:89|loss:118.31871032714844|per:100.0|corr_diag_pct:0.025146085768938065|err_diag_pct:0.9153743386268616|f1_score:0.2150670737028122|precision:0.12577541172504425|recall:0.9164857864379883|
mdd/test-|step:89|loss:117.1146240234375|per:100.0|corr_diag_pct:0.03659842908382416|err_diag_pct:0.9211793541908264|f1_score:0.22310425341129303|precision:0.13086216151714325|recall:0.9471686482429504|
mdd/train-|step:178|loss:87.27891540527344|
mdd/dev-|step:178|loss:51.35382080078125|per:52.61250305175781|corr_diag_pct:0.32133981585502625|err_diag_pct:0.6191806793212891|f1_score:0.33741623163223267|precision:0.21845634281635284|recall:0.8850416541099548|
mdd/test-|step:178|loss:51.0627326965332|per:52.69533157348633|corr_diag_pct:0.33881083130836487|err_diag_pct:0.6134114861488342|f1_score:0.3385111093521118|precision:0.21869438886642456|recall:0.9013350605964661|
mdd/train-|step:267|loss:44.73985290527344|
mdd/dev-|step:267|loss:34.46884536743164|per:31.375682830810547|corr_diag_pct:0.4262023866176605|err_diag_pct:0.4808608293533325|f1_score:0.42691949009895325|precision:0.31169164180755615|recall:0.7776162028312683|
mdd/test-|step:267|loss:34.558597564697266|per:31.35371971130371|corr_diag_pct:0.4085983633995056|err_diag_pct:0.5069571733474731|f1_score:0.41960644721984863|precision:0.3081263303756714|recall:0.7579614520072937|
mdd/train-|step:356|loss:34.30474090576172|
mdd/dev-|step:356|loss:29.209470748901367|per:26.457263946533203|corr_diag_pct:0.44646787643432617|err_diag_pct:0.427138090133667|f1_score:0.4327741861343384|precision:0.3357127606868744|recall:0.6932506561279297|
mdd/test-|step:356|loss:29.045820236206055|per:26.549968719482422|corr_diag_pct:0.4229815602302551|err_diag_pct:0.47479620575904846|f1_score:0.43520060181617737|precision:0.33942529559135437|recall:0.6943764090538025|
mdd/train-|step:445|loss:29.59954833984375|
mdd/dev-|step:445|loss:26.425077438354492|per:22.96914291381836|corr_diag_pct:0.46833840012550354|err_diag_pct:0.3941151201725006|f1_score:0.4428422152996063|precision:0.35664471983909607|recall:0.6596053838729858|
mdd/test-|step:445|loss:26.244783401489258|per:23.040203094482422|corr_diag_pct:0.4460539221763611|err_diag_pct:0.44172388315200806|f1_score:0.4516068398952484|precision:0.37616488337516785|recall:0.6499093770980835|
mdd/train-|step:534|loss:26.649457931518555|
mdd/dev-|step:534|loss:24.90760040283203|per:20.56061363220215|corr_diag_pct:0.5028887987136841|err_diag_pct:0.3446948230266571|f1_score:0.45429718494415283|precision:0.38631466031074524|recall:0.6284492015838623|
mdd/test-|step:534|loss:24.769929885864258|per:20.434816360473633|corr_diag_pct:0.4875965714454651|err_diag_pct:0.3846255838871002|f1_score:0.46402421593666077|precision:0.40783706307411194|recall:0.6183789968490601|
mdd/train-|step:623|loss:24.389705657958984|
mdd/dev-|step:623|loss:23.8402156829834|per:19.247705459594727|corr_diag_pct:0.5074512958526611|err_diag_pct:0.34013235569000244|f1_score:0.4531276524066925|precision:0.39985671639442444|recall:0.5971723198890686|
mdd/test-|step:623|loss:23.67182731628418|per:18.834108352661133|corr_diag_pct:0.4795297682285309|err_diag_pct:0.36602580547332764|f1_score:0.4582904875278473|precision:0.42637068033218384|recall:0.5689135789871216|
mdd/train-|step:712|loss:22.744169235229492|
mdd/dev-|step:712|loss:23.389375686645508|per:20.2224063873291|corr_diag_pct:0.5160894989967346|err_diag_pct:0.33892908692359924|f1_score:0.45999032258987427|precision:0.3902907371520996|recall:0.6325803995132446|
mdd/test-|step:712|loss:23.08991241455078|per:19.28252601623535|corr_diag_pct:0.49981260299682617|err_diag_pct:0.370187371969223|f1_score:0.4726580083370209|precision:0.4249466061592102|recall:0.6106920838356018|
mdd/train-|step:801|loss:21.446929931640625|
mdd/dev-|step:801|loss:22.46767807006836|per:18.017244338989258|corr_diag_pct:0.5270642042160034|err_diag_pct:0.3168020248413086|f1_score:0.4619278013706207|precision:0.4149025082588196|recall:0.5923138856887817|
mdd/test-|step:801|loss:22.37143898010254|per:17.891632080078125|corr_diag_pct:0.5236126184463501|err_diag_pct:0.32527628540992737|f1_score:0.46317145228385925|precision:0.44059768319129944|recall:0.5648645162582397|
mdd/train-|step:890|loss:20.483985900878906|
mdd/dev-|step:890|loss:22.187931060791016|per:18.540748596191406|corr_diag_pct:0.4982522130012512|err_diag_pct:0.3270266056060791|f1_score:0.45251598954200745|precision:0.39988669753074646|recall:0.5869913101196289|
mdd/test-|step:890|loss:21.779733657836914|per:17.826339721679688|corr_diag_pct:0.49794700741767883|err_diag_pct:0.3453863561153412|f1_score:0.4647098779678345|precision:0.44270795583724976|recall:0.5602693557739258|
mdd/train-|step:979|loss:19.669816970825195|
mdd/dev-|step:979|loss:21.94758415222168|per:17.619325637817383|corr_diag_pct:0.5163398385047913|err_diag_pct:0.3200914263725281|f1_score:0.4653925895690918|precision:0.4182588458061218|recall:0.5941805839538574|
mdd/test-|step:979|loss:21.59657096862793|per:17.361732482910156|corr_diag_pct:0.5048992037773132|err_diag_pct:0.3284341096878052|f1_score:0.4634089767932892|precision:0.44971755146980286|recall:0.5484607815742493|
mdd/train-|step:1068|loss:18.719125747680664|
mdd/dev-|step:1068|loss:21.8531551361084|per:17.444324493408203|corr_diag_pct:0.5609239935874939|err_diag_pct:0.2792247235774994|f1_score:0.4696851074695587|precision:0.42138370871543884|recall:0.599422037601471|
mdd/test-|step:1068|loss:21.493125915527344|per:17.105030059814453|corr_diag_pct:0.5320637226104736|err_diag_pct:0.3090474307537079|f1_score:0.465241014957428|precision:0.44920700788497925|recall:0.5544577836990356|
mdd/train-|step:1157|loss:18.004297256469727|
mdd/dev-|step:1157|loss:21.624311447143555|per:17.579326629638672|corr_diag_pct:0.5651543140411377|err_diag_pct:0.2787119448184967|f1_score:0.4675370752811432|precision:0.41799065470695496|recall:0.6068792939186096|
mdd/test-|step:1157|loss:21.335161209106445|per:16.986499786376953|corr_diag_pct:0.539514422416687|err_diag_pct:0.3004855811595917|f1_score:0.4719378650188446|precision:0.4543653726577759|recall:0.5608945488929749|
mdd/train-|step:1246|loss:17.23369598388672|
mdd/dev-|step:1246|loss:21.41221046447754|per:17.20187759399414|corr_diag_pct:0.5530872344970703|err_diag_pct:0.2796265482902527|f1_score:0.45864051580429077|precision:0.41638675332069397|recall:0.582631528377533|
mdd/test-|step:1246|loss:21.1165828704834|per:16.871177673339844|corr_diag_pct:0.5246896147727966|err_diag_pct:0.30753257870674133|f1_score:0.4580172300338745|precision:0.4498785734176636|recall:0.5346932411193848|
mdd/train-|step:1335|loss:16.641550064086914|
mdd/dev-|step:1335|loss:21.43733024597168|per:16.9808349609375|corr_diag_pct:0.5729894042015076|err_diag_pct:0.25600680708885193|f1_score:0.46318864822387695|precision:0.417498379945755|recall:0.5911059975624084|
mdd/test-|step:1335|loss:20.903146743774414|per:16.66307258605957|corr_diag_pct:0.5510339140892029|err_diag_pct:0.28341054916381836|f1_score:0.4657287001609802|precision:0.45006877183914185|recall:0.550964891910553|
mdd/train-|step:1424|loss:16.093591690063477|
mdd/dev-|step:1424|loss:21.33928108215332|per:17.49208641052246|corr_diag_pct:0.5377832055091858|err_diag_pct:0.3023655116558075|f1_score:0.46754199266433716|precision:0.4215667247772217|recall:0.5974799394607544|
mdd/test-|step:1424|loss:20.92145538330078|per:16.550729751586914|corr_diag_pct:0.5257896780967712|err_diag_pct:0.31198811531066895|f1_score:0.47538456320762634|precision:0.46098074316978455|recall:0.5570103526115417|
mdd/train-|step:1513|loss:15.617055892944336|
mdd/dev-|step:1513|loss:21.220195770263672|per:17.05643081665039|corr_diag_pct:0.5665724277496338|err_diag_pct:0.2735762894153595|f1_score:0.4745984971523285|precision:0.4372375011444092|recall:0.5972440242767334|
mdd/test-|step:1513|loss:20.70276641845703|per:16.428096771240234|corr_diag_pct:0.5206738710403442|err_diag_pct:0.3026594817638397|f1_score:0.4636167287826538|precision:0.4602833688259125|recall:0.5343693494796753|
mdd/train-|step:1602|loss:15.232752799987793|
mdd/dev-|step:1602|loss:21.239564895629883|per:16.6324462890625|corr_diag_pct:0.5673213005065918|err_diag_pct:0.2653924822807312|f1_score:0.4678189158439636|precision:0.43429726362228394|recall:0.5787518620491028|
mdd/test-|step:1602|loss:20.843652725219727|per:16.37285614013672|corr_diag_pct:0.5247582793235779|err_diag_pct:0.2941306233406067|f1_score:0.45467182993888855|precision:0.45545703172683716|recall:0.5217011570930481|
mdd/train-|step:1691|loss:14.456443786621094|
mdd/dev-|step:1691|loss:21.716161727905273|per:17.361024856567383|corr_diag_pct:0.5951463580131531|err_diag_pct:0.24871985614299774|f1_score:0.4760815501213074|precision:0.4238254725933075|recall:0.6146379709243774|
mdd/test-|step:1691|loss:21.219850540161133|per:16.85548210144043|corr_diag_pct:0.5536454319953918|err_diag_pct:0.2830212116241455|f1_score:0.46374306082725525|precision:0.44916045665740967|recall:0.5479966402053833|
mdd/train-|step:1780|loss:14.269190788269043|
mdd/dev-|step:1780|loss:21.468387603759766|per:16.455669403076172|corr_diag_pct:0.5880383849143982|err_diag_pct:0.24839283525943756|f1_score:0.46025481820106506|precision:0.42933639883995056|recall:0.5651729106903076|
mdd/test-|step:1780|loss:21.00282859802246|per:16.247190475463867|corr_diag_pct:0.5259826183319092|err_diag_pct:0.2862396240234375|f1_score:0.44729727506637573|precision:0.4501461982727051|recall:0.5094106197357178|
mdd/test-|step:0|loss:21.00282859802246|per:16.247190475463867|corr_diag_pct:0.5259826183319092|err_diag_pct:0.2862396240234375|f1_score:0.44729727506637573|precision:0.4501461982727051|recall:0.5094106197357178|insertions:697.0|deletions:990.0|substitutions:3372.0|num_ref_tokens:31187.0|tp:2472.0|fp:2493.0|tn:25316.0|fn:1708.0|global-precision:0.49788519637462236|global-recall:0.5913875598086125|global-f1-score:0.5406232914160743|global-per:0.16221502549139064|
mdd/dev-|step:0|loss:21.468387603759766|per:16.455669403076172|corr_diag_pct:0.5880383849143982|err_diag_pct:0.24839283525943756|f1_score:0.46025481820106506|precision:0.42933639883995056|recall:0.5651729106903076|insertions:212.0|deletions:373.0|substitutions:984.0|num_ref_tokens:9385.0|tp:818.0|fp:858.0|tn:7493.0|fn:448.0|global-precision:0.4880668257756563|global-recall:0.6461295418641391|global-f1-score:0.556084296397009|global-per:0.16718167288225894|
