mdd/train-|step:89|loss:187.87091064453125|
mdd/dev-|step:89|loss:123.386474609375|per:100.0|corr_diag_pct:0.025146083906292915|err_diag_pct:0.9153743386268616|f1_score:0.21506710350513458|precision:0.12577541172504425|recall:0.9164858460426331|
mdd/test-|step:89|loss:121.8315658569336|per:100.0|corr_diag_pct:0.03659842908382416|err_diag_pct:0.9211793541908264|f1_score:0.22310425341129303|precision:0.13086216151714325|recall:0.9471686482429504|
mdd/train-|step:178|loss:120.72330474853516|
mdd/dev-|step:178|loss:119.53068542480469|per:100.0|corr_diag_pct:0.025146083906292915|err_diag_pct:0.9153743386268616|f1_score:0.21506710350513458|precision:0.12577541172504425|recall:0.9164858460426331|
mdd/test-|step:178|loss:119.13898468017578|per:100.0|corr_diag_pct:0.03659842908382416|err_diag_pct:0.9211793541908264|f1_score:0.22310425341129303|precision:0.13086216151714325|recall:0.9471686482429504|
mdd/train-|step:267|loss:100.10382080078125|
mdd/dev-|step:267|loss:82.07649230957031|per:94.79010009765625|corr_diag_pct:0.10155788064002991|err_diag_pct:0.8389626145362854|f1_score:0.2232963591814041|precision:0.1312801092863083|recall:0.9171674251556396|
mdd/test-|step:267|loss:81.42790222167969|per:94.52668762207031|corr_diag_pct:0.09635870903730392|err_diag_pct:0.861419141292572|f1_score:0.23231860995292664|precision:0.1370682716369629|recall:0.9484988451004028|
mdd/train-|step:356|loss:77.05535125732422|
mdd/dev-|step:356|loss:54.96774673461914|per:63.637306213378906|corr_diag_pct:0.30768290162086487|err_diag_pct:0.6328374743461609|f1_score:0.29415208101272583|precision:0.18387965857982635|recall:0.8892632722854614|
mdd/test-|step:356|loss:54.47086715698242|per:63.66094970703125|corr_diag_pct:0.31774789094924927|err_diag_pct:0.6389187574386597|f1_score:0.29854509234428406|precision:0.1862923800945282|recall:0.9148849248886108|
mdd/train-|step:445|loss:59.42752456665039|
mdd/dev-|step:445|loss:39.73723220825195|per:40.571739196777344|corr_diag_pct:0.39003410935401917|err_diag_pct:0.5318989753723145|f1_score:0.3818912208080292|precision:0.26298582553863525|recall:0.8233252167701721|
mdd/test-|step:445|loss:39.3782958984375|per:40.518646240234375|corr_diag_pct:0.3850981295108795|err_diag_pct:0.5582351088523865|f1_score:0.37858954071998596|precision:0.2589191496372223|recall:0.8288593292236328|
mdd/train-|step:534|loss:48.626468658447266|
mdd/dev-|step:534|loss:33.37646484375|per:31.335298538208008|corr_diag_pct:0.43214982748031616|err_diag_pct:0.45260852575302124|f1_score:0.41227737069129944|precision:0.30467480421066284|recall:0.7386319041252136|
mdd/test-|step:534|loss:32.738590240478516|per:31.43401527404785|corr_diag_pct:0.43243736028671265|err_diag_pct:0.4875626266002655|f1_score:0.41356727480888367|precision:0.30389076471328735|recall:0.7515946626663208|
mdd/train-|step:623|loss:42.38526153564453|
mdd/dev-|step:623|loss:30.053083419799805|per:27.4936580657959|corr_diag_pct:0.4509390890598297|err_diag_pct:0.4115144610404968|f1_score:0.4218137860298157|precision:0.32379040122032166|recall:0.6908426880836487|
mdd/test-|step:623|loss:29.40086555480957|per:27.465068817138672|corr_diag_pct:0.4410227835178375|err_diag_pct:0.46342167258262634|f1_score:0.4334169030189514|precision:0.33373528718948364|recall:0.7132391929626465|
mdd/train-|step:712|loss:38.605438232421875|
mdd/dev-|step:712|loss:28.088836669921875|per:24.759014129638672|corr_diag_pct:0.4857673645019531|err_diag_pct:0.38040366768836975|f1_score:0.4286554753780365|precision:0.33814728260040283|recall:0.6669610142707825|
mdd/test-|step:712|loss:27.254180908203125|per:24.425880432128906|corr_diag_pct:0.4627456068992615|err_diag_pct:0.42947661876678467|f1_score:0.44286805391311646|precision:0.3560711443424225|recall:0.6666773557662964|
mdd/train-|step:801|loss:35.08902359008789|
mdd/dev-|step:801|loss:26.413185119628906|per:23.12452507019043|corr_diag_pct:0.47886186838150024|err_diag_pct:0.3761567175388336|f1_score:0.43759459257125854|precision:0.35361969470977783|recall:0.6527391672134399|
mdd/test-|step:801|loss:25.51401710510254|per:22.770545959472656|corr_diag_pct:0.47013160586357117|err_diag_pct:0.4065350592136383|f1_score:0.44793903827667236|precision:0.37793418765068054|recall:0.6350482702255249|
mdd/train-|step:890|loss:33.30546951293945|
mdd/dev-|step:890|loss:25.36872673034668|per:21.5635986328125|corr_diag_pct:0.5155649185180664|err_diag_pct:0.3394536077976227|f1_score:0.45150524377822876|precision:0.3757838010787964|recall:0.642681896686554|
mdd/test-|step:890|loss:24.494483947753906|per:21.47774887084961|corr_diag_pct:0.4804111421108246|err_diag_pct:0.3851444125175476|f1_score:0.44678792357444763|precision:0.38574931025505066|recall:0.6105132102966309|
mdd/train-|step:979|loss:30.59109115600586|
mdd/dev-|step:979|loss:24.802255630493164|per:20.51025390625|corr_diag_pct:0.5310585498809814|err_diag_pct:0.32396000623703003|f1_score:0.4593021273612976|precision:0.38952547311782837|recall:0.644223690032959|
mdd/test-|step:979|loss:23.640485763549805|per:20.473644256591797|corr_diag_pct:0.5166627168655396|err_diag_pct:0.35111507773399353|f1_score:0.4586895704269409|precision:0.4014964699745178|recall:0.6145259141921997|
mdd/train-|step:1068|loss:29.59772491455078|
mdd/dev-|step:1068|loss:24.418476104736328|per:20.051286697387695|corr_diag_pct:0.5187041759490967|err_diag_pct:0.33631443977355957|f1_score:0.46552497148513794|precision:0.3985871970653534|recall:0.6489176154136658|
mdd/test-|step:1068|loss:23.105451583862305|per:19.912492752075195|corr_diag_pct:0.5017747282981873|err_diag_pct:0.35711416602134705|f1_score:0.4622587561607361|precision:0.40959984064102173|recall:0.6058290004730225|
mdd/train-|step:1157|loss:28.23110580444336|
mdd/dev-|step:1157|loss:23.557714462280273|per:18.782384872436523|corr_diag_pct:0.5537530183792114|err_diag_pct:0.2975480556488037|f1_score:0.46739453077316284|precision:0.410749226808548|recall:0.6244058609008789|
mdd/test-|step:1157|loss:22.38201332092285|per:18.497650146484375|corr_diag_pct:0.5211436748504639|err_diag_pct:0.32663410902023315|f1_score:0.46031898260116577|precision:0.42489591240882874|recall:0.5745916962623596|
mdd/train-|step:1246|loss:26.414255142211914|
mdd/dev-|step:1246|loss:23.460908889770508|per:18.9527645111084|corr_diag_pct:0.558779776096344|err_diag_pct:0.2962387502193451|f1_score:0.463386595249176|precision:0.40491995215415955|recall:0.6236624717712402|
mdd/test-|step:1246|loss:22.152875900268555|per:18.66575050354004|corr_diag_pct:0.5034220814704895|err_diag_pct:0.3365779221057892|f1_score:0.4500572681427002|precision:0.4188302159309387|recall:0.5544009804725647|
mdd/train-|step:1335|loss:25.94904899597168|
mdd/dev-|step:1335|loss:22.81017303466797|per:18.84219741821289|corr_diag_pct:0.5506947040557861|err_diag_pct:0.30060645937919617|f1_score:0.47463086247444153|precision:0.40729376673698425|recall:0.6496781706809998|
mdd/test-|step:1335|loss:21.82282257080078|per:18.778657913208008|corr_diag_pct:0.5140023827552795|err_diag_pct:0.34266427159309387|f1_score:0.4677180349826813|precision:0.4251546263694763|recall:0.5915281772613525|
mdd/train-|step:1424|loss:24.501094818115234|
mdd/dev-|step:1424|loss:22.45428466796875|per:17.92316436767578|corr_diag_pct:0.5587748885154724|err_diag_pct:0.2813737988471985|f1_score:0.46365317702293396|precision:0.4130914509296417|recall:0.6054396033287048|
mdd/test-|step:1424|loss:21.392702102661133|per:17.74333953857422|corr_diag_pct:0.5288215279579163|err_diag_pct:0.30228960514068604|f1_score:0.44884830713272095|precision:0.4257626533508301|recall:0.543368399143219|
mdd/train-|step:1513|loss:23.40330696105957|
mdd/dev-|step:1513|loss:22.451961517333984|per:17.55898666381836|corr_diag_pct:0.5831845998764038|err_diag_pct:0.2829864025115967|f1_score:0.48592573404312134|precision:0.4334539771080017|recall:0.6333436965942383|
mdd/test-|step:1513|loss:21.32501792907715|per:17.344337463378906|corr_diag_pct:0.5484772324562073|err_diag_pct:0.2915228009223938|f1_score:0.4623863995075226|precision:0.4395138919353485|recall:0.557203471660614|
mdd/train-|step:1602|loss:22.851959228515625|
mdd/dev-|step:1602|loss:22.224716186523438|per:17.570112228393555|corr_diag_pct:0.5907528400421143|err_diag_pct:0.2642658054828644|f1_score:0.47586241364479065|precision:0.4190802276134491|recall:0.6316684484481812|
mdd/test-|step:1602|loss:20.891088485717773|per:17.197511672973633|corr_diag_pct:0.5563873052597046|err_diag_pct:0.2925015985965729|f1_score:0.46892422437667847|precision:0.4458848536014557|recall:0.5686041712760925|
mdd/train-|step:1691|loss:22.03999137878418|
mdd/dev-|step:1691|loss:21.86463165283203|per:17.10603141784668|corr_diag_pct:0.5807703137397766|err_diag_pct:0.2742482125759125|f1_score:0.4821339547634125|precision:0.4265151023864746|recall:0.6303716897964478|
mdd/test-|step:1691|loss:20.778505325317383|per:16.963729858398438|corr_diag_pct:0.5465982556343079|err_diag_pct:0.2956239879131317|f1_score:0.46182873845100403|precision:0.44338202476501465|recall:0.5497740507125854|
mdd/train-|step:1780|loss:21.088424682617188|
mdd/dev-|step:1780|loss:21.379600524902344|per:16.95036506652832|corr_diag_pct:0.5733726024627686|err_diag_pct:0.25934118032455444|f1_score:0.46668297052383423|precision:0.4174817204475403|recall:0.6047934293746948|
mdd/test-|step:1780|loss:20.597694396972656|per:16.95273780822754|corr_diag_pct:0.5488587617874146|err_diag_pct:0.28891900181770325|f1_score:0.4580337107181549|precision:0.4456021189689636|recall:0.5383437871932983|
mdd/test-|step:0|loss:20.597694396972656|per:16.95273780822754|corr_diag_pct:0.5488587617874146|err_diag_pct:0.28891900181770325|f1_score:0.4580337107181549|precision:0.4456021189689636|recall:0.5383437871932983|insertions:515.0|deletions:1328.0|substitutions:3456.0|num_ref_tokens:31187.0|tp:2563.0|fp:2792.0|tn:24851.0|fn:1618.0|global-precision:0.4786181139122316|global-recall:0.6130112413298254|global-f1-score:0.5375419463087249|global-per:0.16991053964793024|
mdd/dev-|step:0|loss:21.379600524902344|per:16.95036506652832|corr_diag_pct:0.5733726024627686|err_diag_pct:0.25934118032455444|f1_score:0.46668297052383423|precision:0.4174817204475403|recall:0.6047934293746948|insertions:156.0|deletions:453.0|substitutions:1018.0|num_ref_tokens:9385.0|tp:868.0|fp:948.0|tn:7352.0|fn:396.0|global-precision:0.4779735682819383|global-recall:0.6867088607594937|global-f1-score:0.5636363636363637|global-per:0.173361747469366|
