mdd/train-|step:89|loss:198.14492797851562|
mdd/dev-|step:89|loss:119.4462661743164|per:100.0|corr_diag_pct:0.025146083906292915|err_diag_pct:0.9153743386268616|f1_score:0.21506710350513458|precision:0.12577541172504425|recall:0.9164858460426331|
mdd/test-|step:89|loss:118.1765365600586|per:100.0|corr_diag_pct:0.03659842908382416|err_diag_pct:0.9211793541908264|f1_score:0.22310425341129303|precision:0.13086216151714325|recall:0.9471686482429504|
mdd/train-|step:178|loss:87.72440338134766|
mdd/dev-|step:178|loss:51.18809509277344|per:50.214942932128906|corr_diag_pct:0.3554166257381439|err_diag_pct:0.5851038694381714|f1_score:0.3436504006385803|precision:0.22478769719600677|recall:0.8728727698326111|
mdd/test-|step:178|loss:50.544105529785156|per:49.67605972290039|corr_diag_pct:0.35863959789276123|err_diag_pct:0.5935826897621155|f1_score:0.3484379053115845|precision:0.2277640402317047|recall:0.8888422250747681|
mdd/train-|step:267|loss:41.768001556396484|
mdd/dev-|step:267|loss:34.32540512084961|per:33.07826232910156|corr_diag_pct:0.4104403853416443|err_diag_pct:0.48547041416168213|f1_score:0.4053245782852173|precision:0.29332777857780457|recall:0.7539529800415039|
mdd/test-|step:267|loss:34.37553405761719|per:33.05500030517578|corr_diag_pct:0.40019354224205017|err_diag_pct:0.5186953544616699|f1_score:0.40933743119239807|precision:0.2973564565181732|recall:0.761322021484375|
mdd/train-|step:356|loss:30.907794952392578|
mdd/dev-|step:356|loss:28.790813446044922|per:24.792312622070312|corr_diag_pct:0.4731910526752472|err_diag_pct:0.40041491389274597|f1_score:0.4364892840385437|precision:0.3429533541202545|recall:0.6759485602378845|
mdd/test-|step:356|loss:28.843276977539062|per:24.961135864257812|corr_diag_pct:0.45113953948020935|err_diag_pct:0.4410826861858368|f1_score:0.4412882924079895|precision:0.3528675138950348|recall:0.6766628623008728|
mdd/train-|step:445|loss:25.85332679748535|
mdd/dev-|step:445|loss:26.42833137512207|per:21.365808486938477|corr_diag_pct:0.4900188744068146|err_diag_pct:0.37986963987350464|f1_score:0.46454498171806335|precision:0.3827115297317505|recall:0.6636173725128174|
mdd/test-|step:445|loss:26.10318946838379|per:21.632131576538086|corr_diag_pct:0.4786047339439392|err_diag_pct:0.3969508111476898|f1_score:0.45830395817756653|precision:0.3906428813934326|recall:0.6369991302490234|
mdd/train-|step:534|loss:22.491657257080078|
mdd/dev-|step:534|loss:24.78044319152832|per:18.887752532958984|corr_diag_pct:0.5000680088996887|err_diag_pct:0.3512330651283264|f1_score:0.46972179412841797|precision:0.4101916551589966|recall:0.6188878417015076|
mdd/test-|step:534|loss:24.475048065185547|per:19.38633918762207|corr_diag_pct:0.48322513699531555|err_diag_pct:0.36677485704421997|f1_score:0.4582425653934479|precision:0.41414034366607666|recall:0.5860610604286194|
mdd/train-|step:623|loss:20.292848587036133|
mdd/dev-|step:623|loss:24.048803329467773|per:18.477523803710938|corr_diag_pct:0.523404061794281|err_diag_pct:0.3353320360183716|f1_score:0.47639787197113037|precision:0.4216568171977997|recall:0.628884494304657|
mdd/test-|step:623|loss:23.509916305541992|per:18.846158981323242|corr_diag_pct:0.48043832182884216|err_diag_pct:0.3640061020851135|f1_score:0.456717848777771|precision:0.41980108618736267|recall:0.5734463930130005|
mdd/train-|step:712|loss:18.585886001586914|
mdd/dev-|step:712|loss:23.87632942199707|per:17.799352645874023|corr_diag_pct:0.5480133891105652|err_diag_pct:0.299570232629776|f1_score:0.4782048463821411|precision:0.4224109649658203|recall:0.6236305236816406|
mdd/test-|step:712|loss:23.098651885986328|per:17.88389015197754|corr_diag_pct:0.5319655537605286|err_diag_pct:0.3235900104045868|f1_score:0.472421795129776|precision:0.43882110714912415|recall:0.5880150198936462|
mdd/train-|step:801|loss:17.19950294494629|
mdd/dev-|step:801|loss:23.26263999938965|per:17.660680770874023|corr_diag_pct:0.5372077226638794|err_diag_pct:0.30665841698646545|f1_score:0.47347715497016907|precision:0.41731658577919006|recall:0.6179333329200745|
mdd/test-|step:801|loss:22.569021224975586|per:17.848087310791016|corr_diag_pct:0.5065847635269165|err_diag_pct:0.3289708197116852|f1_score:0.4601171910762787|precision:0.4307425022125244|recall:0.5626030564308167|
mdd/train-|step:890|loss:15.998988151550293|
mdd/dev-|step:890|loss:23.297256469726562|per:17.34564971923828|corr_diag_pct:0.5526347160339355|err_diag_pct:0.2949489951133728|f1_score:0.47565704584121704|precision:0.43247470259666443|recall:0.6016994714736938|
mdd/test-|step:890|loss:22.685029983520508|per:17.66169548034668|corr_diag_pct:0.5147538781166077|err_diag_pct:0.3252461552619934|f1_score:0.4563886225223541|precision:0.43445807695388794|recall:0.5525910258293152|
mdd/train-|step:979|loss:15.027327537536621|
mdd/dev-|step:979|loss:23.06894302368164|per:17.243167877197266|corr_diag_pct:0.5848273038864136|err_diag_pct:0.2590388059616089|f1_score:0.47710755467414856|precision:0.42342472076416016|recall:0.6145259737968445|
mdd/test-|step:979|loss:22.67432975769043|per:17.16366958618164|corr_diag_pct:0.5620571970939636|err_diag_pct:0.281276136636734|f1_score:0.461616188287735|precision:0.44105589389801025|recall:0.5561429858207703|
mdd/train-|step:1068|loss:14.048626899719238|
mdd/dev-|step:1068|loss:23.017183303833008|per:16.90420913696289|corr_diag_pct:0.5814948678016663|err_diag_pct:0.2660888135433197|f1_score:0.4807583689689636|precision:0.4326976537704468|recall:0.6105610132217407|
mdd/test-|step:1068|loss:22.54251480102539|per:16.886432647705078|corr_diag_pct:0.5482093691825867|err_diag_pct:0.2940129041671753|f1_score:0.4660361111164093|precision:0.44559773802757263|recall:0.5585763454437256|
mdd/train-|step:1157|loss:13.259449005126953|
mdd/dev-|step:1157|loss:23.220293045043945|per:17.11712646484375|corr_diag_pct:0.5814187526702881|err_diag_pct:0.25501248240470886|f1_score:0.47502511739730835|precision:0.43038544058799744|recall:0.6034392714500427|
mdd/test-|step:1157|loss:22.810049057006836|per:17.141931533813477|corr_diag_pct:0.5365695357322693|err_diag_pct:0.2945415675640106|f1_score:0.4555839002132416|precision:0.4387436807155609|recall:0.5450461506843567|
mdd/train-|step:1246|loss:12.632220268249512|
mdd/dev-|step:1246|loss:23.69566535949707|per:17.388689041137695|corr_diag_pct:0.5900710821151733|err_diag_pct:0.24636009335517883|f1_score:0.475195974111557|precision:0.42822811007499695|recall:0.6147408485412598|
mdd/test-|step:1246|loss:22.865394592285156|per:17.117124557495117|corr_diag_pct:0.5421444177627563|err_diag_pct:0.2911888659000397|f1_score:0.459376722574234|precision:0.43715909123420715|recall:0.555740475654602|
mdd/train-|step:1335|loss:11.901649475097656|
mdd/dev-|step:1335|loss:23.69986915588379|per:16.714191436767578|corr_diag_pct:0.5921140313148499|err_diag_pct:0.2517521381378174|f1_score:0.47842612862586975|precision:0.4337085783481598|recall:0.6064399480819702|
mdd/test-|step:1335|loss:23.21625518798828|per:16.782350540161133|corr_diag_pct:0.5633187294006348|err_diag_pct:0.2800145745277405|f1_score:0.46807414293289185|precision:0.4476630687713623|recall:0.5617374181747437|
mdd/train-|step:1424|loss:11.262786865234375|
mdd/dev-|step:1424|loss:24.1875057220459|per:17.14531135559082|corr_diag_pct:0.6122289299964905|err_diag_pct:0.22420236468315125|f1_score:0.454745888710022|precision:0.4205705523490906|recall:0.5726779103279114|
mdd/test-|step:1424|loss:24.005640029907227|per:16.99179458618164|corr_diag_pct:0.5486909747123718|err_diag_pct:0.2801978886127472|f1_score:0.45106014609336853|precision:0.43707039952278137|recall:0.5358388423919678|
mdd/train-|step:1513|loss:10.66398811340332|
mdd/dev-|step:1513|loss:24.198833465576172|per:16.856075286865234|corr_diag_pct:0.6272752285003662|err_diag_pct:0.2165909856557846|f1_score:0.47497305274009705|precision:0.4309163987636566|recall:0.6067904829978943|
mdd/test-|step:1513|loss:24.108905792236328|per:17.07184600830078|corr_diag_pct:0.5591332912445068|err_diag_pct:0.2842000424861908|f1_score:0.4599696099758148|precision:0.44205233454704285|recall:0.5549335479736328|
mdd/train-|step:1602|loss:9.972467422485352|
mdd/dev-|step:1602|loss:24.370704650878906|per:16.9273681640625|corr_diag_pct:0.618794322013855|err_diag_pct:0.2287893295288086|f1_score:0.47129085659980774|precision:0.43205904960632324|recall:0.5991405844688416|
mdd/test-|step:1602|loss:24.105850219726562|per:16.86379051208496|corr_diag_pct:0.5473709106445312|err_diag_pct:0.2848513722419739|f1_score:0.45895522832870483|precision:0.44108128547668457|recall:0.5477723479270935|
mdd/train-|step:1691|loss:9.552462577819824|
mdd/dev-|step:1691|loss:24.98964500427246|per:16.480716705322266|corr_diag_pct:0.633370578289032|err_diag_pct:0.22164805233478546|f1_score:0.49204859137535095|precision:0.440043181180954|recall:0.6343181133270264|
mdd/test-|step:1691|loss:24.706119537353516|per:16.96396827697754|corr_diag_pct:0.5657860040664673|err_diag_pct:0.2786584198474884|f1_score:0.46704819798469543|precision:0.4436228573322296|recall:0.5644660592079163|
mdd/train-|step:1780|loss:9.175464630126953|
mdd/dev-|step:1780|loss:25.751108169555664|per:16.926151275634766|corr_diag_pct:0.6059530973434448|err_diag_pct:0.23047807812690735|f1_score:0.4649667739868164|precision:0.4183173179626465|recall:0.5973845720291138|
mdd/test-|step:1780|loss:25.188159942626953|per:16.895915985107422|corr_diag_pct:0.5542243123054504|err_diag_pct:0.2846645712852478|f1_score:0.46157214045524597|precision:0.44239169359207153|recall:0.5542665123939514|
mdd/test-|step:0|loss:25.188159942626953|per:16.895915985107422|corr_diag_pct:0.5542243123054504|err_diag_pct:0.2846645712852478|f1_score:0.46157214045524597|precision:0.44239169359207153|recall:0.5542665123939514|insertions:657.0|deletions:1105.0|substitutions:3509.0|num_ref_tokens:31187.0|tp:2655.0|fp:2886.0|tn:24877.0|fn:1525.0|global-precision:0.47915538711423933|global-recall:0.6351674641148325|global-f1-score:0.5462400987552721|global-per:0.1690127296630006|
mdd/dev-|step:0|loss:25.751108169555664|per:16.926151275634766|corr_diag_pct:0.6059530973434448|err_diag_pct:0.23047807812690735|f1_score:0.4649667739868164|precision:0.4183173179626465|recall:0.5973845720291138|insertions:223.0|deletions:368.0|substitutions:1017.0|num_ref_tokens:9385.0|tp:868.0|fp:946.0|tn:7415.0|fn:397.0|global-precision:0.4785005512679162|global-recall:0.6861660079051384|global-f1-score:0.5638194218902242|global-per:0.17133724027703784|
