mdd/train-|step:89|loss:199.82135009765625|
mdd/dev-|step:89|loss:119.29158782958984|per:100.0|corr_diag_pct:0.025146085768938065|err_diag_pct:0.9153743386268616|f1_score:0.2150670737028122|precision:0.12577541172504425|recall:0.9164857864379883|
mdd/test-|step:89|loss:118.1114273071289|per:100.0|corr_diag_pct:0.03659842908382416|err_diag_pct:0.9211793541908264|f1_score:0.22310425341129303|precision:0.13086216151714325|recall:0.9471686482429504|
mdd/train-|step:178|loss:86.8685073852539|
mdd/dev-|step:178|loss:49.13579177856445|per:49.077457427978516|corr_diag_pct:0.3530106246471405|err_diag_pct:0.5875098705291748|f1_score:0.3491373360157013|precision:0.22904929518699646|recall:0.8728365898132324|
mdd/test-|step:178|loss:48.73573684692383|per:48.9084358215332|corr_diag_pct:0.355389803647995|err_diag_pct:0.5946100950241089|f1_score:0.35162830352783203|precision:0.2303536981344223|recall:0.8869625926017761|
mdd/train-|step:267|loss:39.93567657470703|
mdd/dev-|step:267|loss:32.81528854370117|per:29.839815139770508|corr_diag_pct:0.42904186248779297|err_diag_pct:0.4519990384578705|f1_score:0.4205108880996704|precision:0.31232771277427673|recall:0.732989490032196|
mdd/test-|step:267|loss:32.676048278808594|per:29.9339599609375|corr_diag_pct:0.41758477687835693|err_diag_pct:0.4913041293621063|f1_score:0.42318063974380493|precision:0.3161953091621399|recall:0.7379404902458191|
mdd/train-|step:356|loss:29.548540115356445|
mdd/dev-|step:356|loss:28.011964797973633|per:23.7774658203125|corr_diag_pct:0.4725415110588074|err_diag_pct:0.3936295211315155|f1_score:0.4420231282711029|precision:0.35219520330429077|recall:0.6683098077774048|
mdd/test-|step:356|loss:27.782588958740234|per:23.904821395874023|corr_diag_pct:0.4525543749332428|err_diag_pct:0.43744564056396484|f1_score:0.4456448554992676|precision:0.36427053809165955|recall:0.661449134349823|
mdd/train-|step:445|loss:24.690380096435547|
mdd/dev-|step:445|loss:25.844167709350586|per:21.583755493164062|corr_diag_pct:0.4927363693714142|err_diag_pct:0.36228227615356445|f1_score:0.44181644916534424|precision:0.3695914149284363|recall:0.6233344078063965|
mdd/test-|step:445|loss:25.496034622192383|per:21.40291976928711|corr_diag_pct:0.4560205638408661|err_diag_pct:0.40842387080192566|f1_score:0.449352890253067|precision:0.3873474895954132|recall:0.6138304471969604|
mdd/train-|step:534|loss:21.8874454498291|
mdd/dev-|step:534|loss:24.67352294921875|per:19.515647888183594|corr_diag_pct:0.5434353947639465|err_diag_pct:0.3078657388687134|f1_score:0.4643265902996063|precision:0.40262341499328613|recall:0.627894937992096|
mdd/test-|step:534|loss:24.16297149658203|per:19.256982803344727|corr_diag_pct:0.5225210189819336|err_diag_pct:0.33859017491340637|f1_score:0.4648813307285309|precision:0.4144097864627838|recall:0.6044378280639648|
mdd/train-|step:623|loss:19.695232391357422|
mdd/dev-|step:623|loss:23.334930419921875|per:18.902755737304688|corr_diag_pct:0.5331205129623413|err_diag_pct:0.3256155550479889|f1_score:0.4690594971179962|precision:0.4061698019504547|recall:0.6265552639961243|
mdd/test-|step:623|loss:23.101123809814453|per:18.605215072631836|corr_diag_pct:0.5033376216888428|err_diag_pct:0.3455512821674347|f1_score:0.46294060349464417|precision:0.42767807841300964|recall:0.5789564251899719|
mdd/train-|step:712|loss:17.929597854614258|
mdd/dev-|step:712|loss:23.147972106933594|per:18.195392608642578|corr_diag_pct:0.5564814209938049|err_diag_pct:0.29481977224349976|f1_score:0.47263020277023315|precision:0.41721227765083313|recall:0.6227817535400391|
mdd/test-|step:712|loss:22.804655075073242|per:18.073944091796875|corr_diag_pct:0.5224753022193909|err_diag_pct:0.3241913914680481|f1_score:0.46717599034309387|precision:0.4388711154460907|recall:0.5752394199371338|
mdd/train-|step:801|loss:16.56423568725586|
mdd/dev-|step:801|loss:22.530818939208984|per:17.724620819091797|corr_diag_pct:0.54815274477005|err_diag_pct:0.3068658113479614|f1_score:0.47556737065315247|precision:0.4311598837375641|recall:0.6091435551643372|
mdd/test-|step:801|loss:22.388608932495117|per:17.598388671875|corr_diag_pct:0.52694171667099|err_diag_pct:0.3175027072429657|f1_score:0.4625530242919922|precision:0.44164249300956726|recall:0.5556816458702087|
mdd/train-|step:890|loss:15.517561912536621|
mdd/dev-|step:890|loss:22.843242645263672|per:17.74738311767578|corr_diag_pct:0.548681378364563|err_diag_pct:0.30633723735809326|f1_score:0.4725349247455597|precision:0.4291849434375763|recall:0.6071407794952393|
mdd/test-|step:890|loss:22.492849349975586|per:17.539287567138672|corr_diag_pct:0.5158061981201172|err_diag_pct:0.3241938054561615|f1_score:0.45935142040252686|precision:0.4418572187423706|recall:0.5501088500022888|
mdd/train-|step:979|loss:14.61072063446045|
mdd/dev-|step:979|loss:23.003093719482422|per:17.332067489624023|corr_diag_pct:0.55531907081604|err_diag_pct:0.2736772298812866|f1_score:0.4563520550727844|precision:0.4198179244995117|recall:0.5766427516937256|
mdd/test-|step:979|loss:22.720476150512695|per:17.40798568725586|corr_diag_pct:0.5209842324256897|err_diag_pct:0.3034602105617523|f1_score:0.4417000710964203|precision:0.4371489882469177|recall:0.518650472164154|
mdd/train-|step:1068|loss:13.803933143615723|
mdd/dev-|step:1068|loss:22.99440574645996|per:17.235280990600586|corr_diag_pct:0.6008752584457397|err_diag_pct:0.24670840799808502|f1_score:0.47277936339378357|precision:0.4304012060165405|recall:0.6010055541992188|
mdd/test-|step:1068|loss:22.44256019592285|per:17.038894653320312|corr_diag_pct:0.5560377836227417|err_diag_pct:0.27729547023773193|f1_score:0.45859014987945557|precision:0.4432182013988495|recall:0.5466114282608032|
mdd/train-|step:1157|loss:12.945792198181152|
mdd/dev-|step:1157|loss:22.749826431274414|per:17.167953491210938|corr_diag_pct:0.6028547286987305|err_diag_pct:0.24844643473625183|f1_score:0.4738308787345886|precision:0.428870290517807|recall:0.6051400899887085|
mdd/test-|step:1157|loss:22.509292602539062|per:16.913057327270508|corr_diag_pct:0.5529552102088928|err_diag_pct:0.2926003932952881|f1_score:0.4665667712688446|precision:0.44828829169273376|recall:0.5566899180412292|
mdd/train-|step:1246|loss:12.132279396057129|
mdd/dev-|step:1246|loss:23.280303955078125|per:17.338104248046875|corr_diag_pct:0.5933886766433716|err_diag_pct:0.25047746300697327|f1_score:0.4682272970676422|precision:0.42845600843429565|recall:0.5901871919631958|
mdd/test-|step:1246|loss:22.939064025878906|per:17.167232513427734|corr_diag_pct:0.5408082604408264|err_diag_pct:0.28919169306755066|f1_score:0.45193761587142944|precision:0.43626901507377625|recall:0.5365356206893921|
mdd/train-|step:1335|loss:11.373852729797363|
mdd/dev-|step:1335|loss:23.576894760131836|per:17.551740646362305|corr_diag_pct:0.5955932140350342|err_diag_pct:0.24827297031879425|f1_score:0.46265318989753723|precision:0.41663265228271484|recall:0.5945557951927185|
mdd/test-|step:1335|loss:23.09715461730957|per:17.175045013427734|corr_diag_pct:0.5449444055557251|err_diag_pct:0.2906111180782318|f1_score:0.4559490978717804|precision:0.43807318806648254|recall:0.5453383326530457|
mdd/train-|step:1424|loss:10.905244827270508|
mdd/dev-|step:1424|loss:24.082298278808594|per:16.978477478027344|corr_diag_pct:0.5968251824378967|err_diag_pct:0.2544759511947632|f1_score:0.4783030152320862|precision:0.4337081015110016|recall:0.6093171834945679|
mdd/test-|step:1424|loss:23.59606170654297|per:16.762683868408203|corr_diag_pct:0.5364051461219788|err_diag_pct:0.29692816734313965|f1_score:0.4623403549194336|precision:0.4462566077709198|recall:0.5489193797111511|
mdd/train-|step:1513|loss:10.45722484588623|
mdd/dev-|step:1513|loss:24.27906608581543|per:16.873645782470703|corr_diag_pct:0.5936166644096375|err_diag_pct:0.23909714818000793|f1_score:0.46321970224380493|precision:0.42745259404182434|recall:0.5852349996566772|
mdd/test-|step:1513|loss:23.97893714904785|per:16.928424835205078|corr_diag_pct:0.5353305339813232|err_diag_pct:0.28911396861076355|f1_score:0.4483911097049713|precision:0.4448663592338562|recall:0.5238369703292847|
mdd/train-|step:1602|loss:9.841712951660156|
mdd/dev-|step:1602|loss:24.714595794677734|per:16.967924118041992|corr_diag_pct:0.6223493814468384|err_diag_pct:0.22895176708698273|f1_score:0.4792589843273163|precision:0.43327850103378296|recall:0.6141082644462585|
mdd/test-|step:1602|loss:24.226747512817383|per:16.89866828918457|corr_diag_pct:0.551936149597168|err_diag_pct:0.2780638337135315|f1_score:0.4552585184574127|precision:0.44224607944488525|recall:0.539749264717102|
mdd/train-|step:1691|loss:9.258438110351562|
mdd/dev-|step:1691|loss:25.309778213500977|per:17.4644775390625|corr_diag_pct:0.619842529296875|err_diag_pct:0.22402366995811462|f1_score:0.4657154977321625|precision:0.4142051339149475|recall:0.6068502068519592|
mdd/test-|step:1691|loss:25.179702758789062|per:17.225969314575195|corr_diag_pct:0.5748266577720642|err_diag_pct:0.25961777567863464|f1_score:0.45635268092155457|precision:0.4314594864845276|recall:0.5572960376739502|
mdd/train-|step:1780|loss:8.70511531829834|
mdd/dev-|step:1780|loss:25.63473129272461|per:16.753232955932617|corr_diag_pct:0.6284942030906677|err_diag_pct:0.21908940374851227|f1_score:0.4711959958076477|precision:0.42867377400398254|recall:0.5947976112365723|
mdd/test-|step:1780|loss:25.57817268371582|per:16.927791595458984|corr_diag_pct:0.5507279634475708|err_diag_pct:0.2737164795398712|f1_score:0.45136499404907227|precision:0.43625596165657043|recall:0.5359897613525391|
mdd/test-|step:0|loss:25.57817268371582|per:16.927791595458984|corr_diag_pct:0.5507279634475708|err_diag_pct:0.2737164795398712|f1_score:0.45136499404907227|precision:0.43625596165657043|recall:0.5359897613525391|insertions:728.0|deletions:1012.0|substitutions:3540.0|num_ref_tokens:31187.0|tp:2581.0|fp:2851.0|tn:24992.0|fn:1599.0|global-precision:0.47514727540500734|global-recall:0.6174641148325359|global-f1-score:0.537037037037037|global-per:0.16930131144387084|
mdd/dev-|step:0|loss:25.63473129272461|per:16.753232955932617|corr_diag_pct:0.6284942030906677|err_diag_pct:0.21908940374851227|f1_score:0.4711959958076477|precision:0.42867377400398254|recall:0.5947976112365723|insertions:243.0|deletions:350.0|substitutions:1006.0|num_ref_tokens:9385.0|tp:851.0|fp:936.0|tn:7435.0|fn:415.0|global-precision:0.4762171236709569|global-recall:0.6721958925750395|global-f1-score:0.5574844415329185|global-per:0.170378263185935|
