mdd/train-|step:89|loss:192.57371520996094|
mdd/dev-|step:89|loss:124.72111511230469|per:100.0|corr_diag_pct:0.025146085768938065|err_diag_pct:0.9153743386268616|f1_score:0.2150670737028122|precision:0.12577541172504425|recall:0.9164857864379883|
mdd/test-|step:89|loss:123.06629943847656|per:100.0|corr_diag_pct:0.03659842908382416|err_diag_pct:0.9211793541908264|f1_score:0.22310425341129303|precision:0.13086216151714325|recall:0.9471686482429504|
mdd/train-|step:178|loss:114.78087615966797|
mdd/dev-|step:178|loss:103.40390014648438|per:100.0|corr_diag_pct:0.025146085768938065|err_diag_pct:0.9153743386268616|f1_score:0.2150670737028122|precision:0.12577541172504425|recall:0.9164857864379883|
mdd/test-|step:178|loss:103.11067199707031|per:100.0|corr_diag_pct:0.03659842908382416|err_diag_pct:0.9211793541908264|f1_score:0.22310425341129303|precision:0.13086216151714325|recall:0.9471686482429504|
mdd/train-|step:267|loss:91.08821105957031|
mdd/dev-|step:267|loss:72.8114013671875|per:86.97981262207031|corr_diag_pct:0.22111210227012634|err_diag_pct:0.7156908512115479|f1_score:0.2364697903394699|precision:0.14068183302879333|recall:0.9098859429359436|
mdd/test-|step:267|loss:72.29889678955078|per:87.26788330078125|corr_diag_pct:0.2028091549873352|err_diag_pct:0.7549686431884766|f1_score:0.24396850168704987|precision:0.14520451426506042|recall:0.9460075497627258|
mdd/train-|step:356|loss:71.44673919677734|
mdd/dev-|step:356|loss:49.65943908691406|per:53.35929489135742|corr_diag_pct:0.3543141186237335|err_diag_pct:0.5787713527679443|f1_score:0.32794368267059326|precision:0.2126796990633011|recall:0.8608607053756714|
mdd/test-|step:356|loss:48.8119010925293|per:53.866188049316406|corr_diag_pct:0.3480539321899414|err_diag_pct:0.6030570864677429|f1_score:0.32905519008636475|precision:0.21145273745059967|recall:0.8914116024971008|
mdd/train-|step:445|loss:55.76374435424805|
mdd/dev-|step:445|loss:37.99859619140625|per:38.176612854003906|corr_diag_pct:0.4047883450984955|err_diag_pct:0.5097098350524902|f1_score:0.38918939232826233|precision:0.27210763096809387|recall:0.8080497980117798|
mdd/test-|step:445|loss:37.31374740600586|per:38.74540328979492|corr_diag_pct:0.39212992787361145|err_diag_pct:0.5423145294189453|f1_score:0.38784536719322205|precision:0.26800864934921265|recall:0.8220022916793823|
mdd/train-|step:534|loss:46.3422966003418|
mdd/dev-|step:534|loss:32.90447998046875|per:30.861557006835938|corr_diag_pct:0.4289895296096802|err_diag_pct:0.4520513713359833|f1_score:0.40811505913734436|precision:0.3024582266807556|recall:0.7218921184539795|
mdd/test-|step:534|loss:31.970020294189453|per:30.700300216674805|corr_diag_pct:0.4317491948604584|err_diag_pct:0.48491746187210083|f1_score:0.41555020213127136|precision:0.30741217732429504|recall:0.7409546375274658|
mdd/train-|step:623|loss:41.380287170410156|
mdd/dev-|step:623|loss:29.90196990966797|per:27.202146530151367|corr_diag_pct:0.47610145807266235|err_diag_pct:0.40122196078300476|f1_score:0.4293602406978607|precision:0.32765981554985046|recall:0.7107490301132202|
mdd/test-|step:623|loss:28.870773315429688|per:26.891254425048828|corr_diag_pct:0.4647761285305023|err_diag_pct:0.445223867893219|f1_score:0.4438153803348541|precision:0.34287336468696594|recall:0.7286627292633057|
mdd/train-|step:712|loss:36.866546630859375|
mdd/dev-|step:712|loss:27.475242614746094|per:24.543609619140625|corr_diag_pct:0.497905969619751|err_diag_pct:0.3645475506782532|f1_score:0.4306415319442749|precision:0.34140482544898987|recall:0.6684139966964722|
mdd/test-|step:712|loss:26.463184356689453|per:23.976247787475586|corr_diag_pct:0.4879262149333954|err_diag_pct:0.40874043107032776|f1_score:0.45464077591896057|precision:0.3690996766090393|recall:0.6822686791419983|
mdd/train-|step:801|loss:34.293739318847656|
mdd/dev-|step:801|loss:25.961708068847656|per:22.427682876586914|corr_diag_pct:0.5167321562767029|err_diag_pct:0.34572136402130127|f1_score:0.44439151883125305|precision:0.3626507818698883|recall:0.6553164124488831|
mdd/test-|step:801|loss:25.001874923706055|per:21.776086807250977|corr_diag_pct:0.49083638191223145|err_diag_pct:0.3780525028705597|f1_score:0.4517212212085724|precision:0.38471105694770813|recall:0.6267380118370056|
mdd/train-|step:890|loss:32.04373550415039|
mdd/dev-|step:890|loss:25.354894638061523|per:21.007627487182617|corr_diag_pct:0.5261738300323486|err_diag_pct:0.33627983927726746|f1_score:0.45924112200737|precision:0.38450881838798523|recall:0.6522985100746155|
mdd/test-|step:890|loss:24.044809341430664|per:20.148284912109375|corr_diag_pct:0.5253254771232605|err_diag_pct:0.34689682722091675|f1_score:0.46923911571502686|precision:0.41161811351776123|recall:0.6255320906639099|
mdd/train-|step:979|loss:29.90707778930664|
mdd/dev-|step:979|loss:24.564525604248047|per:20.753528594970703|corr_diag_pct:0.5340403914451599|err_diag_pct:0.3246956765651703|f1_score:0.4594816565513611|precision:0.3858729302883148|recall:0.6521850824356079|
mdd/test-|step:979|loss:23.23732566833496|per:20.10965347290039|corr_diag_pct:0.5267758965492249|err_diag_pct:0.34544628858566284|f1_score:0.46189814805984497|precision:0.40781399607658386|recall:0.6115767955780029|
mdd/train-|step:1068|loss:28.92587661743164|
mdd/dev-|step:1068|loss:23.57033920288086|per:19.51152229309082|corr_diag_pct:0.5329009294509888|err_diag_pct:0.31840017437934875|f1_score:0.46301692724227905|precision:0.39558547735214233|recall:0.6344619989395142|
mdd/test-|step:1068|loss:22.48310089111328|per:19.180253982543945|corr_diag_pct:0.5280416011810303|err_diag_pct:0.33862507343292236|f1_score:0.4639200270175934|precision:0.4186297357082367|recall:0.595260500907898|
mdd/train-|step:1157|loss:27.087770462036133|
mdd/dev-|step:1157|loss:23.077655792236328|per:18.970537185668945|corr_diag_pct:0.5480943322181702|err_diag_pct:0.3069242238998413|f1_score:0.4688843786716461|precision:0.4060266613960266|recall:0.6337599158287048|
mdd/test-|step:1157|loss:21.9244384765625|per:18.490570068359375|corr_diag_pct:0.5238698720932007|err_diag_pct:0.3227967619895935|f1_score:0.461641788482666|precision:0.4268460273742676|recall:0.5756709575653076|
mdd/train-|step:1246|loss:26.18816566467285|
mdd/dev-|step:1246|loss:22.89148712158203|per:18.750350952148438|corr_diag_pct:0.5481659173965454|err_diag_pct:0.31428760290145874|f1_score:0.47691407799720764|precision:0.4128309488296509|recall:0.6380195021629333|
mdd/test-|step:1246|loss:21.574548721313477|per:18.204307556152344|corr_diag_pct:0.5222671031951904|err_diag_pct:0.3355106711387634|f1_score:0.46889132261276245|precision:0.4367137551307678|recall:0.5809711217880249|
mdd/train-|step:1335|loss:24.99779510498047|
mdd/dev-|step:1335|loss:22.625747680664062|per:18.454635620117188|corr_diag_pct:0.5676376223564148|err_diag_pct:0.2836635112762451|f1_score:0.471243292093277|precision:0.40818145871162415|recall:0.6367660164833069|
mdd/test-|step:1335|loss:21.27896499633789|per:17.875585556030273|corr_diag_pct:0.5501877665519714|err_diag_pct:0.30314555764198303|f1_score:0.4673738479614258|precision:0.4362938702106476|recall:0.5754707455635071|
mdd/train-|step:1424|loss:23.729053497314453|
mdd/dev-|step:1424|loss:22.42856216430664|per:18.056995391845703|corr_diag_pct:0.5804932117462158|err_diag_pct:0.2708079218864441|f1_score:0.47787317633628845|precision:0.41216278076171875|recall:0.6398088335990906|
mdd/test-|step:1424|loss:20.868274688720703|per:17.63599967956543|corr_diag_pct:0.541885495185852|err_diag_pct:0.31700336933135986|f1_score:0.4721214473247528|precision:0.4452594816684723|recall:0.574995756149292|
mdd/train-|step:1513|loss:22.953763961791992|
mdd/dev-|step:1513|loss:22.120927810668945|per:17.718135833740234|corr_diag_pct:0.5834561586380005|err_diag_pct:0.26784494519233704|f1_score:0.4804472029209137|precision:0.41934409737586975|recall:0.6399564146995544|
mdd/test-|step:1513|loss:20.79262351989746|per:17.504371643066406|corr_diag_pct:0.5589559078216553|err_diag_pct:0.29882189631462097|f1_score:0.47231239080429077|precision:0.4457188546657562|recall:0.5782490372657776|
mdd/train-|step:1602|loss:22.50082778930664|
mdd/dev-|step:1602|loss:21.543041229248047|per:17.280961990356445|corr_diag_pct:0.5722958445549011|err_diag_pct:0.2752877175807953|f1_score:0.4824545979499817|precision:0.4293012022972107|recall:0.6263107061386108|
mdd/test-|step:1602|loss:20.41331672668457|per:16.920751571655273|corr_diag_pct:0.5470824837684631|err_diag_pct:0.29513972997665405|f1_score:0.4692925810813904|precision:0.45412275195121765|recall:0.5553073287010193|
mdd/train-|step:1691|loss:21.544973373413086|
mdd/dev-|step:1691|loss:21.443714141845703|per:17.415096282958984|corr_diag_pct:0.5749069452285767|err_diag_pct:0.276394248008728|f1_score:0.47695401310920715|precision:0.42339491844177246|recall:0.6276691555976868|
mdd/test-|step:1691|loss:20.13004493713379|per:16.831653594970703|corr_diag_pct:0.5444200038909912|err_diag_pct:0.28780221939086914|f1_score:0.45998072624206543|precision:0.4488951861858368|recall:0.5435845851898193|
mdd/train-|step:1780|loss:20.790529251098633|
mdd/dev-|step:1780|loss:21.885581970214844|per:17.921920776367188|corr_diag_pct:0.5736207365989685|err_diag_pct:0.2776804566383362|f1_score:0.4755491316318512|precision:0.41471603512763977|recall:0.6334834098815918|
mdd/test-|step:1780|loss:20.36929702758789|per:17.337013244628906|corr_diag_pct:0.5434292554855347|err_diag_pct:0.30212631821632385|f1_score:0.4680129587650299|precision:0.44556552171707153|recall:0.5649111270904541|
mdd/test-|step:0|loss:20.36929702758789|per:17.337013244628906|corr_diag_pct:0.5434292554855347|err_diag_pct:0.30212631821632385|f1_score:0.4680129587650299|precision:0.44556552171707153|recall:0.5649111270904541|insertions:417.0|deletions:1612.0|substitutions:3382.0|num_ref_tokens:31187.0|tp:2684.0|fp:2940.0|tn:24610.0|fn:1497.0|global-precision:0.4772403982930299|global-recall:0.6419516861994738|global-f1-score:0.547475777664457|global-per:0.1735017795876487|
mdd/dev-|step:0|loss:21.885581970214844|per:17.921920776367188|corr_diag_pct:0.5736207365989685|err_diag_pct:0.2776804566383362|f1_score:0.4755491316318512|precision:0.41471603512763977|recall:0.6334834098815918|insertions:124.0|deletions:552.0|substitutions:1030.0|num_ref_tokens:9385.0|tp:906.0|fp:1037.0|tn:7237.0|fn:359.0|global-precision:0.4662892434379825|global-recall:0.7162055335968379|global-f1-score:0.5648379052369077|global-per:0.18177943526904636|
