mdd/train-|step:89|loss:207.46395874023438|
mdd/dev-|step:89|loss:120.4738540649414|per:100.0|corr_diag_pct:0.025146087631583214|err_diag_pct:0.9153743982315063|f1_score:0.21506710350513458|precision:0.12577539682388306|recall:0.9164858460426331|
mdd/test-|step:89|loss:119.1766128540039|per:100.0|corr_diag_pct:0.03659842908382416|err_diag_pct:0.9211793541908264|f1_score:0.22310425341129303|precision:0.13086216151714325|recall:0.9471685886383057|
mdd/train-|step:178|loss:92.39753723144531|
mdd/dev-|step:178|loss:55.00031280517578|per:54.202239990234375|corr_diag_pct:0.3036234676837921|err_diag_pct:0.6368970274925232|f1_score:0.32962313294410706|precision:0.21201956272125244|recall:0.881982147693634|
mdd/test-|step:178|loss:54.418941497802734|per:54.36248779296875|corr_diag_pct:0.30780696868896484|err_diag_pct:0.6444152593612671|f1_score:0.3339844048023224|precision:0.2150547355413437|recall:0.9045922756195068|
mdd/train-|step:267|loss:42.779701232910156|
mdd/dev-|step:267|loss:34.35517120361328|per:30.578153610229492|corr_diag_pct:0.4407651722431183|err_diag_pct:0.46258050203323364|f1_score:0.42467066645622253|precision:0.31165793538093567|recall:0.761690616607666|
mdd/test-|step:267|loss:34.61006546020508|per:31.18250846862793|corr_diag_pct:0.42525869607925415|err_diag_pct:0.490296870470047|f1_score:0.41663482785224915|precision:0.30678898096084595|recall:0.7508459091186523|
mdd/train-|step:356|loss:30.838083267211914|
mdd/dev-|step:356|loss:28.89017105102539|per:25.25087547302246|corr_diag_pct:0.46998685598373413|err_diag_pct:0.40361908078193665|f1_score:0.4426756799221039|precision:0.34693220257759094|recall:0.6960270404815674|
mdd/test-|step:356|loss:28.838972091674805|per:25.673011779785156|corr_diag_pct:0.430146187543869|err_diag_pct:0.45763158798217773|f1_score:0.4331158995628357|precision:0.3452897071838379|recall:0.6684074401855469|
mdd/train-|step:445|loss:25.490711212158203|
mdd/dev-|step:445|loss:26.308927536010742|per:21.246929168701172|corr_diag_pct:0.5044612288475037|err_diag_pct:0.3579922914505005|f1_score:0.45170214772224426|precision:0.37834927439689636|recall:0.6332306861877441|
mdd/test-|step:445|loss:25.96151351928711|per:21.164323806762695|corr_diag_pct:0.46196621656417847|err_diag_pct:0.4013671278953552|f1_score:0.4548220634460449|precision:0.3962920606136322|recall:0.6125604510307312|
mdd/train-|step:534|loss:22.109251022338867|
mdd/dev-|step:534|loss:24.789466857910156|per:19.71516227722168|corr_diag_pct:0.5393719673156738|err_diag_pct:0.32679906487464905|f1_score:0.4647449851036072|precision:0.3964965343475342|recall:0.6360782980918884|
mdd/test-|step:534|loss:24.471162796020508|per:19.750751495361328|corr_diag_pct:0.49166178703308105|err_diag_pct:0.3683382272720337|f1_score:0.4631010591983795|precision:0.41515278816223145|recall:0.6010696887969971|
mdd/train-|step:623|loss:19.92099380493164|
mdd/dev-|step:623|loss:24.16038703918457|per:19.012737274169922|corr_diag_pct:0.5421508550643921|err_diag_pct:0.324020117521286|f1_score:0.46706342697143555|precision:0.40127381682395935|recall:0.6292498707771301|
mdd/test-|step:623|loss:23.578474044799805|per:18.737051010131836|corr_diag_pct:0.5055896043777466|err_diag_pct:0.34663262963294983|f1_score:0.463058739900589|precision:0.4290163516998291|recall:0.5802751183509827|
mdd/train-|step:712|loss:18.205236434936523|
mdd/dev-|step:712|loss:23.61259651184082|per:18.13385009765625|corr_diag_pct:0.5522449016571045|err_diag_pct:0.3064911961555481|f1_score:0.4711194634437561|precision:0.4218046963214874|recall:0.6140639781951904|
mdd/test-|step:712|loss:23.08582305908203|per:17.964937210083008|corr_diag_pct:0.5101184248924255|err_diag_pct:0.3365482687950134|f1_score:0.4635603427886963|precision:0.4366304874420166|recall:0.5639206171035767|
mdd/train-|step:801|loss:16.75844383239746|
mdd/dev-|step:801|loss:23.229774475097656|per:17.457801818847656|corr_diag_pct:0.5588783621788025|err_diag_pct:0.2998576760292053|f1_score:0.48209452629089355|precision:0.4330888092517853|recall:0.6201844215393066|
mdd/test-|step:801|loss:22.733749389648438|per:17.589515686035156|corr_diag_pct:0.5428982973098755|err_diag_pct:0.3082127869129181|f1_score:0.4699436128139496|precision:0.44083115458488464|recall:0.5753148794174194|
mdd/train-|step:890|loss:15.594305038452148|
mdd/dev-|step:890|loss:23.198211669921875|per:17.767919540405273|corr_diag_pct:0.5485847592353821|err_diag_pct:0.30271631479263306|f1_score:0.47299447655677795|precision:0.4213360548019409|recall:0.6128661036491394|
mdd/test-|step:890|loss:22.59735870361328|per:17.481826782226562|corr_diag_pct:0.531554102897644|err_diag_pct:0.31289032101631165|f1_score:0.4665381610393524|precision:0.4458528757095337|recall:0.5634852051734924|
mdd/train-|step:979|loss:14.599593162536621|
mdd/dev-|step:979|loss:23.04706382751465|per:17.595401763916016|corr_diag_pct:0.5245647430419922|err_diag_pct:0.3230189085006714|f1_score:0.46738216280937195|precision:0.4322670102119446|recall:0.5873899459838867|
mdd/test-|step:979|loss:22.790056228637695|per:17.50563621520996|corr_diag_pct:0.4968642294406891|err_diag_pct:0.32535800337791443|f1_score:0.4468834400177002|precision:0.4358178973197937|recall:0.5257093906402588|
mdd/train-|step:1068|loss:13.750359535217285|
mdd/dev-|step:1068|loss:23.296424865722656|per:17.477163314819336|corr_diag_pct:0.5645653605461121|err_diag_pct:0.28673574328422546|f1_score:0.476920485496521|precision:0.42789092659950256|recall:0.6124334335327148|
mdd/test-|step:1068|loss:22.884241104125977|per:17.221811294555664|corr_diag_pct:0.5516588091850281|err_diag_pct:0.2972300946712494|f1_score:0.4726245403289795|precision:0.45146772265434265|recall:0.5679352283477783|
mdd/train-|step:1157|loss:13.00048542022705|
mdd/dev-|step:1157|loss:23.27532196044922|per:16.99417495727539|corr_diag_pct:0.5857044458389282|err_diag_pct:0.27303165197372437|f1_score:0.479829877614975|precision:0.4305756688117981|recall:0.6154088973999023|
mdd/test-|step:1157|loss:22.95009994506836|per:16.83816909790039|corr_diag_pct:0.5625362396240234|err_diag_pct:0.2785749137401581|f1_score:0.46910104155540466|precision:0.44769108295440674|recall:0.5634805560112|
mdd/train-|step:1246|loss:12.173257827758789|
mdd/dev-|step:1246|loss:23.540523529052734|per:17.102460861206055|corr_diag_pct:0.5709805488586426|err_diag_pct:0.26916825771331787|f1_score:0.46335524320602417|precision:0.4267340302467346|recall:0.5771165490150452|
mdd/test-|step:1246|loss:23.31521224975586|per:17.118925094604492|corr_diag_pct:0.525651752948761|err_diag_pct:0.3032371401786804|f1_score:0.45130714774131775|precision:0.4403841197490692|recall:0.5308371782302856|
mdd/train-|step:1335|loss:11.366387367248535|
mdd/dev-|step:1335|loss:23.745033264160156|per:17.25950813293457|corr_diag_pct:0.5867444276809692|err_diag_pct:0.2571216821670532|f1_score:0.472478985786438|precision:0.42400965094566345|recall:0.6045284867286682|
mdd/test-|step:1335|loss:23.438838958740234|per:16.880035400390625|corr_diag_pct:0.5583585500717163|err_diag_pct:0.277197003364563|f1_score:0.46601197123527527|precision:0.4480525851249695|recall:0.5569273829460144|
mdd/train-|step:1424|loss:10.931512832641602|
mdd/dev-|step:1424|loss:24.14960289001465|per:17.3481502532959|corr_diag_pct:0.5723520517349243|err_diag_pct:0.28638404607772827|f1_score:0.4773722290992737|precision:0.4354763925075531|recall:0.6088709831237793|
mdd/test-|step:1424|loss:23.857128143310547|per:17.336824417114258|corr_diag_pct:0.5367452502250671|err_diag_pct:0.29881030321121216|f1_score:0.4580414891242981|precision:0.4402417242527008|recall:0.5481842160224915|
mdd/train-|step:1513|loss:10.264321327209473|
mdd/dev-|step:1513|loss:24.507007598876953|per:17.166671752929688|corr_diag_pct:0.5749614834785461|err_diag_pct:0.28377455472946167|f1_score:0.4727112054824829|precision:0.4366593658924103|recall:0.594758927822113|
mdd/test-|step:1513|loss:24.235870361328125|per:16.972732543945312|corr_diag_pct:0.5280393958091736|err_diag_pct:0.3008495271205902|f1_score:0.4607495367527008|precision:0.44922682642936707|recall:0.5419549942016602|
mdd/train-|step:1602|loss:9.771178245544434|
mdd/dev-|step:1602|loss:25.208681106567383|per:16.94132423400879|corr_diag_pct:0.5891119241714478|err_diag_pct:0.2621891498565674|f1_score:0.47346726059913635|precision:0.4367685317993164|recall:0.5933017730712891|
mdd/test-|step:1602|loss:24.91801643371582|per:16.817222595214844|corr_diag_pct:0.5475518703460693|err_diag_pct:0.289114773273468|f1_score:0.4637570083141327|precision:0.4494509994983673|recall:0.5487890243530273|
mdd/train-|step:1691|loss:9.219315528869629|
mdd/dev-|step:1691|loss:25.516216278076172|per:17.225658416748047|corr_diag_pct:0.6176449060440063|err_diag_pct:0.24109119176864624|f1_score:0.48322662711143494|precision:0.4267233908176422|recall:0.6301839351654053|
mdd/test-|step:1691|loss:25.215259552001953|per:16.98735237121582|corr_diag_pct:0.5851390957832336|err_diag_pct:0.2693052887916565|f1_score:0.4769054055213928|precision:0.44900578260421753|recall:0.5803282856941223|
mdd/train-|step:1780|loss:8.774395942687988|
mdd/dev-|step:1780|loss:26.06605339050293|per:17.08381462097168|corr_diag_pct:0.5981261730194092|err_diag_pct:0.25689244270324707|f1_score:0.4689805507659912|precision:0.4278760254383087|recall:0.5928652882575989|
mdd/test-|step:1780|loss:26.090696334838867|per:17.19061279296875|corr_diag_pct:0.5212250351905823|err_diag_pct:0.2954416871070862|f1_score:0.44172191619873047|precision:0.43193963170051575|recall:0.519620954990387|
mdd/test-|step:0|loss:26.090696334838867|per:17.19061279296875|corr_diag_pct:0.5212250351905823|err_diag_pct:0.2954416871070862|f1_score:0.44172191619873047|precision:0.43193963170051575|recall:0.519620954990387|insertions:739.0|deletions:1084.0|substitutions:3546.0|num_ref_tokens:31187.0|tp:2552.0|fp:2857.0|tn:24980.0|fn:1628.0|global-precision:0.4718062488445184|global-recall:0.6105263157894737|global-f1-score:0.5322765668995725|global-per:0.17215506461025426|
mdd/dev-|step:0|loss:26.06605339050293|per:17.08381462097168|corr_diag_pct:0.5981261730194092|err_diag_pct:0.25689244270324707|f1_score:0.4689805507659912|precision:0.4278760254383087|recall:0.5928652882575989|insertions:250.0|deletions:364.0|substitutions:1023.0|num_ref_tokens:9385.0|tp:850.0|fp:952.0|tn:7435.0|fn:415.0|global-precision:0.4716981132075472|global-recall:0.6719367588932806|global-f1-score:0.5542875774372351|global-per:0.17442727757059137|
