no mdd/dev-|epoch:1|lr_adam:3.00e-04|lr_wav2vec:1.00e-05|train_loss:4.36|valid_loss:3.60|valid_ctc_loss:3.60|global-per:1.00e+02|global-f1-score:2.36e-01
mdd/dev-|epoch:2|lr_adam:3.00e-04|lr_wav2vec:1.00e-05|train_loss:3.29|valid_loss:2.98|valid_ctc_loss:2.98|global-per:95.87|global-f1-score:2.38e-01
mdd/dev-|epoch:3|lr_adam:3.00e-04|lr_wav2vec:1.00e-05|train_loss:2.24|valid_loss:1.27|valid_ctc_loss:1.27|global-per:48.09|global-f1-score:3.47e-01
mdd/dev-|epoch:4|lr_adam:3.00e-04|lr_wav2vec:1.00e-05|train_loss:1.27|valid_loss:8.39e-01|valid_ctc_loss:8.39e-01|global-per:27.65|global-f1-score:4.49e-01
mdd/dev-|epoch:5|lr_adam:3.00e-04|lr_wav2vec:1.00e-05|train_loss:9.96e-01|valid_loss:7.11e-01|valid_ctc_loss:7.10e-01|global-per:21.74|global-f1-score:4.89e-01
mdd/dev-|epoch:6|lr_adam:3.00e-04|lr_wav2vec:1.00e-05|train_loss:8.65e-01|valid_loss:6.49e-01|valid_ctc_loss:6.48e-01|global-per:19.21|global-f1-score:5.02e-01
mdd/dev-|epoch:7|lr_adam:3.00e-04|lr_wav2vec:1.00e-05|train_loss:8.08e-01|valid_loss:6.14e-01|valid_ctc_loss:6.12e-01|global-per:19.00|global-f1-score:5.11e-01
mdd/dev-|epoch:8|lr_adam:3.00e-04|lr_wav2vec:1.00e-05|train_loss:7.58e-01|valid_loss:5.87e-01|valid_ctc_loss:5.85e-01|global-per:17.65|global-f1-score:5.20e-01
mdd/dev-|epoch:9|lr_adam:3.00e-04|lr_wav2vec:1.00e-05|train_loss:7.19e-01|valid_loss:5.66e-01|valid_ctc_loss:5.65e-01|global-per:17.34|global-f1-score:5.29e-01
mdd/dev-|epoch:10|lr_adam:3.00e-04|lr_wav2vec:1.00e-05|train_loss:7.07e-01|valid_loss:5.51e-01|valid_ctc_loss:5.49e-01|global-per:16.85|global-f1-score:5.37e-01
mdd/dev-|epoch:11|lr_adam:3.00e-04|lr_wav2vec:1.00e-05|train_loss:6.62e-01|valid_loss:5.38e-01|valid_ctc_loss:5.36e-01|global-per:16.56|global-f1-score:5.39e-01
mdd/dev-|epoch:12|lr_adam:3.00e-04|lr_wav2vec:1.00e-05|train_loss:6.41e-01|valid_loss:5.33e-01|valid_ctc_loss:5.32e-01|global-per:16.26|global-f1-score:5.35e-01
mdd/dev-|epoch:13|lr_adam:3.00e-04|lr_wav2vec:1.00e-05|train_loss:6.20e-01|valid_loss:5.17e-01|valid_ctc_loss:5.16e-01|global-per:15.82|global-f1-score:5.47e-01
mdd/dev-|epoch:14|lr_adam:3.00e-04|lr_wav2vec:1.00e-05|train_loss:6.03e-01|valid_loss:5.13e-01|valid_ctc_loss:5.11e-01|global-per:15.77|global-f1-score:5.49e-01
mdd/dev-|epoch:15|lr_adam:3.00e-04|lr_wav2vec:1.00e-05|train_loss:5.97e-01|valid_loss:5.10e-01|valid_ctc_loss:5.09e-01|global-per:15.64|global-f1-score:5.41e-01
mdd/dev-|epoch:16|lr_adam:3.00e-04|lr_wav2vec:1.00e-05|train_loss:5.66e-01|valid_loss:4.99e-01|valid_ctc_loss:4.97e-01|global-per:15.37|global-f1-score:5.56e-01
mdd/dev-|epoch:17|lr_adam:3.00e-04|lr_wav2vec:1.00e-05|train_loss:5.52e-01|valid_loss:4.88e-01|valid_ctc_loss:4.86e-01|global-per:15.28|global-f1-score:5.59e-01
mdd/dev-|epoch:18|lr_adam:3.00e-04|lr_wav2vec:1.00e-05|train_loss:5.37e-01|valid_loss:4.86e-01|valid_ctc_loss:4.85e-01|global-per:15.16|global-f1-score:5.55e-01
mdd/dev-|epoch:19|lr_adam:3.00e-04|lr_wav2vec:1.00e-05|train_loss:5.22e-01|valid_loss:4.83e-01|valid_ctc_loss:4.81e-01|global-per:14.92|global-f1-score:5.61e-01
mdd/dev-|epoch:20|lr_adam:3.00e-04|lr_wav2vec:1.00e-05|train_loss:5.15e-01|valid_loss:4.78e-01|valid_ctc_loss:4.76e-01|global-per:14.82|global-f1-score:5.54e-01
mdd/dev-|epoch:21|lr_adam:3.00e-04|lr_wav2vec:1.00e-05|train_loss:5.07e-01|valid_loss:4.75e-01|valid_ctc_loss:4.73e-01|global-per:14.70|global-f1-score:5.59e-01
no mdd/dev-|epoch:22|lr_adam:3.00e-04|lr_wav2vec:1.00e-05|train_loss:4.96e-01|valid_loss:4.72e-01|valid_ctc_loss:4.71e-01|global-per:14.71|global-f1-score:5.61e-01
no mdd/dev-|epoch:23|lr_adam:3.00e-04|lr_wav2vec:1.00e-05|train_loss:4.86e-01|valid_loss:4.76e-01|valid_ctc_loss:4.75e-01|global-per:14.72|global-f1-score:5.63e-01
no mdd/dev-|epoch:24|lr_adam:3.00e-04|lr_wav2vec:1.00e-05|train_loss:4.70e-01|valid_loss:4.74e-01|valid_ctc_loss:4.72e-01|global-per:14.62|global-f1-score:5.62e-01
no mdd/dev-|epoch:25|lr_adam:3.00e-04|lr_wav2vec:1.00e-05|train_loss:4.61e-01|valid_loss:4.71e-01|valid_ctc_loss:4.70e-01|global-per:14.50|global-f1-score:5.64e-01
no mdd/dev-|epoch:26|lr_adam:3.00e-04|lr_wav2vec:1.00e-05|train_loss:4.57e-01|valid_loss:4.75e-01|valid_ctc_loss:4.74e-01|global-per:14.69|global-f1-score:5.59e-01
no mdd/dev-|epoch:27|lr_adam:3.00e-04|lr_wav2vec:1.00e-05|train_loss:4.41e-01|valid_loss:4.76e-01|valid_ctc_loss:4.75e-01|global-per:14.44|global-f1-score:5.67e-01
no mdd/dev-|epoch:28|lr_adam:3.00e-04|lr_wav2vec:1.00e-05|train_loss:4.40e-01|valid_loss:4.72e-01|valid_ctc_loss:4.71e-01|global-per:14.39|global-f1-score:5.67e-01
no mdd/dev-|epoch:29|lr_adam:3.00e-04|lr_wav2vec:1.00e-05|train_loss:4.32e-01|valid_loss:4.72e-01|valid_ctc_loss:4.71e-01|global-per:14.30|global-f1-score:5.74e-01
no mdd/dev-|epoch:30|lr_adam:3.00e-04|lr_wav2vec:1.00e-05|train_loss:4.18e-01|valid_loss:4.71e-01|valid_ctc_loss:4.70e-01|global-per:14.05|global-f1-score:5.83e-01
no mdd/dev-|epoch:31|lr_adam:3.00e-04|lr_wav2vec:1.00e-05|train_loss:4.06e-01|valid_loss:4.72e-01|valid_ctc_loss:4.71e-01|global-per:14.52|global-f1-score:5.77e-01
no mdd/dev-|epoch:32|lr_adam:3.00e-04|lr_wav2vec:1.00e-05|train_loss:4.14e-01|valid_loss:4.74e-01|valid_ctc_loss:4.73e-01|global-per:14.19|global-f1-score:5.81e-01
no mdd/dev-|epoch:33|lr_adam:3.00e-04|lr_wav2vec:1.00e-05|train_loss:4.05e-01|valid_loss:4.72e-01|valid_ctc_loss:4.71e-01|global-per:14.18|global-f1-score:5.81e-01
no mdd/dev-|epoch:34|lr_adam:3.00e-04|lr_wav2vec:1.00e-05|train_loss:4.01e-01|valid_loss:4.78e-01|valid_ctc_loss:4.77e-01|global-per:14.39|global-f1-score:5.74e-01
no mdd/dev-|epoch:35|lr_adam:3.00e-04|lr_wav2vec:1.00e-05|train_loss:3.94e-01|valid_loss:4.73e-01|valid_ctc_loss:4.72e-01|global-per:14.05|global-f1-score:5.85e-01
no mdd/dev-|epoch:36|lr_adam:3.00e-04|lr_wav2vec:1.00e-05|train_loss:3.80e-01|valid_loss:4.83e-01|valid_ctc_loss:4.82e-01|global-per:14.15|global-f1-score:5.83e-01
no mdd/dev-|epoch:37|lr_adam:3.00e-04|lr_wav2vec:1.00e-05|train_loss:3.69e-01|valid_loss:4.82e-01|valid_ctc_loss:4.81e-01|global-per:14.03|global-f1-score:5.85e-01
no mdd/dev-|epoch:38|lr_adam:3.00e-04|lr_wav2vec:1.00e-05|train_loss:3.65e-01|valid_loss:4.76e-01|valid_ctc_loss:4.75e-01|global-per:14.11|global-f1-score:5.86e-01
no mdd/dev-|epoch:39|lr_adam:3.00e-04|lr_wav2vec:1.00e-05|train_loss:3.62e-01|valid_loss:4.85e-01|valid_ctc_loss:4.84e-01|global-per:14.28|global-f1-score:5.87e-01
no mdd/dev-|epoch:40|lr_adam:3.00e-04|lr_wav2vec:1.00e-05|train_loss:3.59e-01|valid_loss:4.90e-01|valid_ctc_loss:4.89e-01|global-per:14.27|global-f1-score:5.78e-01
no mdd/dev-|epoch:41|lr_adam:3.00e-04|lr_wav2vec:1.00e-05|train_loss:3.53e-01|valid_loss:4.81e-01|valid_ctc_loss:4.80e-01|global-per:14.14|global-f1-score:5.82e-01
no mdd/dev-|epoch:42|lr_adam:3.00e-04|lr_wav2vec:1.00e-05|train_loss:3.40e-01|valid_loss:4.87e-01|valid_ctc_loss:4.86e-01|global-per:14.31|global-f1-score:5.88e-01
no mdd/dev-|epoch:43|lr_adam:3.00e-04|lr_wav2vec:1.00e-05|train_loss:3.37e-01|valid_loss:4.89e-01|valid_ctc_loss:4.88e-01|global-per:13.90|global-f1-score:5.89e-01
no mdd/dev-|epoch:44|lr_adam:3.00e-04|lr_wav2vec:1.00e-05|train_loss:3.30e-01|valid_loss:4.98e-01|valid_ctc_loss:4.98e-01|global-per:14.26|global-f1-score:5.79e-01
no mdd/dev-|epoch:45|lr_adam:3.00e-04|lr_wav2vec:1.00e-05|train_loss:3.20e-01|valid_loss:4.96e-01|valid_ctc_loss:4.95e-01|global-per:13.93|global-f1-score:5.82e-01
no mdd/dev-|epoch:46|lr_adam:3.00e-04|lr_wav2vec:1.00e-05|train_loss:3.16e-01|valid_loss:4.96e-01|valid_ctc_loss:4.96e-01|global-per:13.86|global-f1-score:5.76e-01
no mdd/dev-|epoch:47|lr_adam:3.00e-04|lr_wav2vec:1.00e-05|train_loss:3.05e-01|valid_loss:4.99e-01|valid_ctc_loss:4.98e-01|global-per:13.64|global-f1-score:5.83e-01
no mdd/dev-|epoch:48|lr_adam:3.00e-04|lr_wav2vec:1.00e-05|train_loss:3.04e-01|valid_loss:5.09e-01|valid_ctc_loss:5.08e-01|global-per:13.61|global-f1-score:5.80e-01
no mdd/dev-|epoch:49|lr_adam:3.00e-04|lr_wav2vec:1.00e-05|train_loss:3.04e-01|valid_loss:5.12e-01|valid_ctc_loss:5.11e-01|global-per:13.77|global-f1-score:5.82e-01
no mdd/dev-|epoch:50|lr_adam:3.00e-04|lr_wav2vec:1.00e-05|train_loss:2.98e-01|valid_loss:5.16e-01|valid_ctc_loss:5.15e-01|global-per:13.81|global-f1-score:5.84e-01
no mdd/dev-|Epoch_loaded:48|test_loss:6.11e-01|test_PER:14.98|test_mpd_f1:5.11e-01
no mdd/dev-|epoch:51|lr_adam:3.00e-04|lr_wav2vec:1.00e-05|train_loss:4.25e-01|valid_loss:5.79e-01|valid_ctc_loss:5.79e-01|global-per:13.53|global-f1-score:5.74e-01
no mdd/dev-|epoch:52|lr_adam:3.00e-04|lr_wav2vec:1.00e-05|train_loss:3.90e-01|valid_loss:5.71e-01|valid_ctc_loss:5.71e-01|global-per:13.44|global-f1-score:5.82e-01
no mdd/dev-|epoch:53|lr_adam:3.00e-04|lr_wav2vec:1.00e-05|train_loss:3.77e-01|valid_loss:5.81e-01|valid_ctc_loss:5.81e-01|global-per:13.33|global-f1-score:5.84e-01
no mdd/dev-|epoch:54|lr_adam:3.00e-04|lr_wav2vec:1.00e-05|train_loss:3.59e-01|valid_loss:5.99e-01|valid_ctc_loss:5.99e-01|global-per:13.65|global-f1-score:5.96e-01
no mdd/dev-|epoch:55|lr_adam:3.00e-04|lr_wav2vec:1.00e-05|train_loss:3.50e-01|valid_loss:6.11e-01|valid_ctc_loss:6.10e-01|global-per:13.78|global-f1-score:5.81e-01
no mdd/dev-|epoch:56|lr_adam:3.00e-04|lr_wav2vec:1.00e-05|train_loss:3.43e-01|valid_loss:6.10e-01|valid_ctc_loss:6.09e-01|global-per:13.52|global-f1-score:5.81e-01
no mdd/dev-|epoch:57|lr_adam:3.00e-04|lr_wav2vec:1.00e-05|train_loss:3.33e-01|valid_loss:6.02e-01|valid_ctc_loss:6.01e-01|global-per:13.15|global-f1-score:5.87e-01
no mdd/dev-|epoch:58|lr_adam:3.00e-04|lr_wav2vec:1.00e-05|train_loss:3.25e-01|valid_loss:6.12e-01|valid_ctc_loss:6.11e-01|global-per:13.21|global-f1-score:6.01e-01
no mdd/dev-|epoch:59|lr_adam:3.00e-04|lr_wav2vec:1.00e-05|train_loss:3.20e-01|valid_loss:6.35e-01|valid_ctc_loss:6.34e-01|global-per:13.34|global-f1-score:5.93e-01
no mdd/dev-|epoch:60|lr_adam:3.00e-04|lr_wav2vec:1.00e-05|train_loss:3.14e-01|valid_loss:6.35e-01|valid_ctc_loss:6.34e-01|global-per:13.11|global-f1-score:6.05e-01
no mdd/dev-|epoch:61|lr_adam:3.00e-04|lr_wav2vec:1.00e-05|train_loss:3.05e-01|valid_loss:6.67e-01|valid_ctc_loss:6.66e-01|global-per:13.14|global-f1-score:5.98e-01
no mdd/dev-|epoch:62|lr_adam:3.00e-04|lr_wav2vec:1.00e-05|train_loss:2.97e-01|valid_loss:6.54e-01|valid_ctc_loss:6.52e-01|global-per:13.24|global-f1-score:5.98e-01
no mdd/dev-|epoch:63|lr_adam:3.00e-04|lr_wav2vec:1.00e-05|train_loss:2.93e-01|valid_loss:6.43e-01|valid_ctc_loss:6.42e-01|global-per:13.13|global-f1-score:5.99e-01
no mdd/dev-|epoch:51|lr_adam:3.00e-04|lr_wav2vec:1.00e-05|train_loss:2.75e-01|valid_loss:7.03e-01|valid_ctc_loss:7.01e-01|global-per:13.34|global-f1-score:5.90e-01
no mdd/dev-|epoch:52|lr_adam:3.00e-04|lr_wav2vec:1.00e-05|train_loss:2.62e-01|valid_loss:7.08e-01|valid_ctc_loss:7.07e-01|global-per:13.64|global-f1-score:5.89e-01
no mdd/dev-|epoch:53|lr_adam:3.00e-04|lr_wav2vec:1.00e-05|train_loss:2.55e-01|valid_loss:7.08e-01|valid_ctc_loss:7.07e-01|global-per:13.31|global-f1-score:5.92e-01
no mdd/dev-|epoch:54|lr_adam:3.00e-04|lr_wav2vec:1.00e-05|train_loss:2.45e-01|valid_loss:7.40e-01|valid_ctc_loss:7.39e-01|global-per:13.45|global-f1-score:5.89e-01
no mdd/dev-|epoch:55|lr_adam:3.00e-04|lr_wav2vec:1.00e-05|train_loss:2.40e-01|valid_loss:7.46e-01|valid_ctc_loss:7.45e-01|global-per:13.49|global-f1-score:5.89e-01
no mdd/dev-|epoch:56|lr_adam:3.00e-04|lr_wav2vec:1.00e-05|train_loss:2.37e-01|valid_loss:7.60e-01|valid_ctc_loss:7.58e-01|global-per:13.39|global-f1-score:5.83e-01
no mdd/dev-|epoch:57|lr_adam:3.00e-04|lr_wav2vec:1.00e-05|train_loss:2.29e-01|valid_loss:7.86e-01|valid_ctc_loss:7.84e-01|global-per:13.41|global-f1-score:5.87e-01
no mdd/dev-|epoch:58|lr_adam:3.00e-04|lr_wav2vec:1.00e-05|train_loss:2.25e-01|valid_loss:7.77e-01|valid_ctc_loss:7.76e-01|global-per:13.33|global-f1-score:5.94e-01
no mdd/dev-|epoch:59|lr_adam:3.00e-04|lr_wav2vec:1.00e-05|train_loss:2.22e-01|valid_loss:7.68e-01|valid_ctc_loss:7.67e-01|global-per:13.42|global-f1-score:5.90e-01
no mdd/dev-|epoch:60|lr_adam:3.00e-04|lr_wav2vec:1.00e-05|train_loss:2.15e-01|valid_loss:8.08e-01|valid_ctc_loss:8.07e-01|global-per:13.25|global-f1-score:5.99e-01
no mdd/dev-|epoch:61|lr_adam:3.00e-04|lr_wav2vec:1.00e-05|train_loss:2.22e-01|valid_loss:8.02e-01|valid_ctc_loss:8.00e-01|global-per:13.26|global-f1-score:5.94e-01
no mdd/dev-|epoch:62|lr_adam:3.00e-04|lr_wav2vec:1.00e-05|train_loss:2.22e-01|valid_loss:8.02e-01|valid_ctc_loss:8.01e-01|global-per:13.44|global-f1-score:5.89e-01
no mdd/dev-|epoch:63|lr_adam:3.00e-04|lr_wav2vec:1.00e-05|train_loss:2.12e-01|valid_loss:7.90e-01|valid_ctc_loss:7.88e-01|global-per:13.13|global-f1-score:5.94e-01
no mdd/dev-|epoch:64|lr_adam:3.00e-04|lr_wav2vec:1.00e-05|train_loss:2.11e-01|valid_loss:8.20e-01|valid_ctc_loss:8.18e-01|global-per:13.14|global-f1-score:6.03e-01
no mdd/dev-|epoch:65|lr_adam:3.00e-04|lr_wav2vec:1.00e-05|train_loss:2.07e-01|valid_loss:8.43e-01|valid_ctc_loss:8.42e-01|global-per:13.31|global-f1-score:5.94e-01
no mdd/dev-|epoch:66|lr_adam:3.00e-04|lr_wav2vec:1.00e-05|train_loss:2.03e-01|valid_loss:8.25e-01|valid_ctc_loss:8.23e-01|global-per:13.34|global-f1-score:6.02e-01
no mdd/dev-|epoch:67|lr_adam:3.00e-04|lr_wav2vec:1.00e-05|train_loss:1.98e-01|valid_loss:8.31e-01|valid_ctc_loss:8.29e-01|global-per:13.15|global-f1-score:6.05e-01
no mdd/dev-|epoch:68|lr_adam:3.00e-04|lr_wav2vec:1.00e-05|train_loss:1.96e-01|valid_loss:8.31e-01|valid_ctc_loss:8.30e-01|global-per:13.31|global-f1-score:5.99e-01
no mdd/dev-|epoch:69|lr_adam:3.00e-04|lr_wav2vec:1.00e-05|train_loss:1.94e-01|valid_loss:8.23e-01|valid_ctc_loss:8.21e-01|global-per:12.92|global-f1-score:6.02e-01
no mdd/dev-|epoch:70|lr_adam:3.00e-04|lr_wav2vec:1.00e-05|train_loss:1.90e-01|valid_loss:8.35e-01|valid_ctc_loss:8.33e-01|global-per:13.43|global-f1-score:5.96e-01
no mdd/dev-|epoch:71|lr_adam:3.00e-04|lr_wav2vec:1.00e-05|train_loss:1.87e-01|valid_loss:8.29e-01|valid_ctc_loss:8.27e-01|global-per:13.03|global-f1-score:5.95e-01
no mdd/dev-|epoch:72|lr_adam:3.00e-04|lr_wav2vec:1.00e-05|train_loss:1.83e-01|valid_loss:8.65e-01|valid_ctc_loss:8.64e-01|global-per:13.29|global-f1-score:5.98e-01
no mdd/dev-|epoch:73|lr_adam:3.00e-04|lr_wav2vec:1.00e-05|train_loss:1.82e-01|valid_loss:8.41e-01|valid_ctc_loss:8.39e-01|global-per:13.25|global-f1-score:6.01e-01
no mdd/dev-|epoch:74|lr_adam:3.00e-04|lr_wav2vec:1.00e-05|train_loss:1.78e-01|valid_loss:8.73e-01|valid_ctc_loss:8.72e-01|global-per:13.36|global-f1-score:6.03e-01
no mdd/dev-|epoch:75|lr_adam:3.00e-04|lr_wav2vec:1.00e-05|train_loss:1.75e-01|valid_loss:8.97e-01|valid_ctc_loss:8.95e-01|global-per:13.26|global-f1-score:6.01e-01
no mdd/dev-|epoch:76|lr_adam:3.00e-04|lr_wav2vec:1.00e-05|train_loss:1.72e-01|valid_loss:8.77e-01|valid_ctc_loss:8.75e-01|global-per:13.23|global-f1-score:5.97e-01
no mdd/dev-|epoch:77|lr_adam:3.00e-04|lr_wav2vec:1.00e-05|train_loss:1.71e-01|valid_loss:8.92e-01|valid_ctc_loss:8.90e-01|global-per:13.26|global-f1-score:6.09e-01
no mdd/dev-|epoch:78|lr_adam:3.00e-04|lr_wav2vec:1.00e-05|train_loss:1.69e-01|valid_loss:9.02e-01|valid_ctc_loss:9.01e-01|global-per:13.26|global-f1-score:6.02e-01
no mdd/dev-|epoch:79|lr_adam:3.00e-04|lr_wav2vec:1.00e-05|train_loss:1.66e-01|valid_loss:9.27e-01|valid_ctc_loss:9.26e-01|global-per:13.16|global-f1-score:5.98e-01
no mdd/dev-|epoch:80|lr_adam:3.00e-04|lr_wav2vec:1.00e-05|train_loss:1.65e-01|valid_loss:8.81e-01|valid_ctc_loss:8.79e-01|global-per:13.15|global-f1-score:6.00e-01
no mdd/dev-|epoch:81|lr_adam:3.00e-04|lr_wav2vec:1.00e-05|train_loss:1.63e-01|valid_loss:9.38e-01|valid_ctc_loss:9.35e-01|global-per:13.23|global-f1-score:6.00e-01
no mdd/dev-|epoch:82|lr_adam:3.00e-04|lr_wav2vec:1.00e-05|train_loss:1.58e-01|valid_loss:9.30e-01|valid_ctc_loss:9.28e-01|global-per:13.10|global-f1-score:6.03e-01
no mdd/dev-|epoch:83|lr_adam:3.00e-04|lr_wav2vec:1.00e-05|train_loss:1.56e-01|valid_loss:9.22e-01|valid_ctc_loss:9.20e-01|global-per:13.07|global-f1-score:6.02e-01
no mdd/dev-|epoch:84|lr_adam:3.00e-04|lr_wav2vec:1.00e-05|train_loss:1.56e-01|valid_loss:8.80e-01|valid_ctc_loss:8.78e-01|global-per:13.42|global-f1-score:6.00e-01
no mdd/dev-|epoch:85|lr_adam:3.00e-04|lr_wav2vec:1.00e-05|train_loss:1.56e-01|valid_loss:9.22e-01|valid_ctc_loss:9.20e-01|global-per:13.31|global-f1-score:6.02e-01
no mdd/dev-|epoch:86|lr_adam:3.00e-04|lr_wav2vec:1.00e-05|train_loss:1.54e-01|valid_loss:9.61e-01|valid_ctc_loss:9.58e-01|global-per:13.09|global-f1-score:6.03e-01
no mdd/dev-|epoch:87|lr_adam:3.00e-04|lr_wav2vec:1.00e-05|train_loss:1.51e-01|valid_loss:9.12e-01|valid_ctc_loss:9.09e-01|global-per:13.10|global-f1-score:6.04e-01
no mdd/dev-|epoch:88|lr_adam:3.00e-04|lr_wav2vec:1.00e-05|train_loss:1.47e-01|valid_loss:9.21e-01|valid_ctc_loss:9.20e-01|global-per:13.11|global-f1-score:6.05e-01
no mdd/dev-|epoch:89|lr_adam:3.00e-04|lr_wav2vec:1.00e-05|train_loss:1.47e-01|valid_loss:9.40e-01|valid_ctc_loss:9.39e-01|global-per:13.21|global-f1-score:6.03e-01
no mdd/dev-|epoch:90|lr_adam:3.00e-04|lr_wav2vec:1.00e-05|train_loss:1.46e-01|valid_loss:9.59e-01|valid_ctc_loss:9.57e-01|global-per:13.19|global-f1-score:5.96e-01
no mdd/dev-|epoch:91|lr_adam:3.00e-04|lr_wav2vec:1.00e-05|train_loss:1.45e-01|valid_loss:9.32e-01|valid_ctc_loss:9.30e-01|global-per:13.12|global-f1-score:5.96e-01
no mdd/dev-|epoch:92|lr_adam:3.00e-04|lr_wav2vec:1.00e-05|train_loss:1.42e-01|valid_loss:9.64e-01|valid_ctc_loss:9.62e-01|global-per:13.19|global-f1-score:5.95e-01
no mdd/dev-|epoch:93|lr_adam:3.00e-04|lr_wav2vec:1.00e-05|train_loss:1.41e-01|valid_loss:9.08e-01|valid_ctc_loss:9.06e-01|global-per:13.11|global-f1-score:6.01e-01
no mdd/dev-|epoch:94|lr_adam:3.00e-04|lr_wav2vec:1.00e-05|train_loss:1.37e-01|valid_loss:9.37e-01|valid_ctc_loss:9.34e-01|global-per:13.04|global-f1-score:6.00e-01
no mdd/dev-|epoch:95|lr_adam:3.00e-04|lr_wav2vec:1.00e-05|train_loss:1.39e-01|valid_loss:9.80e-01|valid_ctc_loss:9.78e-01|global-per:13.22|global-f1-score:5.97e-01
no mdd/dev-|epoch:96|lr_adam:3.00e-04|lr_wav2vec:1.00e-05|train_loss:1.36e-01|valid_loss:9.59e-01|valid_ctc_loss:9.58e-01|global-per:13.27|global-f1-score:5.96e-01
no mdd/dev-|epoch:97|lr_adam:3.00e-04|lr_wav2vec:1.00e-05|train_loss:1.33e-01|valid_loss:9.42e-01|valid_ctc_loss:9.40e-01|global-per:13.14|global-f1-score:6.00e-01
no mdd/dev-|epoch:98|lr_adam:3.00e-04|lr_wav2vec:1.00e-05|train_loss:1.35e-01|valid_loss:9.38e-01|valid_ctc_loss:9.37e-01|global-per:13.22|global-f1-score:6.04e-01
no mdd/dev-|epoch:99|lr_adam:3.00e-04|lr_wav2vec:1.00e-05|train_loss:1.33e-01|valid_loss:9.78e-01|valid_ctc_loss:9.76e-01|global-per:13.03|global-f1-score:6.01e-01
no mdd/dev-|epoch:100|lr_adam:3.00e-04|lr_wav2vec:1.00e-05|train_loss:1.32e-01|valid_loss:9.85e-01|valid_ctc_loss:9.83e-01|global-per:13.23|global-f1-score:5.99e-01
no mdd/dev-|Epoch_loaded:69|test_loss:1.00|test_PER:14.78|test_mpd_f1:5.13e-01
no mdd/dev-|epoch:51|lr_adam:3.00e-04|lr_wav2vec:1.00e-05|train_loss:1.84e-01|valid_loss:8.57e-01|valid_ctc_loss:8.55e-01|global-per:13.14|global-f1-score:5.92e-01
no mdd/dev-|epoch:52|lr_adam:3.00e-04|lr_wav2vec:1.00e-05|train_loss:1.75e-01|valid_loss:8.84e-01|valid_ctc_loss:8.83e-01|global-per:13.39|global-f1-score:5.94e-01
no mdd/dev-|epoch:53|lr_adam:3.00e-04|lr_wav2vec:1.00e-05|train_loss:1.72e-01|valid_loss:8.96e-01|valid_ctc_loss:8.94e-01|global-per:13.32|global-f1-score:5.93e-01
no mdd/dev-|epoch:54|lr_adam:3.00e-04|lr_wav2vec:1.00e-05|train_loss:1.65e-01|valid_loss:9.28e-01|valid_ctc_loss:9.26e-01|global-per:13.32|global-f1-score:5.90e-01
no mdd/dev-|epoch:55|lr_adam:3.00e-04|lr_wav2vec:1.00e-05|train_loss:1.63e-01|valid_loss:8.97e-01|valid_ctc_loss:8.96e-01|global-per:13.03|global-f1-score:5.99e-01
no mdd/dev-|epoch:56|lr_adam:3.00e-04|lr_wav2vec:1.00e-05|train_loss:1.61e-01|valid_loss:9.41e-01|valid_ctc_loss:9.40e-01|global-per:13.31|global-f1-score:5.91e-01
no mdd/dev-|epoch:57|lr_adam:3.00e-04|lr_wav2vec:1.00e-05|train_loss:1.55e-01|valid_loss:9.87e-01|valid_ctc_loss:9.85e-01|global-per:13.16|global-f1-score:5.97e-01
no mdd/dev-|epoch:58|lr_adam:3.00e-04|lr_wav2vec:1.00e-05|train_loss:1.54e-01|valid_loss:9.44e-01|valid_ctc_loss:9.42e-01|global-per:13.23|global-f1-score:5.97e-01
no mdd/dev-|epoch:59|lr_adam:3.00e-04|lr_wav2vec:1.00e-05|train_loss:1.50e-01|valid_loss:9.76e-01|valid_ctc_loss:9.75e-01|global-per:13.11|global-f1-score:6.01e-01
no mdd/dev-|epoch:60|lr_adam:3.00e-04|lr_wav2vec:1.00e-05|train_loss:1.45e-01|valid_loss:9.83e-01|valid_ctc_loss:9.80e-01|global-per:13.23|global-f1-score:5.95e-01
no mdd/dev-|epoch:61|lr_adam:3.00e-04|lr_wav2vec:1.00e-05|train_loss:1.47e-01|valid_loss:9.74e-01|valid_ctc_loss:9.72e-01|global-per:13.13|global-f1-score:6.01e-01
no mdd/dev-|epoch:62|lr_adam:3.00e-04|lr_wav2vec:1.00e-05|train_loss:1.45e-01|valid_loss:1.03|valid_ctc_loss:1.03|global-per:13.04|global-f1-score:6.01e-01
no mdd/dev-|epoch:63|lr_adam:3.00e-04|lr_wav2vec:1.00e-05|train_loss:1.42e-01|valid_loss:9.80e-01|valid_ctc_loss:9.78e-01|global-per:13.13|global-f1-score:6.01e-01
no mdd/dev-|epoch:64|lr_adam:3.00e-04|lr_wav2vec:1.00e-05|train_loss:1.44e-01|valid_loss:1.01|valid_ctc_loss:1.01|global-per:13.25|global-f1-score:5.95e-01
no mdd/dev-|epoch:65|lr_adam:3.00e-04|lr_wav2vec:1.00e-05|train_loss:1.40e-01|valid_loss:1.01|valid_ctc_loss:1.01|global-per:13.01|global-f1-score:5.93e-01
no mdd/dev-|epoch:66|lr_adam:3.00e-04|lr_wav2vec:1.00e-05|train_loss:1.37e-01|valid_loss:1.00|valid_ctc_loss:1.00|global-per:13.21|global-f1-score:6.03e-01
no mdd/dev-|epoch:67|lr_adam:3.00e-04|lr_wav2vec:1.00e-05|train_loss:1.31e-01|valid_loss:1.08|valid_ctc_loss:1.08|global-per:12.95|global-f1-score:6.06e-01
no mdd/dev-|epoch:68|lr_adam:3.00e-04|lr_wav2vec:1.00e-05|train_loss:1.32e-01|valid_loss:1.10|valid_ctc_loss:1.09|global-per:13.10|global-f1-score:5.93e-01
no mdd/dev-|epoch:69|lr_adam:3.00e-04|lr_wav2vec:1.00e-05|train_loss:1.30e-01|valid_loss:1.08|valid_ctc_loss:1.08|global-per:13.01|global-f1-score:6.04e-01
no mdd/dev-|epoch:70|lr_adam:3.00e-04|lr_wav2vec:1.00e-05|train_loss:1.40e-01|valid_loss:1.05|valid_ctc_loss:1.05|global-per:13.27|global-f1-score:5.88e-01
no mdd/dev-|epoch:71|lr_adam:3.00e-04|lr_wav2vec:1.00e-05|train_loss:1.36e-01|valid_loss:9.98e-01|valid_ctc_loss:9.96e-01|global-per:13.08|global-f1-score:5.97e-01
no mdd/dev-|epoch:72|lr_adam:3.00e-04|lr_wav2vec:1.00e-05|train_loss:1.34e-01|valid_loss:1.05|valid_ctc_loss:1.05|global-per:13.13|global-f1-score:5.99e-01
no mdd/dev-|epoch:73|lr_adam:3.00e-04|lr_wav2vec:1.00e-05|train_loss:1.34e-01|valid_loss:1.01|valid_ctc_loss:1.00|global-per:13.26|global-f1-score:5.98e-01
no mdd/dev-|epoch:74|lr_adam:3.00e-04|lr_wav2vec:1.00e-05|train_loss:1.31e-01|valid_loss:1.03|valid_ctc_loss:1.03|global-per:13.11|global-f1-score:6.06e-01
no mdd/dev-|epoch:75|lr_adam:3.00e-04|lr_wav2vec:1.00e-05|train_loss:1.30e-01|valid_loss:1.05|valid_ctc_loss:1.05|global-per:13.13|global-f1-score:5.97e-01
no mdd/dev-|epoch:76|lr_adam:3.00e-04|lr_wav2vec:1.00e-05|train_loss:1.27e-01|valid_loss:1.06|valid_ctc_loss:1.06|global-per:13.26|global-f1-score:5.94e-01
no mdd/dev-|epoch:77|lr_adam:3.00e-04|lr_wav2vec:1.00e-05|train_loss:1.25e-01|valid_loss:1.10|valid_ctc_loss:1.10|global-per:13.09|global-f1-score:5.98e-01
no mdd/dev-|epoch:78|lr_adam:3.00e-04|lr_wav2vec:1.00e-05|train_loss:1.23e-01|valid_loss:1.12|valid_ctc_loss:1.12|global-per:13.05|global-f1-score:6.06e-01
no mdd/dev-|epoch:79|lr_adam:3.00e-04|lr_wav2vec:1.00e-05|train_loss:1.25e-01|valid_loss:1.13|valid_ctc_loss:1.13|global-per:13.22|global-f1-score:5.97e-01
no mdd/dev-|epoch:80|lr_adam:3.00e-04|lr_wav2vec:1.00e-05|train_loss:1.23e-01|valid_loss:1.07|valid_ctc_loss:1.07|global-per:13.15|global-f1-score:5.97e-01
no mdd/dev-|epoch:81|lr_adam:3.00e-04|lr_wav2vec:1.00e-05|train_loss:1.21e-01|valid_loss:1.10|valid_ctc_loss:1.10|global-per:13.21|global-f1-score:6.03e-01
no mdd/dev-|epoch:82|lr_adam:3.00e-04|lr_wav2vec:1.00e-05|train_loss:1.17e-01|valid_loss:1.15|valid_ctc_loss:1.15|global-per:12.98|global-f1-score:5.96e-01
no mdd/dev-|epoch:83|lr_adam:3.00e-04|lr_wav2vec:1.00e-05|train_loss:1.13e-01|valid_loss:1.15|valid_ctc_loss:1.15|global-per:13.10|global-f1-score:6.03e-01
no mdd/dev-|epoch:84|lr_adam:3.00e-04|lr_wav2vec:1.00e-05|train_loss:1.17e-01|valid_loss:1.12|valid_ctc_loss:1.12|global-per:13.08|global-f1-score:6.04e-01
no mdd/dev-|epoch:85|lr_adam:3.00e-04|lr_wav2vec:1.00e-05|train_loss:1.16e-01|valid_loss:1.12|valid_ctc_loss:1.12|global-per:13.41|global-f1-score:5.88e-01
no mdd/dev-|epoch:86|lr_adam:3.00e-04|lr_wav2vec:1.00e-05|train_loss:1.13e-01|valid_loss:1.15|valid_ctc_loss:1.15|global-per:13.40|global-f1-score:5.85e-01
no mdd/dev-|epoch:87|lr_adam:3.00e-04|lr_wav2vec:1.00e-05|train_loss:1.13e-01|valid_loss:1.14|valid_ctc_loss:1.14|global-per:13.37|global-f1-score:5.92e-01
no mdd/dev-|epoch:88|lr_adam:3.00e-04|lr_wav2vec:1.00e-05|train_loss:1.09e-01|valid_loss:1.12|valid_ctc_loss:1.12|global-per:13.26|global-f1-score:5.94e-01
no mdd/dev-|epoch:89|lr_adam:3.00e-04|lr_wav2vec:1.00e-05|train_loss:1.10e-01|valid_loss:1.18|valid_ctc_loss:1.18|global-per:13.18|global-f1-score:5.96e-01
no mdd/dev-|epoch:90|lr_adam:3.00e-04|lr_wav2vec:1.00e-05|train_loss:1.08e-01|valid_loss:1.14|valid_ctc_loss:1.13|global-per:13.14|global-f1-score:5.97e-01
no mdd/dev-|epoch:91|lr_adam:3.00e-04|lr_wav2vec:1.00e-05|train_loss:1.08e-01|valid_loss:1.13|valid_ctc_loss:1.12|global-per:13.10|global-f1-score:5.98e-01
no mdd/dev-|epoch:92|lr_adam:3.00e-04|lr_wav2vec:1.00e-05|train_loss:1.06e-01|valid_loss:1.21|valid_ctc_loss:1.21|global-per:13.10|global-f1-score:5.93e-01
no mdd/dev-|epoch:93|lr_adam:3.00e-04|lr_wav2vec:1.00e-05|train_loss:1.05e-01|valid_loss:1.14|valid_ctc_loss:1.14|global-per:13.15|global-f1-score:6.01e-01
no mdd/dev-|epoch:94|lr_adam:3.00e-04|lr_wav2vec:1.00e-05|train_loss:1.03e-01|valid_loss:1.16|valid_ctc_loss:1.16|global-per:13.32|global-f1-score:5.96e-01
no mdd/dev-|epoch:95|lr_adam:3.00e-04|lr_wav2vec:1.00e-05|train_loss:1.03e-01|valid_loss:1.11|valid_ctc_loss:1.10|global-per:12.96|global-f1-score:6.01e-01
no mdd/dev-|epoch:96|lr_adam:3.00e-04|lr_wav2vec:1.00e-05|train_loss:1.01e-01|valid_loss:1.18|valid_ctc_loss:1.18|global-per:13.09|global-f1-score:5.92e-01
no mdd/dev-|epoch:97|lr_adam:3.00e-04|lr_wav2vec:1.00e-05|train_loss:9.87e-02|valid_loss:1.14|valid_ctc_loss:1.14|global-per:13.22|global-f1-score:5.89e-01
no mdd/dev-|epoch:98|lr_adam:3.00e-04|lr_wav2vec:1.00e-05|train_loss:9.94e-02|valid_loss:1.12|valid_ctc_loss:1.12|global-per:13.18|global-f1-score:5.96e-01
no mdd/dev-|epoch:99|lr_adam:3.00e-04|lr_wav2vec:1.00e-05|train_loss:9.95e-02|valid_loss:1.18|valid_ctc_loss:1.17|global-per:13.07|global-f1-score:5.98e-01
no mdd/dev-|epoch:100|lr_adam:3.00e-04|lr_wav2vec:1.00e-05|train_loss:9.86e-02|valid_loss:1.19|valid_ctc_loss:1.19|global-per:13.16|global-f1-score:5.99e-01