mdd/train-|step:89|loss:199.01400756835938|
mdd/dev-|step:89|loss:118.45854949951172|per:100.0|corr_diag_pct:0.025146085768938065|err_diag_pct:0.9153743386268616|f1_score:0.2150670737028122|precision:0.12577541172504425|recall:0.9164857864379883|
mdd/test-|step:89|loss:117.35059356689453|per:100.0|corr_diag_pct:0.03659842908382416|err_diag_pct:0.9211793541908264|f1_score:0.22310425341129303|precision:0.13086216151714325|recall:0.9471686482429504|
mdd/train-|step:178|loss:84.94602966308594|
mdd/dev-|step:178|loss:48.7829475402832|per:48.43592071533203|corr_diag_pct:0.3496324419975281|err_diag_pct:0.5908880233764648|f1_score:0.35183972120285034|precision:0.23139220476150513|recall:0.8726729154586792|
mdd/test-|step:178|loss:48.36433029174805|per:48.418270111083984|corr_diag_pct:0.3549167811870575|err_diag_pct:0.592860996723175|f1_score:0.3516239523887634|precision:0.23099291324615479|recall:0.8767642974853516|
mdd/train-|step:267|loss:40.29931640625|
mdd/dev-|step:267|loss:33.637447357177734|per:30.598878860473633|corr_diag_pct:0.4375816285610199|err_diag_pct:0.45089420676231384|f1_score:0.41626569628715515|precision:0.3070093095302582|recall:0.7374404072761536|
mdd/test-|step:267|loss:33.448482513427734|per:30.243711471557617|corr_diag_pct:0.42417579889297485|err_diag_pct:0.4913797676563263|f1_score:0.42205390334129333|precision:0.31332266330718994|recall:0.7453242540359497|
mdd/train-|step:356|loss:30.416824340820312|
mdd/dev-|step:356|loss:28.949125289916992|per:24.893268585205078|corr_diag_pct:0.4549292027950287|err_diag_pct:0.4038068950176239|f1_score:0.4363531470298767|precision:0.3410095274448395|recall:0.6790058016777039|
mdd/test-|step:356|loss:28.838918685913086|per:24.858081817626953|corr_diag_pct:0.449618935585022|err_diag_pct:0.4392699599266052|f1_score:0.4359952509403229|precision:0.3508024215698242|recall:0.6654958128929138|
mdd/train-|step:445|loss:25.71799087524414|
mdd/dev-|step:445|loss:26.838685989379883|per:22.864255905151367|corr_diag_pct:0.47784486413002014|err_diag_pct:0.38089123368263245|f1_score:0.44390952587127686|precision:0.3587459325790405|recall:0.6548222899436951|
mdd/test-|step:445|loss:26.428197860717773|per:22.596227645874023|corr_diag_pct:0.4584897756576538|err_diag_pct:0.4115101993083954|f1_score:0.4417616128921509|precision:0.3727278411388397|recall:0.6245649456977844|
mdd/train-|step:534|loss:22.93906021118164|
mdd/dev-|step:534|loss:25.62388801574707|per:20.954315185546875|corr_diag_pct:0.5392130017280579|err_diag_pct:0.31952303647994995|f1_score:0.4562279284000397|precision:0.37596774101257324|recall:0.6549809575080872|
mdd/test-|step:534|loss:25.20703125|per:20.912782669067383|corr_diag_pct:0.5139960050582886|err_diag_pct:0.3582261800765991|f1_score:0.46066129207611084|precision:0.39550265669822693|recall:0.6320677399635315|
mdd/train-|step:623|loss:20.577938079833984|
mdd/dev-|step:623|loss:24.579439163208008|per:20.34137535095215|corr_diag_pct:0.5279474854469299|err_diag_pct:0.3270711600780487|f1_score:0.4521096348762512|precision:0.38339143991470337|recall:0.6301137804985046|
mdd/test-|step:623|loss:24.25685691833496|per:20.166654586791992|corr_diag_pct:0.48151895403862|err_diag_pct:0.3673699200153351|f1_score:0.44275444746017456|precision:0.3946950137615204|recall:0.5806358456611633|
mdd/train-|step:712|loss:18.878494262695312|
mdd/dev-|step:712|loss:24.166635513305664|per:18.90757179260254|corr_diag_pct:0.5410544276237488|err_diag_pct:0.29909422993659973|f1_score:0.4578510522842407|precision:0.3957492709159851|recall:0.6155270338058472|
mdd/test-|step:712|loss:23.860612869262695|per:18.91712760925293|corr_diag_pct:0.5195092558860779|err_diag_pct:0.32826852798461914|f1_score:0.4506028890609741|precision:0.4124038815498352|recall:0.5713076591491699|
mdd/train-|step:801|loss:17.44959259033203|
mdd/dev-|step:801|loss:23.605669021606445|per:18.780506134033203|corr_diag_pct:0.5526280999183655|err_diag_pct:0.30239051580429077|f1_score:0.4598596394062042|precision:0.40025943517684937|recall:0.6159619688987732|
mdd/test-|step:801|loss:23.369205474853516|per:18.599008560180664|corr_diag_pct:0.5080803036689758|err_diag_pct:0.3352530896663666|f1_score:0.4493250846862793|precision:0.41501471400260925|recall:0.5635778903961182|
mdd/train-|step:890|loss:16.33538818359375|
mdd/dev-|step:890|loss:23.865354537963867|per:18.140579223632812|corr_diag_pct:0.5502492785453796|err_diag_pct:0.2936168611049652|f1_score:0.4562557339668274|precision:0.40405818819999695|recall:0.5979335904121399|
mdd/test-|step:890|loss:23.438905715942383|per:17.95682144165039|corr_diag_pct:0.5101532936096191|err_diag_pct:0.32095783948898315|f1_score:0.4519825577735901|precision:0.42540574073791504|recall:0.551986813545227|
mdd/train-|step:979|loss:15.381607055664062|
mdd/dev-|step:979|loss:23.56285285949707|per:17.999025344848633|corr_diag_pct:0.5498961210250854|err_diag_pct:0.2865351140499115|f1_score:0.46317601203918457|precision:0.40916907787323|recall:0.6063046455383301|
mdd/test-|step:979|loss:23.223302841186523|per:17.762603759765625|corr_diag_pct:0.5149726867675781|err_diag_pct:0.3128051161766052|f1_score:0.4483611583709717|precision:0.42971330881118774|recall:0.5427859425544739|
mdd/train-|step:1068|loss:14.442398071289062|
mdd/dev-|step:1068|loss:23.87140464782715|per:17.90090560913086|corr_diag_pct:0.5920342803001404|err_diag_pct:0.2555493414402008|f1_score:0.46257537603378296|precision:0.40668967366218567|recall:0.6078632473945618|
mdd/test-|step:1068|loss:23.329532623291016|per:17.57941436767578|corr_diag_pct:0.5438539385795593|err_diag_pct:0.2928127348423004|f1_score:0.4561191201210022|precision:0.43294352293014526|recall:0.5545893311500549|
mdd/train-|step:1157|loss:13.56985855102539|
mdd/dev-|step:1157|loss:23.78341293334961|per:17.600412368774414|corr_diag_pct:0.5857977271080017|err_diag_pct:0.2580684423446655|f1_score:0.4733123779296875|precision:0.4159158766269684|recall:0.6168781518936157|
mdd/test-|step:1157|loss:23.355636596679688|per:17.282602310180664|corr_diag_pct:0.5438531041145325|err_diag_pct:0.28948020935058594|f1_score:0.4594140648841858|precision:0.4379994571208954|recall:0.5568971037864685|
mdd/train-|step:1246|loss:12.637560844421387|
mdd/dev-|step:1246|loss:24.259380340576172|per:17.79524803161621|corr_diag_pct:0.5760011076927185|err_diag_pct:0.2753000855445862|f1_score:0.472391277551651|precision:0.4223212003707886|recall:0.6112677454948425|
mdd/test-|step:1246|loss:23.69126319885254|per:17.418123245239258|corr_diag_pct:0.5396803617477417|err_diag_pct:0.2936529815196991|f1_score:0.4580225348472595|precision:0.43680188059806824|recall:0.5568022727966309|
mdd/train-|step:1335|loss:11.87740421295166|
mdd/dev-|step:1335|loss:24.540809631347656|per:17.689119338989258|corr_diag_pct:0.5721661448478699|err_diag_pct:0.2679826319217682|f1_score:0.4698798954486847|precision:0.4202007055282593|recall:0.6094298958778381|
mdd/test-|step:1335|loss:23.97663688659668|per:17.557716369628906|corr_diag_pct:0.5348693132400513|err_diag_pct:0.29624179005622864|f1_score:0.45404496788978577|precision:0.4289427399635315|recall:0.5521396398544312|
mdd/train-|step:1424|loss:11.35615062713623|
mdd/dev-|step:1424|loss:24.928197860717773|per:17.724040985107422|corr_diag_pct:0.5845698714256287|err_diag_pct:0.2630137503147125|f1_score:0.47071361541748047|precision:0.4190036952495575|recall:0.6154094338417053|
mdd/test-|step:1424|loss:24.5148868560791|per:17.305164337158203|corr_diag_pct:0.5418958067893982|err_diag_pct:0.2958820164203644|f1_score:0.46554580330848694|precision:0.4400756061077118|recall:0.5641387701034546|
mdd/train-|step:1513|loss:10.819723129272461|
mdd/dev-|step:1513|loss:25.23894691467285|per:17.317514419555664|corr_diag_pct:0.5875536799430847|err_diag_pct:0.2451600730419159|f1_score:0.45933762192726135|precision:0.4158519506454468|recall:0.5924937725067139|
mdd/test-|step:1513|loss:24.850648880004883|per:17.213510513305664|corr_diag_pct:0.5406713485717773|err_diag_pct:0.287106454372406|f1_score:0.44942519068717957|precision:0.436879962682724|recall:0.5336787700653076|
mdd/train-|step:1602|loss:10.188314437866211|
mdd/dev-|step:1602|loss:25.664722442626953|per:17.122873306274414|corr_diag_pct:0.6094817519187927|err_diag_pct:0.23810185492038727|f1_score:0.46966949105262756|precision:0.4232963025569916|recall:0.6070936918258667|
mdd/test-|step:1602|loss:25.27480125427246|per:16.96404457092285|corr_diag_pct:0.5644617676734924|err_diag_pct:0.27109378576278687|f1_score:0.45461371541023254|precision:0.4407322108745575|recall:0.5423108339309692|
mdd/train-|step:1691|loss:9.568289756774902|
mdd/dev-|step:1691|loss:26.16674041748047|per:17.32333755493164|corr_diag_pct:0.6339495778083801|err_diag_pct:0.22478646039962769|f1_score:0.4841514527797699|precision:0.42320650815963745|recall:0.6420580744743347|
mdd/test-|step:1691|loss:25.8651065826416|per:17.26181983947754|corr_diag_pct:0.5785911679267883|err_diag_pct:0.2647421360015869|f1_score:0.4629516005516052|precision:0.4378691613674164|recall:0.5670322179794312|
mdd/train-|step:1780|loss:9.004035949707031|
mdd/dev-|step:1780|loss:26.455110549926758|per:17.208751678466797|corr_diag_pct:0.6092087030410767|err_diag_pct:0.2383750081062317|f1_score:0.4667622745037079|precision:0.4245606064796448|recall:0.5960960388183594|
mdd/test-|step:1780|loss:25.991779327392578|per:16.907072067260742|corr_diag_pct:0.5576050877571106|err_diag_pct:0.27906161546707153|f1_score:0.4569801390171051|precision:0.44404351711273193|recall:0.5446813702583313|
mdd/test-|step:0|loss:25.991779327392578|per:16.907072067260742|corr_diag_pct:0.5576050877571106|err_diag_pct:0.27906161546707153|f1_score:0.4569801390171051|precision:0.44404351711273193|recall:0.5446813702583313|insertions:687.0|deletions:1125.0|substitutions:3471.0|num_ref_tokens:31187.0|tp:2607.0|fp:2843.0|tn:24946.0|fn:1575.0|global-precision:0.47834862385321103|global-recall:0.6233859397417504|global-f1-score:0.5413205980066446|global-per:0.1693975053708276|
mdd/dev-|step:0|loss:26.455110549926758|per:17.208751678466797|corr_diag_pct:0.6092087030410767|err_diag_pct:0.2383750081062317|f1_score:0.4667622745037079|precision:0.4245606064796448|recall:0.5960960388183594|insertions:235.0|deletions:373.0|substitutions:1033.0|num_ref_tokens:9385.0|tp:856.0|fp:964.0|tn:7398.0|fn:410.0|global-precision:0.4703296703296703|global-recall:0.6761453396524486|global-f1-score:0.5547634478289047|global-per:0.17485348961108152|
