mdd/train-|step:89|loss:195.28065490722656|
mdd/dev-|step:89|loss:124.31595611572266|per:100.0|corr_diag_pct:0.025146083906292915|err_diag_pct:0.9153743386268616|f1_score:0.2150670886039734|precision:0.12577541172504425|recall:0.9164857268333435|
mdd/test-|step:89|loss:122.85440063476562|per:100.0|corr_diag_pct:0.03659842908382416|err_diag_pct:0.9211793541908264|f1_score:0.22310426831245422|precision:0.13086214661598206|recall:0.9471685886383057|
mdd/train-|step:178|loss:116.52001190185547|
mdd/dev-|step:178|loss:107.38690185546875|per:100.0|corr_diag_pct:0.025146083906292915|err_diag_pct:0.9153743386268616|f1_score:0.2150670886039734|precision:0.12577541172504425|recall:0.9164857268333435|
mdd/test-|step:178|loss:107.1662826538086|per:100.0|corr_diag_pct:0.03659842908382416|err_diag_pct:0.9211793541908264|f1_score:0.22310426831245422|precision:0.13086214661598206|recall:0.9471685886383057|
mdd/train-|step:267|loss:94.52666473388672|
mdd/dev-|step:267|loss:76.56182861328125|per:90.37229919433594|corr_diag_pct:0.1367373764514923|err_diag_pct:0.803783118724823|f1_score:0.23231804370880127|precision:0.13762438297271729|recall:0.9134292602539062|
mdd/test-|step:267|loss:76.5987777709961|per:90.02008056640625|corr_diag_pct:0.150832399725914|err_diag_pct:0.8069453835487366|f1_score:0.23947864770889282|precision:0.1420583575963974|recall:0.9455503821372986|
mdd/train-|step:356|loss:73.1657485961914|
mdd/dev-|step:356|loss:51.22001647949219|per:54.6339225769043|corr_diag_pct:0.3450648784637451|err_diag_pct:0.5917381048202515|f1_score:0.3233162462711334|precision:0.2084311991930008|recall:0.8662533164024353|
mdd/test-|step:356|loss:50.76435470581055|per:53.851959228515625|corr_diag_pct:0.35623103380203247|err_diag_pct:0.5959911942481995|f1_score:0.3313652575016022|precision:0.21329373121261597|recall:0.8963741064071655|
mdd/train-|step:445|loss:55.911407470703125|
mdd/dev-|step:445|loss:38.15366744995117|per:35.918582916259766|corr_diag_pct:0.44190990924835205|err_diag_pct:0.46887075901031494|f1_score:0.3992239534854889|precision:0.28257009387016296|recall:0.7952708601951599|
mdd/test-|step:445|loss:37.46548080444336|per:35.53017044067383|corr_diag_pct:0.4284677505493164|err_diag_pct:0.5048655867576599|f1_score:0.40171384811401367|precision:0.28388652205467224|recall:0.8029228448867798|
mdd/train-|step:534|loss:46.28058624267578|
mdd/dev-|step:534|loss:32.73841094970703|per:30.382919311523438|corr_diag_pct:0.4585549533367157|err_diag_pct:0.42992091178894043|f1_score:0.41524869203567505|precision:0.30906105041503906|recall:0.7298912405967712|
mdd/test-|step:534|loss:32.067962646484375|per:30.41048240661621|corr_diag_pct:0.4503445327281952|err_diag_pct:0.46965548396110535|f1_score:0.42533472180366516|precision:0.31534597277641296|recall:0.7598348259925842|
mdd/train-|step:623|loss:40.7200927734375|
mdd/dev-|step:623|loss:29.811904907226562|per:27.23427391052246|corr_diag_pct:0.4781975746154785|err_diag_pct:0.3991258442401886|f1_score:0.41538262367248535|precision:0.3207625448703766|recall:0.6776131391525269|
mdd/test-|step:623|loss:29.138872146606445|per:26.920488357543945|corr_diag_pct:0.448188841342926|err_diag_pct:0.45625558495521545|f1_score:0.4335988461971283|precision:0.3378485143184662|recall:0.7009539604187012|
mdd/train-|step:712|loss:36.891136169433594|
mdd/dev-|step:712|loss:27.624265670776367|per:24.717933654785156|corr_diag_pct:0.4837552309036255|err_diag_pct:0.3861333131790161|f1_score:0.43719837069511414|precision:0.34770190715789795|recall:0.6746053099632263|
mdd/test-|step:712|loss:26.639631271362305|per:24.378969192504883|corr_diag_pct:0.4720715284347534|err_diag_pct:0.43015071749687195|f1_score:0.4532051980495453|precision:0.36705923080444336|recall:0.6862645745277405|
mdd/train-|step:801|loss:34.08317947387695|
mdd/dev-|step:801|loss:26.15349006652832|per:22.307676315307617|corr_diag_pct:0.49915117025375366|err_diag_pct:0.3670198619365692|f1_score:0.4505155682563782|precision:0.3690212070941925|recall:0.6592745780944824|
mdd/test-|step:801|loss:25.195077896118164|per:22.220760345458984|corr_diag_pct:0.4838428795337677|err_diag_pct:0.39949044585227966|f1_score:0.457989901304245|precision:0.3855593502521515|recall:0.6488509178161621|
mdd/train-|step:890|loss:32.56647491455078|
mdd/dev-|step:890|loss:25.12711524963379|per:21.606088638305664|corr_diag_pct:0.4948045313358307|err_diag_pct:0.36764901876449585|f1_score:0.44394952058792114|precision:0.37119364738464355|recall:0.6356896162033081|
mdd/test-|step:890|loss:24.251649856567383|per:21.388328552246094|corr_diag_pct:0.47611820697784424|err_diag_pct:0.3994373381137848|f1_score:0.45432406663894653|precision:0.3919956088066101|recall:0.6186947822570801|
mdd/train-|step:979|loss:29.949844360351562|
mdd/dev-|step:979|loss:24.479785919189453|per:20.153411865234375|corr_diag_pct:0.5383000373840332|err_diag_pct:0.33530595898628235|f1_score:0.47096216678619385|precision:0.39680540561676025|recall:0.6620897650718689|
mdd/test-|step:979|loss:23.28182601928711|per:20.000642776489258|corr_diag_pct:0.5067484974861145|err_diag_pct:0.3643626272678375|f1_score:0.46860969066619873|precision:0.41548794507980347|recall:0.6187157034873962|
mdd/train-|step:1068|loss:28.450838088989258|
mdd/dev-|step:1068|loss:23.671321868896484|per:19.380868911743164|corr_diag_pct:0.5118459463119507|err_diag_pct:0.34317269921302795|f1_score:0.45954155921936035|precision:0.40124601125717163|recall:0.6220566630363464|
mdd/test-|step:1068|loss:22.428619384765625|per:19.271623611450195|corr_diag_pct:0.4923868179321289|err_diag_pct:0.36094650626182556|f1_score:0.4622615873813629|precision:0.42368441820144653|recall:0.5867913365364075|
mdd/train-|step:1157|loss:26.795944213867188|
mdd/dev-|step:1157|loss:23.58329200744629|per:19.07071876525879|corr_diag_pct:0.543107807636261|err_diag_pct:0.31191080808639526|f1_score:0.46157020330429077|precision:0.39845407009124756|recall:0.6294569969177246|
mdd/test-|step:1157|loss:22.462739944458008|per:18.89446449279785|corr_diag_pct:0.5062046051025391|err_diag_pct:0.3449064791202545|f1_score:0.45910701155662537|precision:0.4258672893047333|recall:0.5737507939338684|
mdd/train-|step:1246|loss:26.041852951049805|
mdd/dev-|step:1246|loss:22.811805725097656|per:18.527362823486328|corr_diag_pct:0.5368905067443848|err_diag_pct:0.3181280791759491|f1_score:0.4719417691230774|precision:0.41077426075935364|recall:0.6364110708236694|
mdd/test-|step:1246|loss:21.70626449584961|per:18.61597442626953|corr_diag_pct:0.4975247085094452|err_diag_pct:0.36247527599334717|f1_score:0.4696498513221741|precision:0.43707355856895447|recall:0.5850111246109009|
mdd/train-|step:1335|loss:25.157421112060547|
mdd/dev-|step:1335|loss:22.280807495117188|per:18.232084274291992|corr_diag_pct:0.5397763252258301|err_diag_pct:0.315242201089859|f1_score:0.4696263372898102|precision:0.41900843381881714|recall:0.6174514293670654|
mdd/test-|step:1335|loss:21.21147918701172|per:17.986907958984375|corr_diag_pct:0.5154301524162292|err_diag_pct:0.3323476016521454|f1_score:0.4677719175815582|precision:0.4456874132156372|recall:0.5674771666526794|
mdd/train-|step:1424|loss:23.75519561767578|
mdd/dev-|step:1424|loss:22.255844116210938|per:17.746807098388672|corr_diag_pct:0.5377804636955261|err_diag_pct:0.30980318784713745|f1_score:0.4701078534126282|precision:0.414986252784729|recall:0.6194323301315308|
mdd/test-|step:1424|loss:21.087697982788086|per:17.73604965209961|corr_diag_pct:0.5201922059059143|err_diag_pct:0.3231411278247833|f1_score:0.4590629041194916|precision:0.43817561864852905|recall:0.5542470812797546|
mdd/train-|step:1513|loss:22.919164657592773|
mdd/dev-|step:1513|loss:22.029848098754883|per:17.672046661376953|corr_diag_pct:0.5546501874923706|err_diag_pct:0.30036842823028564|f1_score:0.4733559489250183|precision:0.4232833683490753|recall:0.6161670088768005|
mdd/test-|step:1513|loss:20.781267166137695|per:17.619966506958008|corr_diag_pct:0.5197640061378479|err_diag_pct:0.32356926798820496|f1_score:0.4655162990093231|precision:0.4487500786781311|recall:0.560383141040802|
mdd/train-|step:1602|loss:22.427833557128906|
mdd/dev-|step:1602|loss:21.440128326416016|per:17.373699188232422|corr_diag_pct:0.5651161670684814|err_diag_pct:0.29361990094184875|f1_score:0.4848499000072479|precision:0.43232792615890503|recall:0.6297572255134583|
mdd/test-|step:1602|loss:20.31992530822754|per:17.264602661132812|corr_diag_pct:0.527636706829071|err_diag_pct:0.3156965672969818|f1_score:0.46556493639945984|precision:0.44758179783821106|recall:0.5552170872688293|
mdd/train-|step:1691|loss:21.496126174926758|
mdd/dev-|step:1691|loss:21.5819149017334|per:17.146949768066406|corr_diag_pct:0.5642607808113098|err_diag_pct:0.2870403528213501|f1_score:0.48124048113822937|precision:0.43134844303131104|recall:0.6232491135597229|
mdd/test-|step:1691|loss:20.406238555908203|per:17.10814666748047|corr_diag_pct:0.5429131984710693|err_diag_pct:0.3004201650619507|f1_score:0.4663069546222687|precision:0.45162028074264526|recall:0.5560816526412964|
mdd/train-|step:1780|loss:20.83989143371582|
mdd/dev-|step:1780|loss:21.457195281982422|per:16.969228744506836|corr_diag_pct:0.5780609846115112|err_diag_pct:0.2769576609134674|f1_score:0.49111586809158325|precision:0.43068164587020874|recall:0.6417205929756165|
mdd/test-|step:1780|loss:20.333539962768555|per:16.974023818969727|corr_diag_pct:0.5515704154968262|err_diag_pct:0.29176291823387146|f1_score:0.46838968992233276|precision:0.44957247376441956|recall:0.5597913861274719|
mdd/test-|step:0|loss:20.333539962768555|per:16.974023818969727|corr_diag_pct:0.5515704154968262|err_diag_pct:0.29176291823387146|f1_score:0.46838968992233276|precision:0.44957247376441956|recall:0.5597913861274719|insertions:487.0|deletions:1370.0|substitutions:3449.0|num_ref_tokens:31187.0|tp:2648.0|fp:2854.0|tn:24760.0|fn:1534.0|global-precision:0.48127953471464924|global-recall:0.6331898613103778|global-f1-score:0.5468814539446509|global-per:0.17013499214416264|
mdd/dev-|step:0|loss:21.457195281982422|per:16.969228744506836|corr_diag_pct:0.5780609846115112|err_diag_pct:0.2769576609134674|f1_score:0.49111586809158325|precision:0.43068164587020874|recall:0.6417205929756165|insertions:146.0|deletions:470.0|substitutions:1015.0|num_ref_tokens:9385.0|tp:915.0|fp:978.0|tn:7317.0|fn:350.0|global-precision:0.48335974643423135|global-recall:0.7233201581027668|global-f1-score:0.5794806839772008|global-per:0.17378795950985615|
