mdd/train-|step:89|loss:215.3129425048828|
mdd/dev-|step:89|loss:114.38721466064453|per:96.20576477050781|corr_diag_pct:0.03940676525235176|err_diag_pct:0.901113748550415|f1_score:0.22244586050510406|precision:0.13085207343101501|recall:0.9167956113815308|
mdd/test-|step:89|loss:110.13355255126953|per:96.04883575439453|corr_diag_pct:0.04701293259859085|err_diag_pct:0.910764753818512|f1_score:0.23038364946842194|precision:0.1357641965150833|recall:0.9477634429931641|
mdd/train-|step:178|loss:79.01618194580078|
mdd/dev-|step:178|loss:42.39682388305664|per:30.333499908447266|corr_diag_pct:0.4775513708591461|err_diag_pct:0.4072069823741913|f1_score:0.41783982515335083|precision:0.3083632290363312|recall:0.753399670124054|
mdd/test-|step:178|loss:40.941383361816406|per:29.886293411254883|corr_diag_pct:0.4740369915962219|err_diag_pct:0.4504074454307556|f1_score:0.4285912811756134|precision:0.31751200556755066|recall:0.7624359726905823|
mdd/train-|step:267|loss:56.91199493408203|
mdd/dev-|step:267|loss:35.61341857910156|per:30.536924362182617|corr_diag_pct:0.46570855379104614|err_diag_pct:0.4302022159099579|f1_score:0.42279165983200073|precision:0.3113480508327484|recall:0.7742471694946289|
mdd/test-|step:267|loss:33.67964553833008|per:28.98762321472168|corr_diag_pct:0.4305749833583832|err_diag_pct:0.4883139431476593|f1_score:0.4467191696166992|precision:0.3339983820915222|recall:0.7749534845352173|
mdd/train-|step:356|loss:48.78062438964844|
mdd/dev-|step:356|loss:31.65214729309082|per:24.861251831054688|corr_diag_pct:0.5290213823318481|err_diag_pct:0.36688941717147827|f1_score:0.45875298976898193|precision:0.35273033380508423|recall:0.7506309151649475|
mdd/test-|step:356|loss:30.53597640991211|per:24.167259216308594|corr_diag_pct:0.5086711049079895|err_diag_pct:0.3991067111492157|f1_score:0.4751456081867218|precision:0.3761906623840332|recall:0.7364341616630554|
mdd/train-|step:445|loss:44.85390853881836|
mdd/dev-|step:445|loss:30.101755142211914|per:23.51511573791504|corr_diag_pct:0.5263090133666992|err_diag_pct:0.3621669113636017|f1_score:0.46225616335868835|precision:0.36124223470687866|recall:0.7305907011032104|
mdd/test-|step:445|loss:29.052051544189453|per:22.795330047607422|corr_diag_pct:0.49410489201545715|err_diag_pct:0.40700623393058777|f1_score:0.4735565781593323|precision:0.38768476247787476|recall:0.7003623247146606|
mdd/train-|step:534|loss:41.520668029785156|
mdd/dev-|step:534|loss:27.983728408813477|per:22.89838218688965|corr_diag_pct:0.5126548409461975|err_diag_pct:0.3758210241794586|f1_score:0.4549276828765869|precision:0.3623978793621063|recall:0.6935685276985168|
mdd/test-|step:534|loss:27.15629768371582|per:22.15464973449707|corr_diag_pct:0.445687472820282|err_diag_pct:0.4332014322280884|f1_score:0.4611038565635681|precision:0.38882243633270264|recall:0.6520848870277405|
mdd/train-|step:623|loss:38.98394012451172|
mdd/dev-|step:623|loss:28.54877281188965|per:21.75634765625|corr_diag_pct:0.552460253238678|err_diag_pct:0.33601561188697815|f1_score:0.47221121191978455|precision:0.37736448645591736|recall:0.7126346826553345|
mdd/test-|step:623|loss:27.6663818359375|per:21.785720825195312|corr_diag_pct:0.5167511105537415|err_diag_pct:0.3632488548755646|f1_score:0.46505358815193176|precision:0.3878699839115143|recall:0.6662905812263489|
mdd/train-|step:712|loss:36.918739318847656|
mdd/dev-|step:712|loss:27.438074111938477|per:21.92760467529297|corr_diag_pct:0.5203264951705933|err_diag_pct:0.3644319176673889|f1_score:0.46693652868270874|precision:0.3758445680141449|recall:0.6990838646888733|
mdd/test-|step:712|loss:26.14348030090332|per:21.368412017822266|corr_diag_pct:0.4665551483631134|err_diag_pct:0.4012226164340973|f1_score:0.4495924115180969|precision:0.3900589942932129|recall:0.6136146783828735|
mdd/train-|step:801|loss:35.63481140136719|
mdd/dev-|step:801|loss:26.817363739013672|per:21.388784408569336|corr_diag_pct:0.521645724773407|err_diag_pct:0.35939523577690125|f1_score:0.4714169502258301|precision:0.38342705368995667|recall:0.6927065849304199|
mdd/test-|step:801|loss:25.732601165771484|per:21.10919761657715|corr_diag_pct:0.4809548258781433|err_diag_pct:0.3946007192134857|f1_score:0.46100133657455444|precision:0.3983618915081024|recall:0.6333405375480652|
mdd/train-|step:890|loss:33.691280364990234|
mdd/dev-|step:890|loss:26.20782470703125|per:21.32329750061035|corr_diag_pct:0.5279454588890076|err_diag_pct:0.3419429659843445|f1_score:0.4674812853336334|precision:0.3773260712623596|recall:0.6903154850006104|
mdd/test-|step:890|loss:25.202680587768555|per:20.25590705871582|corr_diag_pct:0.48199906945228577|err_diag_pct:0.382445365190506|f1_score:0.46382394433021545|precision:0.4069107472896576|recall:0.620634913444519|
mdd/train-|step:979|loss:33.4239387512207|
mdd/dev-|step:979|loss:25.636201858520508|per:21.329038619995117|corr_diag_pct:0.5296188592910767|err_diag_pct:0.336552232503891|f1_score:0.4659167528152466|precision:0.3766784071922302|recall:0.6881824135780334|
mdd/test-|step:979|loss:24.660009384155273|per:20.36922264099121|corr_diag_pct:0.47559088468551636|err_diag_pct:0.38774245977401733|f1_score:0.46183472871780396|precision:0.4053472876548767|recall:0.6158204078674316|
mdd/train-|step:1068|loss:31.699739456176758|
mdd/dev-|step:1068|loss:25.808128356933594|per:20.661962509155273|corr_diag_pct:0.5391058921813965|err_diag_pct:0.34193500876426697|f1_score:0.47844430804252625|precision:0.39257603883743286|recall:0.6936485767364502|
mdd/test-|step:1068|loss:24.439348220825195|per:19.908218383789062|corr_diag_pct:0.5105371475219727|err_diag_pct:0.3561294972896576|f1_score:0.4687161445617676|precision:0.4123087227344513|recall:0.6233544945716858|
mdd/train-|step:1157|loss:30.23552703857422|
mdd/dev-|step:1157|loss:25.119638442993164|per:20.565021514892578|corr_diag_pct:0.5249621272087097|err_diag_pct:0.35607877373695374|f1_score:0.4768955707550049|precision:0.39606359601020813|recall:0.6883969902992249|
mdd/test-|step:1157|loss:24.60821533203125|per:20.10536003112793|corr_diag_pct:0.486518532037735|err_diag_pct:0.38014814257621765|f1_score:0.4649235010147095|precision:0.40975409746170044|recall:0.6195460557937622|
mdd/train-|step:1246|loss:29.955730438232422|
mdd/dev-|step:1246|loss:25.342607498168945|per:20.314228057861328|corr_diag_pct:0.5419206023216248|err_diag_pct:0.3316853940486908|f1_score:0.4803900122642517|precision:0.39077597856521606|recall:0.6958799362182617|
mdd/test-|step:1246|loss:24.648235321044922|per:19.57335090637207|corr_diag_pct:0.518860399723053|err_diag_pct:0.3533618450164795|f1_score:0.47319722175598145|precision:0.41941288113594055|recall:0.6234567761421204|
mdd/train-|step:1335|loss:29.123014450073242|
mdd/dev-|step:1335|loss:24.909828186035156|per:20.20162582397461|corr_diag_pct:0.541070282459259|err_diag_pct:0.3362531363964081|f1_score:0.4815714657306671|precision:0.39785516262054443|recall:0.6934873461723328|
mdd/test-|step:1335|loss:24.145286560058594|per:19.236167907714844|corr_diag_pct:0.5114428997039795|err_diag_pct:0.3618904650211334|f1_score:0.47495606541633606|precision:0.4243992567062378|recall:0.6208531260490417|
mdd/train-|step:1424|loss:28.484926223754883|
mdd/dev-|step:1424|loss:25.031652450561523|per:20.308900833129883|corr_diag_pct:0.5422677993774414|err_diag_pct:0.33133813738822937|f1_score:0.4715563952922821|precision:0.39031535387039185|recall:0.6723242998123169|
mdd/test-|step:1424|loss:24.12590217590332|per:19.27789878845215|corr_diag_pct:0.5211232900619507|err_diag_pct:0.34554338455200195|f1_score:0.45787176489830017|precision:0.4197878837585449|recall:0.5874900817871094|
mdd/train-|step:1513|loss:27.467687606811523|
mdd/dev-|step:1513|loss:25.846843719482422|per:20.523075103759766|corr_diag_pct:0.5401736497879028|err_diag_pct:0.329714834690094|f1_score:0.4720899164676666|precision:0.3895569145679474|recall:0.6758174300193787|
mdd/test-|step:1513|loss:24.944618225097656|per:19.773365020751953|corr_diag_pct:0.49539482593536377|err_diag_pct:0.36349397897720337|f1_score:0.4540962874889374|precision:0.40845611691474915|recall:0.5952193737030029|
mdd/train-|step:1602|loss:26.541610717773438|
mdd/dev-|step:1602|loss:25.79082489013672|per:20.16803741455078|corr_diag_pct:0.5679348707199097|err_diag_pct:0.30567115545272827|f1_score:0.47440868616104126|precision:0.39271074533462524|recall:0.6821895837783813|
mdd/test-|step:1602|loss:24.742473602294922|per:18.770456314086914|corr_diag_pct:0.5286349058151245|err_diag_pct:0.3391428589820862|f1_score:0.47122320532798767|precision:0.4252239167690277|recall:0.6058315634727478|
mdd/train-|step:1691|loss:25.985383987426758|
mdd/dev-|step:1691|loss:25.97495460510254|per:20.531091690063477|corr_diag_pct:0.5320704579353333|err_diag_pct:0.34525296092033386|f1_score:0.4758625328540802|precision:0.3952922224998474|recall:0.6844471096992493|
mdd/test-|step:1691|loss:24.686798095703125|per:19.733060836791992|corr_diag_pct:0.4789249002933502|err_diag_pct:0.38440847396850586|f1_score:0.454357773065567|precision:0.40972867608070374|recall:0.5889628529548645|
mdd/train-|step:1780|loss:24.951435089111328|
mdd/dev-|step:1780|loss:25.988683700561523|per:20.487680435180664|corr_diag_pct:0.540752649307251|err_diag_pct:0.3402882218360901|f1_score:0.4733772277832031|precision:0.3886060416698456|recall:0.6868557929992676|
mdd/test-|step:1780|loss:24.803369522094727|per:19.162525177001953|corr_diag_pct:0.5042864084243774|err_diag_pct:0.35349133610725403|f1_score:0.45374664664268494|precision:0.4131172001361847|recall:0.5805609226226807|
mdd/test-|step:0|loss:24.803369522094727|per:19.162525177001953|corr_diag_pct:0.5042864084243774|err_diag_pct:0.35349133610725403|f1_score:0.45374664664268494|precision:0.4131172001361847|recall:0.5805609226226807|insertions:773.0|deletions:1667.0|substitutions:3579.0|num_ref_tokens:31187.0|tp:2729.0|fp:3462.0|tn:24391.0|fn:1453.0|global-precision:0.4408011629785172|global-recall:0.6525585844093735|global-f1-score:0.526173720235226|global-per:0.19299708211754898|
mdd/dev-|step:0|loss:25.988683700561523|per:20.487680435180664|corr_diag_pct:0.540752649307251|err_diag_pct:0.3402882218360901|f1_score:0.4733772277832031|precision:0.3886060416698456|recall:0.6868557929992676|insertions:251.0|deletions:583.0|substitutions:1108.0|num_ref_tokens:9385.0|tp:957.0|fp:1271.0|tn:7096.0|fn:309.0|global-precision:0.42953321364452424|global-recall:0.7559241706161137|global-f1-score:0.54779622209502|global-per:0.20692594565796485|
