mdd/train-|step:89|loss:192.2700653076172|
mdd/dev-|step:89|loss:123.2900390625|per:100.0|corr_diag_pct:0.025146085768938065|err_diag_pct:0.9153743982315063|f1_score:0.2150670737028122|precision:0.12577539682388306|recall:0.9164857864379883|
mdd/test-|step:89|loss:121.43765258789062|per:100.0|corr_diag_pct:0.03659842908382416|err_diag_pct:0.9211793541908264|f1_score:0.22310425341129303|precision:0.13086214661598206|recall:0.9471686482429504|
mdd/train-|step:178|loss:120.82610321044922|
mdd/dev-|step:178|loss:122.0389633178711|per:100.0|corr_diag_pct:0.025146085768938065|err_diag_pct:0.9153743982315063|f1_score:0.2150670737028122|precision:0.12577539682388306|recall:0.9164857864379883|
mdd/test-|step:178|loss:120.8703842163086|per:100.0|corr_diag_pct:0.03659842908382416|err_diag_pct:0.9211793541908264|f1_score:0.22310425341129303|precision:0.13086214661598206|recall:0.9471686482429504|
mdd/train-|step:267|loss:110.28728485107422|
mdd/dev-|step:267|loss:96.72198486328125|per:97.97169494628906|corr_diag_pct:0.1033516675233841|err_diag_pct:0.8371687531471252|f1_score:0.2170754075050354|precision:0.127112478017807|recall:0.9167956113815308|
mdd/test-|step:267|loss:97.0311050415039|per:98.18525695800781|corr_diag_pct:0.08106973767280579|err_diag_pct:0.8767080307006836|f1_score:0.2253425270318985|precision:0.13235466182231903|recall:0.9474093317985535|
mdd/train-|step:356|loss:88.78057098388672|
mdd/dev-|step:356|loss:65.17830657958984|per:74.55117797851562|corr_diag_pct:0.2849445044994354|err_diag_pct:0.6555759310722351|f1_score:0.2648780643939972|precision:0.16121847927570343|recall:0.9063341617584229|
mdd/test-|step:356|loss:65.1242904663086|per:74.2042236328125|corr_diag_pct:0.31339231133461|err_diag_pct:0.6443855166435242|f1_score:0.27147844433784485|precision:0.16484802961349487|recall:0.9393951892852783|
mdd/train-|step:445|loss:71.15322875976562|
mdd/dev-|step:445|loss:47.6351432800293|per:50.32898712158203|corr_diag_pct:0.3649686574935913|err_diag_pct:0.5606818795204163|f1_score:0.3374903202056885|precision:0.22086438536643982|recall:0.8520407676696777|
mdd/test-|step:445|loss:46.76413345336914|per:50.81526184082031|corr_diag_pct:0.37212780117988586|err_diag_pct:0.5767611265182495|f1_score:0.33864471316337585|precision:0.22007209062576294|recall:0.8784613609313965|
mdd/train-|step:534|loss:60.85221481323242|
mdd/dev-|step:534|loss:38.784584045410156|per:37.761470794677734|corr_diag_pct:0.3899630010128021|err_diag_pct:0.5245351195335388|f1_score:0.3814443349838257|precision:0.26827752590179443|recall:0.7783278822898865|
mdd/test-|step:534|loss:37.93574523925781|per:38.07167053222656|corr_diag_pct:0.4035361707210541|err_diag_pct:0.5253527164459229|f1_score:0.3854641616344452|precision:0.26741379499435425|recall:0.8058340549468994|
mdd/train-|step:623|loss:53.25884246826172|
mdd/dev-|step:623|loss:34.1823616027832|per:33.254676818847656|corr_diag_pct:0.41698527336120605|err_diag_pct:0.475208044052124|f1_score:0.4024430215358734|precision:0.29203641414642334|recall:0.7497831583023071|
mdd/test-|step:623|loss:33.04829788208008|per:32.983280181884766|corr_diag_pct:0.42715150117874146|err_diag_pct:0.4939596652984619|f1_score:0.4073890745639801|precision:0.29415377974510193|recall:0.7679358720779419|
mdd/train-|step:712|loss:49.267601013183594|
mdd/dev-|step:712|loss:30.883094787597656|per:28.996789932250977|corr_diag_pct:0.4295061230659485|err_diag_pct:0.4440998136997223|f1_score:0.41384589672088623|precision:0.31387028098106384|recall:0.6969908475875854|
mdd/test-|step:712|loss:29.742313385009766|per:28.29538917541504|corr_diag_pct:0.4542960524559021|err_diag_pct:0.4501483738422394|f1_score:0.42231258749961853|precision:0.3224036395549774|recall:0.7119612693786621|
mdd/train-|step:801|loss:45.07947540283203|
mdd/dev-|step:801|loss:28.86728286743164|per:25.32293701171875|corr_diag_pct:0.4787684381008148|err_diag_pct:0.3911200165748596|f1_score:0.4319598376750946|precision:0.33821868896484375|recall:0.6792030930519104|
mdd/test-|step:801|loss:27.679668426513672|per:24.975603103637695|corr_diag_pct:0.4950210154056549|err_diag_pct:0.4083123505115509|f1_score:0.44360214471817017|precision:0.3546926975250244|recall:0.6895656585693359|
mdd/train-|step:890|loss:42.826019287109375|
mdd/dev-|step:890|loss:27.155920028686523|per:23.871387481689453|corr_diag_pct:0.4698485732078552|err_diag_pct:0.40375736355781555|f1_score:0.4381957948207855|precision:0.35408535599708557|recall:0.6542696952819824|
mdd/test-|step:890|loss:25.9874267578125|per:23.24428367614746|corr_diag_pct:0.48457708954811096|err_diag_pct:0.39542293548583984|f1_score:0.44826674461364746|precision:0.3721034824848175|recall:0.6485310196876526|
mdd/train-|step:979|loss:40.218265533447266|
mdd/dev-|step:979|loss:25.997716903686523|per:22.774866104125977|corr_diag_pct:0.48665615916252136|err_diag_pct:0.37207984924316406|f1_score:0.4398535490036011|precision:0.3621533215045929|recall:0.6363723874092102|
mdd/test-|step:979|loss:24.651845932006836|per:21.79469108581543|corr_diag_pct:0.48939040303230286|err_diag_pct:0.3772762715816498|f1_score:0.45004332065582275|precision:0.3847598731517792|recall:0.6227704286575317|
mdd/train-|step:1068|loss:38.504215240478516|
mdd/dev-|step:1068|loss:25.05686378479004|per:21.510860443115234|corr_diag_pct:0.4995213747024536|err_diag_pct:0.3629322350025177|f1_score:0.44693124294281006|precision:0.3777064085006714|recall:0.6289268732070923|
mdd/test-|step:1068|loss:23.868288040161133|per:20.833711624145508|corr_diag_pct:0.4964214265346527|err_diag_pct:0.36913415789604187|f1_score:0.4536602795124054|precision:0.3977983593940735|recall:0.6067350506782532|
mdd/train-|step:1157|loss:36.765602111816406|
mdd/dev-|step:1157|loss:24.795673370361328|per:21.158016204833984|corr_diag_pct:0.5198642015457153|err_diag_pct:0.3388717770576477|f1_score:0.4501899480819702|precision:0.3798370957374573|recall:0.6302933692932129|
mdd/test-|step:1157|loss:23.253816604614258|per:20.13596534729004|corr_diag_pct:0.5089327692985535|err_diag_pct:0.3566227853298187|f1_score:0.45916271209716797|precision:0.4052145779132843|recall:0.6079546213150024|
mdd/train-|step:1246|loss:36.47560501098633|
mdd/dev-|step:1246|loss:23.846036911010742|per:19.804698944091797|corr_diag_pct:0.516663670539856|err_diag_pct:0.34207239747047424|f1_score:0.4539983868598938|precision:0.39456498622894287|recall:0.6143316626548767|
mdd/test-|step:1246|loss:22.47555160522461|per:19.07237434387207|corr_diag_pct:0.5102747678756714|err_diag_pct:0.3463919162750244|f1_score:0.46421340107917786|precision:0.42260226607322693|recall:0.590782105922699|
mdd/train-|step:1335|loss:34.044742584228516|
mdd/dev-|step:1335|loss:23.511072158813477|per:19.458087921142578|corr_diag_pct:0.5269466042518616|err_diag_pct:0.3206370174884796|f1_score:0.461632639169693|precision:0.39591583609580994|recall:0.627513587474823|
mdd/test-|step:1335|loss:22.385028839111328|per:18.988712310791016|corr_diag_pct:0.5328738689422607|err_diag_pct:0.3249039351940155|f1_score:0.46356654167175293|precision:0.41940367221832275|recall:0.5917279124259949|
mdd/train-|step:1424|loss:34.02222442626953|
mdd/dev-|step:1424|loss:23.26375389099121|per:18.77609634399414|corr_diag_pct:0.5505034923553467|err_diag_pct:0.3119499981403351|f1_score:0.47281965613365173|precision:0.4129272699356079|recall:0.6302136182785034|
mdd/test-|step:1424|loss:21.930021286010742|per:18.17681121826172|corr_diag_pct:0.542841374874115|err_diag_pct:0.3116030693054199|f1_score:0.4709993600845337|precision:0.43443888425827026|recall:0.5868940949440002|
mdd/train-|step:1513|loss:32.2775993347168|
mdd/dev-|step:1513|loss:22.735979080200195|per:18.905258178710938|corr_diag_pct:0.5283530950546265|err_diag_pct:0.31179559230804443|f1_score:0.4546172022819519|precision:0.4003612697124481|recall:0.6034845113754272|
mdd/test-|step:1513|loss:21.58319091796875|per:18.23567771911621|corr_diag_pct:0.5157181620597839|err_diag_pct:0.319837361574173|f1_score:0.4516562223434448|precision:0.4269298315048218|recall:0.5488424897193909|
mdd/train-|step:1602|loss:31.412912368774414|
mdd/dev-|step:1602|loss:22.498319625854492|per:18.902196884155273|corr_diag_pct:0.526422381401062|err_diag_pct:0.3248787522315979|f1_score:0.46298947930336|precision:0.40728437900543213|recall:0.6146844625473022|
mdd/test-|step:1602|loss:21.356220245361328|per:18.2919979095459|corr_diag_pct:0.5114161968231201|err_diag_pct:0.3241393566131592|f1_score:0.45574313402175903|precision:0.4295956790447235|recall:0.5555278658866882|
mdd/train-|step:1691|loss:30.864395141601562|
mdd/dev-|step:1691|loss:22.464466094970703|per:18.55902862548828|corr_diag_pct:0.5370660424232483|err_diag_pct:0.3142350912094116|f1_score:0.4735037088394165|precision:0.4153526723384857|recall:0.6280223727226257|
mdd/test-|step:1691|loss:20.9228458404541|per:17.838539123535156|corr_diag_pct:0.5337207317352295|err_diag_pct:0.3129459321498871|f1_score:0.46240919828414917|precision:0.4350317418575287|recall:0.564671516418457|
mdd/train-|step:1780|loss:29.660808563232422|
mdd/dev-|step:1780|loss:21.640403747558594|per:17.77118682861328|corr_diag_pct:0.5457189679145813|err_diag_pct:0.29814717173576355|f1_score:0.4748150408267975|precision:0.42904531955718994|recall:0.6143640875816345|
mdd/test-|step:1780|loss:20.576000213623047|per:17.101167678833008|corr_diag_pct:0.5463592410087585|err_diag_pct:0.30252963304519653|f1_score:0.473945677280426|precision:0.4529731869697571|recall:0.5672116875648499|
mdd/test-|step:0|loss:20.576000213623047|per:17.101167678833008|corr_diag_pct:0.5463592410087585|err_diag_pct:0.30252963304519653|f1_score:0.473945677280426|precision:0.4529731869697571|recall:0.5672116875648499|insertions:443.0|deletions:1519.0|substitutions:3391.0|num_ref_tokens:31187.0|tp:2664.0|fp:2883.0|tn:24694.0|fn:1516.0|global-precision:0.48025959978366684|global-recall:0.6373205741626794|global-f1-score:0.5477536753366917|global-per:0.17164203033315165|
mdd/dev-|step:0|loss:21.640403747558594|per:17.77118682861328|corr_diag_pct:0.5457189679145813|err_diag_pct:0.29814717173576355|f1_score:0.4748150408267975|precision:0.42904531955718994|recall:0.6143640875816345|insertions:153.0|deletions:543.0|substitutions:1007.0|num_ref_tokens:9385.0|tp:873.0|fp:994.0|tn:7302.0|fn:392.0|global-precision:0.4675950723085163|global-recall:0.6901185770750988|global-f1-score:0.5574712643678161|global-per:0.18145977623867873|
