mdd/train-|step:89|loss:190.8682861328125|
mdd/dev-|step:89|loss:120.46026611328125|per:100.0|corr_diag_pct:0.025146087631583214|err_diag_pct:0.9153743982315063|f1_score:0.21506710350513458|precision:0.12577539682388306|recall:0.9164858460426331|
mdd/test-|step:89|loss:118.96063995361328|per:100.0|corr_diag_pct:0.03659842908382416|err_diag_pct:0.9211793541908264|f1_score:0.22310425341129303|precision:0.13086216151714325|recall:0.9471685886383057|
mdd/train-|step:178|loss:94.50704193115234|
mdd/dev-|step:178|loss:57.39194869995117|per:58.77741241455078|corr_diag_pct:0.3267399072647095|err_diag_pct:0.617497980594635|f1_score:0.3144838511943817|precision:0.19930459558963776|recall:0.8971880078315735|
mdd/test-|step:178|loss:56.8562126159668|per:59.16035461425781|corr_diag_pct:0.3146708905696869|err_diag_pct:0.6419958472251892|f1_score:0.31714189052581787|precision:0.20095893740653992|recall:0.9177885055541992|
mdd/train-|step:267|loss:47.52553176879883|
mdd/dev-|step:267|loss:35.124229431152344|per:32.39083480834961|corr_diag_pct:0.428063303232193|err_diag_pct:0.4752824008464813|f1_score:0.4139508008956909|precision:0.30107030272483826|recall:0.7671984434127808|
mdd/test-|step:267|loss:35.34922409057617|per:33.30366134643555|corr_diag_pct:0.40122878551483154|err_diag_pct:0.523215651512146|f1_score:0.41138583421707153|precision:0.29683569073677063|recall:0.7772763967514038|
mdd/train-|step:356|loss:35.45001220703125|
mdd/dev-|step:356|loss:29.926856994628906|per:26.55526351928711|corr_diag_pct:0.4497902989387512|err_diag_pct:0.4200981855392456|f1_score:0.4369014501571655|precision:0.33835265040397644|recall:0.7056493759155273|
mdd/test-|step:356|loss:29.727834701538086|per:26.73634147644043|corr_diag_pct:0.42515668272972107|err_diag_pct:0.4737321436405182|f1_score:0.43456926941871643|precision:0.33803150057792664|recall:0.6986553072929382|
mdd/train-|step:445|loss:30.286062240600586|
mdd/dev-|step:445|loss:26.841732025146484|per:23.017824172973633|corr_diag_pct:0.47263672947883606|err_diag_pct:0.3823818564414978|f1_score:0.44565898180007935|precision:0.36299580335617065|recall:0.6578940749168396|
mdd/test-|step:445|loss:26.710718154907227|per:22.970685958862305|corr_diag_pct:0.45518770813941956|err_diag_pct:0.43370115756988525|f1_score:0.4514092206954956|precision:0.37579092383384705|recall:0.6474671959877014|
mdd/train-|step:534|loss:27.003938674926758|
mdd/dev-|step:534|loss:25.525075912475586|per:20.967018127441406|corr_diag_pct:0.5033097267150879|err_diag_pct:0.35170891880989075|f1_score:0.4639056921005249|precision:0.3837054371833801|recall:0.6623427271842957|
mdd/test-|step:534|loss:25.284568786621094|per:20.614547729492188|corr_diag_pct:0.5089735388755798|err_diag_pct:0.37991535663604736|f1_score:0.46741610765457153|precision:0.4044167995452881|recall:0.6366828083992004|
mdd/train-|step:623|loss:24.836536407470703|
mdd/dev-|step:623|loss:24.280555725097656|per:19.455286026000977|corr_diag_pct:0.5082110166549683|err_diag_pct:0.3430900573730469|f1_score:0.46247580647468567|precision:0.3954692780971527|recall:0.630530595779419|
mdd/test-|step:623|loss:23.9647159576416|per:19.260732650756836|corr_diag_pct:0.4869352877140045|err_diag_pct:0.381953626871109|f1_score:0.4650099575519562|precision:0.4234384298324585|recall:0.5896271467208862|
mdd/train-|step:712|loss:22.987836837768555|
mdd/dev-|step:712|loss:23.610061645507812|per:18.471050262451172|corr_diag_pct:0.5212521553039551|err_diag_pct:0.32261407375335693|f1_score:0.46994736790657043|precision:0.40904802083969116|recall:0.6276357769966125|
mdd/test-|step:712|loss:23.25771713256836|per:18.629743576049805|corr_diag_pct:0.5101526975631714|err_diag_pct:0.3554028868675232|f1_score:0.46982330083847046|precision:0.4328579604625702|recall:0.5903942584991455|
mdd/train-|step:801|loss:21.651208877563477|
mdd/dev-|step:801|loss:22.67291259765625|per:18.063188552856445|corr_diag_pct:0.5356776118278503|err_diag_pct:0.31562355160713196|f1_score:0.4697771370410919|precision:0.41181668639183044|recall:0.616308331489563|
mdd/test-|step:801|loss:22.64826202392578|per:18.051305770874023|corr_diag_pct:0.5157588124275208|err_diag_pct:0.33646339178085327|f1_score:0.46571266651153564|precision:0.4354606866836548|recall:0.5695279240608215|
mdd/train-|step:890|loss:20.607004165649414|
mdd/dev-|step:890|loss:22.252197265625|per:18.109516143798828|corr_diag_pct:0.528967559337616|err_diag_pct:0.31861612200737|f1_score:0.4716043174266815|precision:0.4125008285045624|recall:0.6162121295928955|
mdd/test-|step:890|loss:21.74005889892578|per:17.843116760253906|corr_diag_pct:0.49793410301208496|err_diag_pct:0.3509548306465149|f1_score:0.46674343943595886|precision:0.44667142629623413|recall:0.5628512501716614|
mdd/train-|step:979|loss:19.416446685791016|
mdd/dev-|step:979|loss:22.10757827758789|per:17.70123863220215|corr_diag_pct:0.5327299237251282|err_diag_pct:0.2888314127922058|f1_score:0.4568147361278534|precision:0.4040415287017822|recall:0.5890893340110779|
mdd/test-|step:979|loss:21.932804107666016|per:17.428194046020508|corr_diag_pct:0.520196795463562|err_diag_pct:0.31646984815597534|f1_score:0.45963600277900696|precision:0.4432353079319|recall:0.5455332398414612|
mdd/train-|step:1068|loss:18.80362892150879|
mdd/dev-|step:1068|loss:21.976341247558594|per:17.288436889648438|corr_diag_pct:0.5719965100288391|err_diag_pct:0.2793045938014984|f1_score:0.4788874089717865|precision:0.42436081171035767|recall:0.6196562647819519|
mdd/test-|step:1068|loss:21.728673934936523|per:17.110612869262695|corr_diag_pct:0.5565422773361206|err_diag_pct:0.3067910373210907|f1_score:0.48180335760116577|precision:0.4548739492893219|recall:0.5823743343353271|
mdd/train-|step:1157|loss:17.98464584350586|
mdd/dev-|step:1157|loss:21.835521697998047|per:17.544038772583008|corr_diag_pct:0.5747310519218445|err_diag_pct:0.2765701711177826|f1_score:0.48111188411712646|precision:0.4192962646484375|recall:0.6352019906044006|
mdd/test-|step:1157|loss:21.53093147277832|per:17.2747859954834|corr_diag_pct:0.5466240048408508|err_diag_pct:0.30226486921310425|f1_score:0.471384197473526|precision:0.4478837847709656|recall:0.566658616065979|
mdd/train-|step:1246|loss:17.15560531616211|
mdd/dev-|step:1246|loss:21.65641975402832|per:17.081941604614258|corr_diag_pct:0.5563442707061768|err_diag_pct:0.27636951208114624|f1_score:0.4642391502857208|precision:0.4225234389305115|recall:0.5847898721694946|
mdd/test-|step:1246|loss:21.244287490844727|per:16.8006534576416|corr_diag_pct:0.5320124626159668|err_diag_pct:0.29798752069473267|f1_score:0.4577978849411011|precision:0.44673848152160645|recall:0.5306957960128784|
mdd/train-|step:1335|loss:16.443384170532227|
mdd/dev-|step:1335|loss:21.474605560302734|per:16.75841522216797|corr_diag_pct:0.5832139849662781|err_diag_pct:0.2606521248817444|f1_score:0.48108115792274475|precision:0.42800551652908325|recall:0.6179793477058411|
mdd/test-|step:1335|loss:21.14185333251953|per:16.738157272338867|corr_diag_pct:0.555037796497345|err_diag_pct:0.29607337713241577|f1_score:0.4773161709308624|precision:0.4566154181957245|recall:0.5673763751983643|
mdd/train-|step:1424|loss:16.008251190185547|
mdd/dev-|step:1424|loss:21.16517448425293|per:17.332735061645508|corr_diag_pct:0.5518717765808105|err_diag_pct:0.29199445247650146|f1_score:0.47192445397377014|precision:0.4278160631656647|recall:0.6065927743911743|
mdd/test-|step:1424|loss:20.871728897094727|per:16.98820686340332|corr_diag_pct:0.5208984613418579|err_diag_pct:0.3224349021911621|f1_score:0.4722100794315338|precision:0.45808982849121094|recall:0.5551576614379883|
mdd/train-|step:1513|loss:15.379083633422852|
mdd/dev-|step:1513|loss:21.168916702270508|per:16.808202743530273|corr_diag_pct:0.5758944749832153|err_diag_pct:0.26425424218177795|f1_score:0.46967440843582153|precision:0.4266098141670227|recall:0.5899580717086792|
mdd/test-|step:1513|loss:20.97382164001465|per:16.73193359375|corr_diag_pct:0.5205872654914856|err_diag_pct:0.31385719776153564|f1_score:0.4596807658672333|precision:0.4549248516559601|recall:0.5292518138885498|
mdd/train-|step:1602|loss:15.08417797088623|
mdd/dev-|step:1602|loss:21.15742301940918|per:16.36148452758789|corr_diag_pct:0.6038995385169983|err_diag_pct:0.2474016398191452|f1_score:0.4836384356021881|precision:0.438142329454422|recall:0.6086210608482361|
mdd/test-|step:1602|loss:21.116920471191406|per:16.27501106262207|corr_diag_pct:0.5682549476623535|err_diag_pct:0.27618953585624695|f1_score:0.4766908884048462|precision:0.46256986260414124|recall:0.5557584166526794|
mdd/train-|step:1691|loss:14.701115608215332|
mdd/dev-|step:1691|loss:21.102157592773438|per:16.638736724853516|corr_diag_pct:0.6204743981361389|err_diag_pct:0.23826171457767487|f1_score:0.48882120847702026|precision:0.4334574341773987|recall:0.6281484961509705|
mdd/test-|step:1691|loss:21.0611572265625|per:16.43324089050293|corr_diag_pct:0.5695668458938599|err_diag_pct:0.2770998179912567|f1_score:0.475050687789917|precision:0.4595727324485779|recall:0.5576187968254089|
mdd/train-|step:1780|loss:14.044839859008789|
mdd/dev-|step:1780|loss:21.64751625061035|per:16.793527603149414|corr_diag_pct:0.5826582312583923|err_diag_pct:0.24633805453777313|f1_score:0.4620455801486969|precision:0.4267224967479706|recall:0.5764058232307434|
mdd/test-|step:1780|loss:21.45256996154785|per:16.402482986450195|corr_diag_pct:0.5226755142211914|err_diag_pct:0.29732441902160645|f1_score:0.4520842730998993|precision:0.45397210121154785|recall:0.5136085748672485|
mdd/test-|step:0|loss:21.45256996154785|per:16.402482986450195|corr_diag_pct:0.5226755142211914|err_diag_pct:0.29732441902160645|f1_score:0.4520842730998993|precision:0.45397210121154785|recall:0.5136085748672485|insertions:621.0|deletions:1065.0|substitutions:3445.0|num_ref_tokens:31187.0|tp:2492.0|fp:2537.0|tn:25214.0|fn:1688.0|global-precision:0.49552594949294093|global-recall:0.5961722488038278|global-f1-score:0.5412096861765664|global-per:0.16452367973835252|
mdd/dev-|step:0|loss:21.64751625061035|per:16.793527603149414|corr_diag_pct:0.5826582312583923|err_diag_pct:0.24633805453777313|f1_score:0.4620455801486969|precision:0.4267224967479706|recall:0.5764058232307434|insertions:207.0|deletions:380.0|substitutions:1001.0|num_ref_tokens:9385.0|tp:838.0|fp:888.0|tn:7452.0|fn:428.0|global-precision:0.4855156431054461|global-recall:0.6619273301737757|global-f1-score:0.5601604278074866|global-per:0.1692061800745871|
