mdd/train-|step:89|loss:119.23369598388672|
mdd/dev-|step:89|loss:34.649539947509766|per:30.099815368652344|corr_diag_pct:0.4249730110168457|err_diag_pct:0.4709377586841583|f1_score:0.4307682514190674|precision:0.318541020154953|recall:0.766608476638794|
mdd/test-|step:89|loss:33.06766891479492|per:29.163354873657227|corr_diag_pct:0.4203570783138275|err_diag_pct:0.5040873885154724|f1_score:0.444182425737381|precision:0.33214762806892395|recall:0.7718760967254639|
mdd/train-|step:178|loss:37.947486877441406|
mdd/dev-|step:178|loss:24.939096450805664|per:20.55348014831543|corr_diag_pct:0.4941168427467346|err_diag_pct:0.39064154028892517|f1_score:0.4798813760280609|precision:0.3944297432899475|recall:0.6858935952186584|
mdd/test-|step:178|loss:24.24582862854004|per:19.898561477661133|corr_diag_pct:0.45436394214630127|err_diag_pct:0.42563605308532715|f1_score:0.4813341498374939|precision:0.42495760321617126|recall:0.6357777714729309|
mdd/train-|step:267|loss:30.802703857421875|
mdd/dev-|step:267|loss:22.95333480834961|per:19.671344757080078|corr_diag_pct:0.5183124542236328|err_diag_pct:0.35529348254203796|f1_score:0.49774959683418274|precision:0.41690847277641296|recall:0.6902481317520142|
mdd/test-|step:267|loss:22.112024307250977|per:19.124202728271484|corr_diag_pct:0.4666191637516022|err_diag_pct:0.4100475013256073|f1_score:0.48542582988739014|precision:0.4350503981113434|recall:0.6322989463806152|
mdd/train-|step:356|loss:27.054044723510742|
mdd/dev-|step:356|loss:21.60633087158203|per:18.59819793701172|corr_diag_pct:0.5265331864356995|err_diag_pct:0.34707286953926086|f1_score:0.5078238248825073|precision:0.428877055644989|recall:0.6935407519340515|
mdd/test-|step:356|loss:20.98416519165039|per:18.28137969970703|corr_diag_pct:0.5072603225708008|err_diag_pct:0.38162851333618164|f1_score:0.5073027014732361|precision:0.4565736949443817|recall:0.6522349715232849|
mdd/train-|step:445|loss:24.54454803466797|
mdd/dev-|step:445|loss:20.145971298217773|per:17.259984970092773|corr_diag_pct:0.5489981174468994|err_diag_pct:0.2985855042934418|f1_score:0.4874638020992279|precision:0.43204179406166077|recall:0.6299070715904236|
mdd/test-|step:445|loss:20.09012222290039|per:17.020292282104492|corr_diag_pct:0.5061580538749695|err_diag_pct:0.33050858974456787|f1_score:0.46777039766311646|precision:0.4462633728981018|recall:0.5594556927680969|
mdd/train-|step:534|loss:23.368453979492188|
mdd/dev-|step:534|loss:19.94399642944336|per:17.277742385864258|corr_diag_pct:0.5513383746147156|err_diag_pct:0.2962452471256256|f1_score:0.5013574361801147|precision:0.44273602962493896|recall:0.6493359804153442|
mdd/test-|step:534|loss:19.47305679321289|per:16.634798049926758|corr_diag_pct:0.5308043956756592|err_diag_pct:0.32141777873039246|f1_score:0.4852856397628784|precision:0.4653383791446686|recall:0.577247679233551|
mdd/train-|step:623|loss:21.704408645629883|
mdd/dev-|step:623|loss:19.65411376953125|per:16.67820167541504|corr_diag_pct:0.5611866116523743|err_diag_pct:0.293832004070282|f1_score:0.4924193322658539|precision:0.44687825441360474|recall:0.6239955425262451|
mdd/test-|step:623|loss:19.30292510986328|per:16.22541618347168|corr_diag_pct:0.5203160047531128|err_diag_pct:0.32635068893432617|f1_score:0.4816005825996399|precision:0.4713716208934784|recall:0.5579414963722229|
mdd/train-|step:712|loss:20.300365447998047|
mdd/dev-|step:712|loss:19.509750366210938|per:17.689109802246094|corr_diag_pct:0.5376772284507751|err_diag_pct:0.2913191020488739|f1_score:0.47032874822616577|precision:0.42636868357658386|recall:0.600287914276123|
mdd/test-|step:712|loss:19.44717788696289|per:16.731595993041992|corr_diag_pct:0.5076048970222473|err_diag_pct:0.3312840163707733|f1_score:0.46497464179992676|precision:0.4560493528842926|recall:0.544354259967804|
mdd/train-|step:801|loss:19.64194107055664|
mdd/dev-|step:801|loss:19.281818389892578|per:16.782806396484375|corr_diag_pct:0.5693160891532898|err_diag_pct:0.2819850444793701|f1_score:0.49327120184898376|precision:0.4423091411590576|recall:0.6291706562042236|
mdd/test-|step:801|loss:18.967609405517578|per:16.253746032714844|corr_diag_pct:0.5330262184143066|err_diag_pct:0.305862694978714|f1_score:0.471208393573761|precision:0.4574730694293976|recall:0.5523291230201721|
mdd/train-|step:890|loss:18.912370681762695|
mdd/dev-|step:890|loss:18.82798957824707|per:16.17983055114746|corr_diag_pct:0.5698983669281006|err_diag_pct:0.277685284614563|f1_score:0.4984227418899536|precision:0.4503389894962311|recall:0.6243496537208557|
mdd/test-|step:890|loss:18.78919792175293|per:15.965113639831543|corr_diag_pct:0.5218126773834229|err_diag_pct:0.3126317262649536|f1_score:0.4757475256919861|precision:0.47430655360221863|recall:0.5399599075317383|
mdd/train-|step:979|loss:18.119924545288086|
mdd/dev-|step:979|loss:19.12421226501465|per:16.414928436279297|corr_diag_pct:0.583578884601593|err_diag_pct:0.27143967151641846|f1_score:0.5037365555763245|precision:0.451774537563324|recall:0.6415976285934448|
mdd/test-|step:979|loss:18.619348526000977|per:16.026039123535156|corr_diag_pct:0.5304883718490601|err_diag_pct:0.30284497141838074|f1_score:0.47588425874710083|precision:0.46882811188697815|recall:0.5511244535446167|
mdd/train-|step:1068|loss:17.389375686645508|
mdd/dev-|step:1068|loss:19.090620040893555|per:15.910451889038086|corr_diag_pct:0.6153115630149841|err_diag_pct:0.22855457663536072|f1_score:0.5019254684448242|precision:0.45257115364074707|recall:0.6336007118225098|
mdd/test-|step:1068|loss:18.89333152770996|per:15.513957977294922|corr_diag_pct:0.5897722840309143|err_diag_pct:0.25689440965652466|f1_score:0.47519809007644653|precision:0.4758376479148865|recall:0.5426486730575562|
mdd/train-|step:1157|loss:16.532005310058594|
mdd/dev-|step:1157|loss:18.722036361694336|per:15.47186279296875|corr_diag_pct:0.5904051065444946|err_diag_pct:0.24974355101585388|f1_score:0.5031499266624451|precision:0.4659784138202667|recall:0.6225301027297974|
mdd/test-|step:1157|loss:19.087963104248047|per:15.937920570373535|corr_diag_pct:0.5514208078384399|err_diag_pct:0.29302361607551575|f1_score:0.47086992859840393|precision:0.4632008671760559|recall:0.5444037914276123|
mdd/train-|step:1246|loss:15.620513916015625|
mdd/dev-|step:1246|loss:19.712902069091797|per:16.501432418823242|corr_diag_pct:0.5839595198631287|err_diag_pct:0.2636241018772125|f1_score:0.49164754152297974|precision:0.4449422359466553|recall:0.6174532175064087|
mdd/test-|step:1246|loss:19.476327896118164|per:16.39608383178711|corr_diag_pct:0.5433985590934753|err_diag_pct:0.29437920451164246|f1_score:0.4529741108417511|precision:0.4531392753124237|recall:0.5218013525009155|
mdd/train-|step:1335|loss:15.277278900146484|
mdd/dev-|step:1335|loss:19.276683807373047|per:16.05628776550293|corr_diag_pct:0.6234497427940369|err_diag_pct:0.24272136390209198|f1_score:0.5056493878364563|precision:0.4536474347114563|recall:0.6437393426895142|
mdd/test-|step:1335|loss:18.972919464111328|per:15.415179252624512|corr_diag_pct:0.5819433331489563|err_diag_pct:0.26805663108825684|f1_score:0.48373034596443176|precision:0.47336551547050476|recall:0.5626914501190186|
mdd/train-|step:1424|loss:14.554788589477539|
mdd/dev-|step:1424|loss:19.494691848754883|per:16.009145736694336|corr_diag_pct:0.6034319996833801|err_diag_pct:0.25158658623695374|f1_score:0.5083956122398376|precision:0.45599132776260376|recall:0.6482430696487427|
mdd/test-|step:1424|loss:19.238309860229492|per:15.935039520263672|corr_diag_pct:0.5354446172714233|err_diag_pct:0.30455538630485535|f1_score:0.4779410660266876|precision:0.4766646921634674|recall:0.5464438796043396|
mdd/train-|step:1513|loss:14.337574005126953|
mdd/dev-|step:1513|loss:19.71592140197754|per:16.112606048583984|corr_diag_pct:0.5960438847541809|err_diag_pct:0.25153979659080505|f1_score:0.5008836984634399|precision:0.45745551586151123|recall:0.6228257417678833|
mdd/test-|step:1513|loss:19.340200424194336|per:15.900802612304688|corr_diag_pct:0.5424994826316833|err_diag_pct:0.2830560505390167|f1_score:0.4529210329055786|precision:0.4617701768875122|recall:0.5116395950317383|
mdd/train-|step:1602|loss:13.62517261505127|
mdd/dev-|step:1602|loss:19.893871307373047|per:15.843884468078613|corr_diag_pct:0.5941590666770935|err_diag_pct:0.25342458486557007|f1_score:0.4995008707046509|precision:0.4565226435661316|recall:0.6176719665527344|
mdd/test-|step:1602|loss:19.7862548828125|per:15.352745056152344|corr_diag_pct:0.5709187984466553|err_diag_pct:0.2668590545654297|f1_score:0.4684114456176758|precision:0.4735526740550995|recall:0.5323591232299805|
mdd/train-|step:1691|loss:13.196944236755371|
mdd/dev-|step:1691|loss:19.98094940185547|per:15.88297176361084|corr_diag_pct:0.5803242921829224|err_diag_pct:0.2598244249820709|f1_score:0.49315834045410156|precision:0.44577619433403015|recall:0.6099059581756592|
mdd/test-|step:1691|loss:20.18097496032715|per:15.374467849731445|corr_diag_pct:0.5375006794929504|err_diag_pct:0.2847215533256531|f1_score:0.46625271439552307|precision:0.475149929523468|recall:0.5222075581550598|
mdd/train-|step:1780|loss:12.634111404418945|
mdd/dev-|step:1780|loss:20.328582763671875|per:15.723930358886719|corr_diag_pct:0.6309051513671875|err_diag_pct:0.21667850017547607|f1_score:0.5045367479324341|precision:0.4554186761379242|recall:0.630203127861023|
mdd/test-|step:1780|loss:20.133180618286133|per:15.534954071044922|corr_diag_pct:0.5675961375236511|err_diag_pct:0.24684830009937286|f1_score:0.45024070143699646|precision:0.45609694719314575|recall:0.5101063251495361|
mdd/test-|step:0|loss:20.133180618286133|per:15.534954071044922|corr_diag_pct:0.5675961375236511|err_diag_pct:0.24684830009937286|f1_score:0.45024070143699646|precision:0.45609694719314575|recall:0.5101063251495361|insertions:617.0|deletions:919.0|substitutions:3353.0|num_ref_tokens:31187.0|tp:2475.0|fp:2433.0|tn:25303.0|fn:1708.0|global-precision:0.5042787286063569|global-recall:0.5916806120009562|global-f1-score:0.5444945550544494|global-per:0.1567640362971751|
mdd/dev-|step:0|loss:20.328582763671875|per:15.723930358886719|corr_diag_pct:0.6309051513671875|err_diag_pct:0.21667850017547607|f1_score:0.5045367479324341|precision:0.4554186761379242|recall:0.630203127861023|insertions:233.0|deletions:322.0|substitutions:940.0|num_ref_tokens:9385.0|tp:903.0|fp:879.0|tn:7489.0|fn:364.0|global-precision:0.5067340067340067|global-recall:0.712707182320442|global-f1-score:0.5923253525746145|global-per:0.15929675013319125|
