mdd/train-|step:89|loss:207.72454833984375|
mdd/dev-|step:89|loss:120.42123413085938|per:100.0|corr_diag_pct:0.025146087631583214|err_diag_pct:0.9153743982315063|f1_score:0.21506710350513458|precision:0.12577539682388306|recall:0.9164858460426331|
mdd/test-|step:89|loss:119.1185531616211|per:100.0|corr_diag_pct:0.03659842908382416|err_diag_pct:0.9211793541908264|f1_score:0.22310425341129303|precision:0.13086216151714325|recall:0.9471685886383057|
mdd/train-|step:178|loss:92.12492370605469|
mdd/dev-|step:178|loss:54.40192413330078|per:53.70592498779297|corr_diag_pct:0.30973514914512634|err_diag_pct:0.6345027685165405|f1_score:0.33234846591949463|precision:0.21406732499599457|recall:0.8859314322471619|
mdd/test-|step:178|loss:53.77022171020508|per:53.73912048339844|corr_diag_pct:0.31096363067626953|err_diag_pct:0.6423697471618652|f1_score:0.33623188734054565|precision:0.21698354184627533|recall:0.9032793045043945|
mdd/train-|step:267|loss:42.60036087036133|
mdd/dev-|step:267|loss:34.18626403808594|per:30.9904842376709|corr_diag_pct:0.4339372217655182|err_diag_pct:0.4582560956478119|f1_score:0.42007124423980713|precision:0.30769047141075134|recall:0.7537922263145447|
mdd/test-|step:267|loss:34.328731536865234|per:31.463359832763672|corr_diag_pct:0.4210628867149353|err_diag_pct:0.49671489000320435|f1_score:0.418826699256897|precision:0.30753403902053833|recall:0.7587276101112366|
mdd/train-|step:356|loss:30.639923095703125|
mdd/dev-|step:356|loss:28.69588851928711|per:25.054990768432617|corr_diag_pct:0.47362786531448364|err_diag_pct:0.39997807145118713|f1_score:0.4408378303050995|precision:0.34686142206192017|recall:0.6882440447807312|
mdd/test-|step:356|loss:28.59458351135254|per:25.38939094543457|corr_diag_pct:0.4346974492073059|err_diag_pct:0.4575248062610626|f1_score:0.4326765239238739|precision:0.34738218784332275|recall:0.6628327965736389|
mdd/train-|step:445|loss:25.239013671875|
mdd/dev-|step:445|loss:26.0350399017334|per:20.392541885375977|corr_diag_pct:0.5174146294593811|err_diag_pct:0.35619133710861206|f1_score:0.46832194924354553|precision:0.39320939779281616|recall:0.6492066383361816|
mdd/test-|step:445|loss:25.73859214782715|per:20.81926727294922|corr_diag_pct:0.4660152196884155|err_diag_pct:0.3984292149543762|f1_score:0.4596668481826782|precision:0.4042491614818573|recall:0.6119821667671204|
mdd/train-|step:534|loss:21.978147506713867|
mdd/dev-|step:534|loss:24.85938262939453|per:19.56722068786621|corr_diag_pct:0.5532134175300598|err_diag_pct:0.31667500734329224|f1_score:0.472217321395874|precision:0.4008304476737976|recall:0.6494795083999634|
mdd/test-|step:534|loss:24.465147018432617|per:19.4467830657959|corr_diag_pct:0.5165742635726929|err_diag_pct:0.35675907135009766|f1_score:0.47242915630340576|precision:0.42463305592536926|recall:0.6153523921966553|
mdd/train-|step:623|loss:19.841691970825195|
mdd/dev-|step:623|loss:23.905994415283203|per:18.837909698486328|corr_diag_pct:0.540212094783783|err_diag_pct:0.3333938717842102|f1_score:0.47456613183021545|precision:0.4110390245914459|recall:0.6373000144958496|
mdd/test-|step:623|loss:23.42529296875|per:18.734947204589844|corr_diag_pct:0.5181833505630493|err_diag_pct:0.33959445357322693|f1_score:0.4666726589202881|precision:0.4296817481517792|recall:0.5866177678108215|
mdd/train-|step:712|loss:18.07433319091797|
mdd/dev-|step:712|loss:23.57323455810547|per:17.96854019165039|corr_diag_pct:0.5371957421302795|err_diag_pct:0.32154029607772827|f1_score:0.4774629473686218|precision:0.42460599541664124|recall:0.6205472946166992|
mdd/test-|step:712|loss:23.01047706604004|per:18.01163673400879|corr_diag_pct:0.5109410881996155|err_diag_pct:0.33461451530456543|f1_score:0.46461841464042664|precision:0.4391741156578064|recall:0.5671890377998352|
mdd/train-|step:801|loss:16.686960220336914|
mdd/dev-|step:801|loss:23.373552322387695|per:17.357454299926758|corr_diag_pct:0.5734532475471497|err_diag_pct:0.2927178144454956|f1_score:0.4800013303756714|precision:0.43256157636642456|recall:0.6150432229042053|
mdd/test-|step:801|loss:22.679656982421875|per:17.653459548950195|corr_diag_pct:0.5415452718734741|err_diag_pct:0.3106769621372223|f1_score:0.47158291935920715|precision:0.44428545236587524|recall:0.5760538578033447|
mdd/train-|step:890|loss:15.547410011291504|
mdd/dev-|step:890|loss:23.029434204101562|per:17.74107551574707|corr_diag_pct:0.5447689890861511|err_diag_pct:0.317684531211853|f1_score:0.47758564352989197|precision:0.42760953307151794|recall:0.6145697832107544|
mdd/test-|step:890|loss:22.40060806274414|per:17.72052764892578|corr_diag_pct:0.5119487643241882|err_diag_pct:0.33027347922325134|f1_score:0.4615998864173889|precision:0.4419724941253662|recall:0.5591787099838257|
mdd/train-|step:979|loss:14.529967308044434|
mdd/dev-|step:979|loss:22.92744255065918|per:17.365156173706055|corr_diag_pct:0.5460351705551147|err_diag_pct:0.3015485405921936|f1_score:0.4682501554489136|precision:0.4272582232952118|recall:0.5910605192184448|
mdd/test-|step:979|loss:22.58989715576172|per:17.402677536010742|corr_diag_pct:0.5097410082817078|err_diag_pct:0.3224812150001526|f1_score:0.45511767268180847|precision:0.4411037862300873|recall:0.5393931269645691|
mdd/train-|step:1068|loss:13.758316040039062|
mdd/dev-|step:1068|loss:23.095300674438477|per:17.221179962158203|corr_diag_pct:0.5840712785720825|err_diag_pct:0.27094724774360657|f1_score:0.4803923964500427|precision:0.43120265007019043|recall:0.6144981384277344|
mdd/test-|step:1068|loss:22.736188888549805|per:17.28034019470215|corr_diag_pct:0.5580598711967468|err_diag_pct:0.284162312746048|f1_score:0.4669545292854309|precision:0.44255974888801575|recall:0.5643857717514038|
mdd/train-|step:1157|loss:13.013321876525879|
mdd/dev-|step:1157|loss:22.930572509765625|per:17.126855850219727|corr_diag_pct:0.5929242372512817|err_diag_pct:0.26952919363975525|f1_score:0.4789055585861206|precision:0.43134796619415283|recall:0.6129898428916931|
mdd/test-|step:1157|loss:22.600997924804688|per:17.13974952697754|corr_diag_pct:0.556904673576355|err_diag_pct:0.2875397801399231|f1_score:0.46831831336021423|precision:0.4452040493488312|recall:0.567837655544281|
mdd/train-|step:1246|loss:12.206414222717285|
mdd/dev-|step:1246|loss:23.323745727539062|per:17.012460708618164|corr_diag_pct:0.5705737471580505|err_diag_pct:0.27700990438461304|f1_score:0.46489161252975464|precision:0.4295392334461212|recall:0.5834246873855591|
mdd/test-|step:1246|loss:23.086257934570312|per:17.105764389038086|corr_diag_pct:0.5198439359664917|err_diag_pct:0.3001560866832733|f1_score:0.45011547207832336|precision:0.4398156702518463|recall:0.5272592902183533|
mdd/train-|step:1335|loss:11.438212394714355|
mdd/dev-|step:1335|loss:23.86979866027832|per:17.178531646728516|corr_diag_pct:0.5917143821716309|err_diag_pct:0.274456650018692|f1_score:0.4885369539260864|precision:0.44277146458625793|recall:0.6260573267936707|
mdd/test-|step:1335|loss:23.357654571533203|per:16.97515296936035|corr_diag_pct:0.5662931799888611|err_diag_pct:0.28259575366973877|f1_score:0.4764258861541748|precision:0.450494647026062|recall:0.5787904858589172|
mdd/train-|step:1424|loss:10.903395652770996|
mdd/dev-|step:1424|loss:24.10741424560547|per:17.14813995361328|corr_diag_pct:0.5812691450119019|err_diag_pct:0.27746689319610596|f1_score:0.48094654083251953|precision:0.43659859895706177|recall:0.6120772957801819|
mdd/test-|step:1424|loss:23.506168365478516|per:17.212749481201172|corr_diag_pct:0.5353403091430664|err_diag_pct:0.30577078461647034|f1_score:0.46380069851875305|precision:0.446778804063797|recall:0.5556565523147583|
mdd/train-|step:1513|loss:10.223170280456543|
mdd/dev-|step:1513|loss:24.402647018432617|per:17.003103256225586|corr_diag_pct:0.5843430757522583|err_diag_pct:0.26695793867111206|f1_score:0.47767072916030884|precision:0.43936440348625183|recall:0.5982884764671326|
mdd/test-|step:1513|loss:24.080801010131836|per:16.94367790222168|corr_diag_pct:0.5288445949554443|err_diag_pct:0.3055998682975769|f1_score:0.46273183822631836|precision:0.45171108841896057|recall:0.5460067987442017|
mdd/train-|step:1602|loss:9.708834648132324|
mdd/dev-|step:1602|loss:24.91976547241211|per:16.983718872070312|corr_diag_pct:0.6001399159431458|err_diag_pct:0.25116124749183655|f1_score:0.4798819422721863|precision:0.4410715699195862|recall:0.6030972003936768|
mdd/test-|step:1602|loss:24.515777587890625|per:17.08701515197754|corr_diag_pct:0.5569288730621338|err_diag_pct:0.28196001052856445|f1_score:0.4595400393009186|precision:0.4416479170322418|recall:0.5497349500656128|
mdd/train-|step:1691|loss:9.263044357299805|
mdd/dev-|step:1691|loss:25.168033599853516|per:16.763309478759766|corr_diag_pct:0.621455729007721|err_diag_pct:0.24099785089492798|f1_score:0.49172887206077576|precision:0.442251592874527|recall:0.629581868648529|
mdd/test-|step:1691|loss:24.82135581970215|per:16.862592697143555|corr_diag_pct:0.5818142890930176|err_diag_pct:0.26596346497535706|f1_score:0.47144219279289246|precision:0.4450259506702423|recall:0.5725080966949463|
mdd/train-|step:1780|loss:8.712599754333496|
mdd/dev-|step:1780|loss:26.067115783691406|per:17.130508422851562|corr_diag_pct:0.5977159738540649|err_diag_pct:0.2535851001739502|f1_score:0.4649809002876282|precision:0.42198866605758667|recall:0.590658962726593|
mdd/test-|step:1780|loss:25.798688888549805|per:17.200265884399414|corr_diag_pct:0.5303328037261963|err_diag_pct:0.2896672189235687|f1_score:0.4427407383918762|precision:0.43507120013237|recall:0.520426332950592|
mdd/test-|step:0|loss:25.798688888549805|per:17.200265884399414|corr_diag_pct:0.5303328037261963|err_diag_pct:0.2896672189235687|f1_score:0.4427407383918762|precision:0.43507120013237|recall:0.520426332950592|insertions:752.0|deletions:1100.0|substitutions:3525.0|num_ref_tokens:31187.0|tp:2564.0|fp:2882.0|tn:24969.0|fn:1615.0|global-precision:0.4708042600073448|global-recall:0.6135439100263221|global-f1-score:0.5327792207792207|global-per:0.17241158174880558|
mdd/dev-|step:0|loss:26.067115783691406|per:17.130508422851562|corr_diag_pct:0.5977159738540649|err_diag_pct:0.2535851001739502|f1_score:0.4649809002876282|precision:0.42198866605758667|recall:0.590658962726593|insertions:246.0|deletions:365.0|substitutions:1021.0|num_ref_tokens:9385.0|tp:853.0|fp:940.0|tn:7434.0|fn:413.0|global-precision:0.4757389849414389|global-recall:0.6737756714060031|global-f1-score:0.5576985943118666|global-per:0.1738945125199787|
