mdd/train-|step:89|loss:120.62937927246094|
mdd/dev-|step:89|loss:35.40974426269531|per:31.346723556518555|corr_diag_pct:0.3449881076812744|err_diag_pct:0.5434877276420593|f1_score:0.42870616912841797|precision:0.31459179520606995|recall:0.7690115571022034|
mdd/test-|step:89|loss:33.491878509521484|per:30.262496948242188|corr_diag_pct:0.3485223650932312|err_diag_pct:0.5692554116249084|f1_score:0.4409308433532715|precision:0.32874125242233276|recall:0.7763750553131104|
mdd/train-|step:178|loss:37.86631393432617|
mdd/dev-|step:178|loss:24.84088134765625|per:19.593856811523438|corr_diag_pct:0.5084261894226074|err_diag_pct:0.35774481296539307|f1_score:0.4835130274295807|precision:0.4043305516242981|recall:0.6759112477302551|
mdd/test-|step:178|loss:24.56722640991211|per:19.512338638305664|corr_diag_pct:0.4656984806060791|err_diag_pct:0.4020792841911316|f1_score:0.47579291462898254|precision:0.4191158711910248|recall:0.6280988454818726|
mdd/train-|step:267|loss:30.567289352416992|
mdd/dev-|step:267|loss:22.7196102142334|per:18.67828941345215|corr_diag_pct:0.5491191148757935|err_diag_pct:0.3244868218898773|f1_score:0.4947412312030792|precision:0.4221423268318176|recall:0.6784571409225464|
mdd/test-|step:267|loss:22.459810256958008|per:18.469125747680664|corr_diag_pct:0.49615445733070374|err_diag_pct:0.372734397649765|f1_score:0.4895821213722229|precision:0.4405558705329895|recall:0.6330815553665161|
mdd/train-|step:356|loss:27.34954833984375|
mdd/dev-|step:356|loss:21.185306549072266|per:18.206989288330078|corr_diag_pct:0.5498415231704712|err_diag_pct:0.323764443397522|f1_score:0.501265287399292|precision:0.43471789360046387|recall:0.6725615859031677|
mdd/test-|step:356|loss:20.93004608154297|per:17.413618087768555|corr_diag_pct:0.49953770637512207|err_diag_pct:0.3604623079299927|f1_score:0.4881664216518402|precision:0.45293840765953064|recall:0.6027770042419434|
mdd/train-|step:445|loss:25.19732093811035|
mdd/dev-|step:445|loss:20.779991149902344|per:17.996232986450195|corr_diag_pct:0.5376545190811157|err_diag_pct:0.32851648330688477|f1_score:0.49454349279403687|precision:0.43654873967170715|recall:0.6403422951698303|
mdd/test-|step:445|loss:20.35858917236328|per:17.059219360351562|corr_diag_pct:0.4790966808795929|err_diag_pct:0.37423667311668396|f1_score:0.48158353567123413|precision:0.4631635546684265|recall:0.5729756951332092|
mdd/train-|step:534|loss:23.22484016418457|
mdd/dev-|step:534|loss:20.087539672851562|per:16.863008499145508|corr_diag_pct:0.5828648209571838|err_diag_pct:0.26471883058547974|f1_score:0.4825306832790375|precision:0.43494296073913574|recall:0.6119378805160522|
mdd/test-|step:534|loss:19.867862701416016|per:16.463069915771484|corr_diag_pct:0.5215023756027222|err_diag_pct:0.3184976279735565|f1_score:0.47992876172065735|precision:0.4652014374732971|recall:0.5643954873085022|
mdd/train-|step:623|loss:21.813289642333984|
mdd/dev-|step:623|loss:19.726991653442383|per:16.74439811706543|corr_diag_pct:0.5709806680679321|err_diag_pct:0.28775542974472046|f1_score:0.49835601449012756|precision:0.44270074367523193|recall:0.634419858455658|
mdd/test-|step:623|loss:19.475196838378906|per:16.37547492980957|corr_diag_pct:0.5290828943252563|err_diag_pct:0.3231393098831177|f1_score:0.4828264117240906|precision:0.4669313430786133|recall:0.5707141160964966|
mdd/train-|step:712|loss:20.696949005126953|
mdd/dev-|step:712|loss:19.872371673583984|per:16.977327346801758|corr_diag_pct:0.6049888730049133|err_diag_pct:0.2574646472930908|f1_score:0.505308210849762|precision:0.43985483050346375|recall:0.6620005965232849|
mdd/test-|step:712|loss:19.32208251953125|per:16.286338806152344|corr_diag_pct:0.553125262260437|err_diag_pct:0.3113192021846771|f1_score:0.493722140789032|precision:0.47247064113616943|recall:0.58976811170578|
mdd/train-|step:801|loss:19.79912757873535|
mdd/dev-|step:801|loss:19.37786102294922|per:17.21133804321289|corr_diag_pct:0.5840964317321777|err_diag_pct:0.27463966608047485|f1_score:0.4967033565044403|precision:0.44282951951026917|recall:0.6369547843933105|
mdd/test-|step:801|loss:19.377452850341797|per:16.593656539916992|corr_diag_pct:0.5166154503822327|err_diag_pct:0.31894010305404663|f1_score:0.4697839319705963|precision:0.4555298388004303|recall:0.5525452494621277|
mdd/train-|step:890|loss:18.902587890625|
mdd/dev-|step:890|loss:18.85950469970703|per:16.627485275268555|corr_diag_pct:0.5882746577262878|err_diag_pct:0.2593090236186981|f1_score:0.49561432003974915|precision:0.4491100609302521|recall:0.6264076828956604|
mdd/test-|step:890|loss:18.721569061279297|per:16.05524444580078|corr_diag_pct:0.515453577041626|err_diag_pct:0.3178797960281372|f1_score:0.465221107006073|precision:0.46373075246810913|recall:0.5346149802207947|
mdd/train-|step:979|loss:18.571552276611328|
mdd/dev-|step:979|loss:19.264589309692383|per:16.29585075378418|corr_diag_pct:0.6201522350311279|err_diag_pct:0.23858387768268585|f1_score:0.5057435631752014|precision:0.44956180453300476|recall:0.6466283202171326|
mdd/test-|step:979|loss:18.945608139038086|per:15.873292922973633|corr_diag_pct:0.5859630703926086|err_diag_pct:0.27737030386924744|f1_score:0.49128299951553345|precision:0.4783886969089508|recall:0.5771006941795349|
mdd/train-|step:1068|loss:17.309402465820312|
mdd/dev-|step:1068|loss:19.04062271118164|per:16.205190658569336|corr_diag_pct:0.5795047283172607|err_diag_pct:0.256926566362381|f1_score:0.48629942536354065|precision:0.44494226574897766|recall:0.6030397415161133|
mdd/test-|step:1068|loss:19.186567306518555|per:15.794609069824219|corr_diag_pct:0.5325470566749573|err_diag_pct:0.3030085563659668|f1_score:0.46518778800964355|precision:0.4717272222042084|recall:0.5279394388198853|
mdd/train-|step:1157|loss:16.829641342163086|
mdd/dev-|step:1157|loss:18.88077735900879|per:15.942587852478027|corr_diag_pct:0.6058535575866699|err_diag_pct:0.23801261186599731|f1_score:0.4819047152996063|precision:0.44305866956710815|recall:0.6022900938987732|
mdd/test-|step:1157|loss:19.34520149230957|per:15.731852531433105|corr_diag_pct:0.5490581393241882|err_diag_pct:0.29094183444976807|f1_score:0.4697411060333252|precision:0.47056159377098083|recall:0.5342192649841309|
mdd/train-|step:1246|loss:15.963397979736328|
mdd/dev-|step:1246|loss:19.16756248474121|per:16.157901763916016|corr_diag_pct:0.6288328766822815|err_diag_pct:0.2187507450580597|f1_score:0.49925678968429565|precision:0.44625434279441833|recall:0.6333199143409729|
mdd/test-|step:1246|loss:18.916475296020508|per:15.728858947753906|corr_diag_pct:0.5813504457473755|err_diag_pct:0.2630940079689026|f1_score:0.47460782527923584|precision:0.4673808217048645|recall:0.555158257484436|
mdd/train-|step:1335|loss:15.36994743347168|
mdd/dev-|step:1335|loss:18.77145767211914|per:15.478825569152832|corr_diag_pct:0.6265035271644592|err_diag_pct:0.22108009457588196|f1_score:0.4995921552181244|precision:0.4502513110637665|recall:0.6289788484573364|
mdd/test-|step:1335|loss:19.155298233032227|per:15.909279823303223|corr_diag_pct:0.5583403706550598|err_diag_pct:0.2894373834133148|f1_score:0.47608304023742676|precision:0.4680805802345276|recall:0.553591251373291|
mdd/train-|step:1424|loss:14.892621040344238|
mdd/dev-|step:1424|loss:18.833314895629883|per:15.932978630065918|corr_diag_pct:0.5795847773551941|err_diag_pct:0.24569398164749146|f1_score:0.48945730924606323|precision:0.45311790704727173|recall:0.6061676740646362|
mdd/test-|step:1424|loss:19.237442016601562|per:16.138647079467773|corr_diag_pct:0.4972095787525177|err_diag_pct:0.3172348737716675|f1_score:0.4462512135505676|precision:0.4497990310192108|recall:0.5090545415878296|
mdd/train-|step:1513|loss:14.435591697692871|
mdd/dev-|step:1513|loss:19.599027633666992|per:16.08847427368164|corr_diag_pct:0.6239427924156189|err_diag_pct:0.22364090383052826|f1_score:0.4929254353046417|precision:0.4365580379962921|recall:0.6333337426185608|
mdd/test-|step:1513|loss:19.524261474609375|per:15.8447265625|corr_diag_pct:0.5662128329277039|err_diag_pct:0.27378714084625244|f1_score:0.46953311562538147|precision:0.46128761768341064|recall:0.5484668016433716|
mdd/train-|step:1602|loss:13.984550476074219|
mdd/dev-|step:1602|loss:19.47614860534668|per:16.24346160888672|corr_diag_pct:0.604726254940033|err_diag_pct:0.23170503973960876|f1_score:0.47851210832595825|precision:0.4391822814941406|recall:0.596815824508667|
mdd/test-|step:1602|loss:20.113571166992188|per:15.918411254882812|corr_diag_pct:0.5194156169891357|err_diag_pct:0.29947325587272644|f1_score:0.44781890511512756|precision:0.45577511191368103|recall:0.5056460499763489|
mdd/train-|step:1691|loss:13.659723281860352|
mdd/dev-|step:1691|loss:19.54636573791504|per:15.44271183013916|corr_diag_pct:0.6339511871337891|err_diag_pct:0.2285023331642151|f1_score:0.5026366710662842|precision:0.46005386114120483|recall:0.6238226890563965|
mdd/test-|step:1691|loss:19.985336303710938|per:15.316563606262207|corr_diag_pct:0.574017345905304|err_diag_pct:0.26153817772865295|f1_score:0.4630231261253357|precision:0.4664255678653717|recall:0.5239375233650208|
mdd/train-|step:1780|loss:12.796116828918457|
mdd/dev-|step:1780|loss:20.042686462402344|per:16.24625015258789|corr_diag_pct:0.6234276294708252|err_diag_pct:0.23159094154834747|f1_score:0.4958089292049408|precision:0.4447531998157501|recall:0.6319654583930969|
mdd/test-|step:1780|loss:20.300357818603516|per:15.84669017791748|corr_diag_pct:0.5545440912246704|err_diag_pct:0.2810114622116089|f1_score:0.46081027388572693|precision:0.4600687026977539|recall:0.5270222425460815|
mdd/test-|step:0|loss:20.300357818603516|per:15.84669017791748|corr_diag_pct:0.5545440912246704|err_diag_pct:0.2810114622116089|f1_score:0.46081027388572693|precision:0.4600687026977539|recall:0.5270222425460815|insertions:505.0|deletions:1053.0|substitutions:3427.0|num_ref_tokens:31187.0|tp:2533.0|fp:2506.0|tn:25129.0|fn:1649.0|global-precision:0.5026791029966263|global-recall:0.6056910569105691|global-f1-score:0.5493981130029282|global-per:0.15984224195979094|
mdd/dev-|step:0|loss:20.042686462402344|per:16.24625015258789|corr_diag_pct:0.6234276294708252|err_diag_pct:0.23159094154834747|f1_score:0.4958089292049408|precision:0.4447531998157501|recall:0.6319654583930969|insertions:188.0|deletions:338.0|substitutions:1016.0|num_ref_tokens:9385.0|tp:904.0|fp:921.0|tn:7410.0|fn:364.0|global-precision:0.49534246575342467|global-recall:0.7129337539432177|global-f1-score:0.5845457484642742|global-per:0.16430474160895045|
