mdd/train-|step:89|loss:187.8511199951172|
mdd/dev-|step:89|loss:122.17841339111328|per:100.0|corr_diag_pct:0.025146085768938065|err_diag_pct:0.9153743982315063|f1_score:0.2150670737028122|precision:0.12577539682388306|recall:0.9164857864379883|
mdd/test-|step:89|loss:120.25238037109375|per:100.0|corr_diag_pct:0.03659842908382416|err_diag_pct:0.9211793541908264|f1_score:0.22310425341129303|precision:0.13086214661598206|recall:0.9471686482429504|
mdd/train-|step:178|loss:95.7071304321289|
mdd/dev-|step:178|loss:56.7169189453125|per:58.52872085571289|corr_diag_pct:0.3211565911769867|err_diag_pct:0.623081386089325|f1_score:0.3158726692199707|precision:0.20065996050834656|recall:0.8963032960891724|
mdd/test-|step:178|loss:56.117576599121094|per:58.18802261352539|corr_diag_pct:0.3220301568508148|err_diag_pct:0.6335253119468689|f1_score:0.3185696303844452|precision:0.20219486951828003|recall:0.9122998118400574|
mdd/train-|step:267|loss:47.32783889770508|
mdd/dev-|step:267|loss:35.26789093017578|per:31.61502456665039|corr_diag_pct:0.4480247497558594|err_diag_pct:0.44788607954978943|f1_score:0.41964781284332275|precision:0.30666863918304443|recall:0.7676188945770264|
mdd/test-|step:267|loss:35.18593978881836|per:31.922380447387695|corr_diag_pct:0.42121055722236633|err_diag_pct:0.49878939986228943|f1_score:0.4155483543872833|precision:0.3029918372631073|recall:0.7649680972099304|
mdd/train-|step:356|loss:34.898983001708984|
mdd/dev-|step:356|loss:29.501712799072266|per:25.638416290283203|corr_diag_pct:0.4527718424797058|err_diag_pct:0.417116641998291|f1_score:0.42815178632736206|precision:0.33854126930236816|recall:0.6757646799087524|
mdd/test-|step:356|loss:29.554227828979492|per:25.515012741088867|corr_diag_pct:0.4345248341560364|err_diag_pct:0.45214182138442993|f1_score:0.4360676407814026|precision:0.34644070267677307|recall:0.6712992191314697|
mdd/train-|step:445|loss:30.12408447265625|
mdd/dev-|step:445|loss:26.82140350341797|per:23.436132431030273|corr_diag_pct:0.4927913248538971|err_diag_pct:0.37709715962409973|f1_score:0.44316500425338745|precision:0.3537874221801758|recall:0.6740449666976929|
mdd/test-|step:445|loss:26.712146759033203|per:23.16750717163086|corr_diag_pct:0.4797977805137634|err_diag_pct:0.40909111499786377|f1_score:0.45126283168792725|precision:0.3705082833766937|recall:0.6576873064041138|
mdd/train-|step:534|loss:26.940786361694336|
mdd/dev-|step:534|loss:25.390636444091797|per:21.324254989624023|corr_diag_pct:0.4957208037376404|err_diag_pct:0.3704502284526825|f1_score:0.45681753754615784|precision:0.37919145822525024|recall:0.6534314751625061|
mdd/test-|step:534|loss:25.18229866027832|per:21.004730224609375|corr_diag_pct:0.4806787073612213|err_diag_pct:0.3870990574359894|f1_score:0.45602935552597046|precision:0.3978661298751831|recall:0.6152761578559875|
mdd/train-|step:623|loss:24.647619247436523|
mdd/dev-|step:623|loss:24.1874942779541|per:19.526535034179688|corr_diag_pct:0.5106180906295776|err_diag_pct:0.3406830430030823|f1_score:0.46901747584342957|precision:0.3969484567642212|recall:0.6427592039108276|
mdd/test-|step:623|loss:23.722820281982422|per:19.600643157958984|corr_diag_pct:0.49861806631088257|err_diag_pct:0.3658263385295868|f1_score:0.4672299325466156|precision:0.4185929298400879|recall:0.609688401222229|
mdd/train-|step:712|loss:23.013078689575195|
mdd/dev-|step:712|loss:23.18313217163086|per:18.95384407043457|corr_diag_pct:0.49942463636398315|err_diag_pct:0.3370065689086914|f1_score:0.4620985984802246|precision:0.3971666395664215|recall:0.6199113726615906|
mdd/test-|step:712|loss:22.89051628112793|per:18.819978713989258|corr_diag_pct:0.48964861035346985|err_diag_pct:0.3636847734451294|f1_score:0.4678491950035095|precision:0.43149253726005554|recall:0.5864976644515991|
mdd/train-|step:801|loss:21.72846221923828|
mdd/dev-|step:801|loss:23.06192970275879|per:18.359512329101562|corr_diag_pct:0.5414600968360901|err_diag_pct:0.3024060130119324|f1_score:0.4590057134628296|precision:0.40023770928382874|recall:0.6075032353401184|
mdd/test-|step:801|loss:22.674928665161133|per:17.931547164916992|corr_diag_pct:0.5147996544837952|err_diag_pct:0.32853370904922485|f1_score:0.4659406244754791|precision:0.44054150581359863|recall:0.5724559426307678|
mdd/train-|step:890|loss:20.793842315673828|
mdd/dev-|step:890|loss:22.913330078125|per:17.929485321044922|corr_diag_pct:0.5389480590820312|err_diag_pct:0.3012006878852844|f1_score:0.461300790309906|precision:0.40983691811561584|recall:0.5992311239242554|
mdd/test-|step:890|loss:22.396488189697266|per:17.730411529541016|corr_diag_pct:0.5200849175453186|err_diag_pct:0.3254706561565399|f1_score:0.4647359848022461|precision:0.4470946788787842|recall:0.5578528642654419|
mdd/train-|step:979|loss:19.726398468017578|
mdd/dev-|step:979|loss:21.8426570892334|per:17.16912269592285|corr_diag_pct:0.5388075113296509|err_diag_pct:0.2901887595653534|f1_score:0.462312787771225|precision:0.41520899534225464|recall:0.5873204469680786|
mdd/test-|step:979|loss:21.716754913330078|per:17.647171020507812|corr_diag_pct:0.5018766522407532|err_diag_pct:0.33034566044807434|f1_score:0.4560573995113373|precision:0.44109654426574707|recall:0.5464909672737122|
mdd/train-|step:1068|loss:18.636838912963867|
mdd/dev-|step:1068|loss:21.59170913696289|per:17.142976760864258|corr_diag_pct:0.5333229303359985|err_diag_pct:0.30682581663131714|f1_score:0.4710691571235657|precision:0.42698290944099426|recall:0.596601665019989|
mdd/test-|step:1068|loss:21.365711212158203|per:17.505765914916992|corr_diag_pct:0.5150027275085449|err_diag_pct:0.3327750265598297|f1_score:0.4676119387149811|precision:0.4530465602874756|recall:0.5607086420059204|
mdd/train-|step:1157|loss:17.889991760253906|
mdd/dev-|step:1157|loss:21.751510620117188|per:17.083757400512695|corr_diag_pct:0.5843051671981812|err_diag_pct:0.26699599623680115|f1_score:0.4784737527370453|precision:0.4269339442253113|recall:0.6135347485542297|
mdd/test-|step:1157|loss:21.269309997558594|per:17.242462158203125|corr_diag_pct:0.544996440410614|err_diag_pct:0.3050035238265991|f1_score:0.4728432893753052|precision:0.4500843286514282|recall:0.5688182711601257|
mdd/train-|step:1246|loss:17.362428665161133|
mdd/dev-|step:1246|loss:21.318639755249023|per:16.841957092285156|corr_diag_pct:0.5662187337875366|err_diag_pct:0.2702125310897827|f1_score:0.4724954068660736|precision:0.4248611032962799|recall:0.594722330570221|
mdd/test-|step:1246|loss:21.228721618652344|per:17.04942512512207|corr_diag_pct:0.5516181588172913|err_diag_pct:0.2972707450389862|f1_score:0.4701019823551178|precision:0.45402953028678894|recall:0.5590355396270752|
mdd/train-|step:1335|loss:16.744382858276367|
mdd/dev-|step:1335|loss:21.324800491333008|per:16.73038101196289|corr_diag_pct:0.5721326470375061|err_diag_pct:0.25686362385749817|f1_score:0.4658609628677368|precision:0.4226923882961273|recall:0.58633953332901|
mdd/test-|step:1335|loss:21.260265350341797|per:16.83357048034668|corr_diag_pct:0.5290248394012451|err_diag_pct:0.2909751832485199|f1_score:0.4531680643558502|precision:0.44559112191200256|recall:0.527976930141449|
mdd/train-|step:1424|loss:16.341581344604492|
mdd/dev-|step:1424|loss:21.42095947265625|per:16.849903106689453|corr_diag_pct:0.5895413160324097|err_diag_pct:0.26175984740257263|f1_score:0.4827843904495239|precision:0.434446781873703|recall:0.6150888800621033|
mdd/test-|step:1424|loss:21.217979431152344|per:16.877979278564453|corr_diag_pct:0.5507938265800476|err_diag_pct:0.288095086812973|f1_score:0.46610915660858154|precision:0.4507426619529724|recall:0.5526875257492065|
mdd/train-|step:1513|loss:15.498723983764648|
mdd/dev-|step:1513|loss:21.11423683166504|per:16.811527252197266|corr_diag_pct:0.5312374830245972|err_diag_pct:0.2791714668273926|f1_score:0.45981109142303467|precision:0.4195571839809418|recall:0.575688362121582|
mdd/test-|step:1513|loss:21.017324447631836|per:16.860429763793945|corr_diag_pct:0.5127259492874146|err_diag_pct:0.29949626326560974|f1_score:0.4429584741592407|precision:0.44365066289901733|recall:0.5078326463699341|
mdd/train-|step:1602|loss:14.969671249389648|
mdd/dev-|step:1602|loss:20.98309326171875|per:16.50859260559082|corr_diag_pct:0.5600004196166992|err_diag_pct:0.26156094670295715|f1_score:0.46500363945961|precision:0.4282618463039398|recall:0.5788453221321106|
mdd/test-|step:1602|loss:21.024457931518555|per:16.60930824279785|corr_diag_pct:0.539488673210144|err_diag_pct:0.29162245988845825|f1_score:0.45773839950561523|precision:0.4547390639781952|recall:0.5303792953491211|
mdd/train-|step:1691|loss:14.61646842956543|
mdd/dev-|step:1691|loss:21.47721290588379|per:16.53120231628418|corr_diag_pct:0.6036791801452637|err_diag_pct:0.22531718015670776|f1_score:0.46585965156555176|precision:0.4213111102581024|recall:0.5921177864074707|
mdd/test-|step:1691|loss:21.06668472290039|per:16.43831443786621|corr_diag_pct:0.5681276321411133|err_diag_pct:0.258539080619812|f1_score:0.45599812269210815|precision:0.44565749168395996|recall:0.5326024889945984|
mdd/train-|step:1780|loss:14.179134368896484|
mdd/dev-|step:1780|loss:21.27010154724121|per:16.613265991210938|corr_diag_pct:0.5581917762756348|err_diag_pct:0.2708044946193695|f1_score:0.46605151891708374|precision:0.4285215139389038|recall:0.5803287625312805|
mdd/test-|step:1780|loss:21.224809646606445|per:16.73004913330078|corr_diag_pct:0.5362893342971802|err_diag_pct:0.2848218083381653|f1_score:0.4530201256275177|precision:0.44633084535598755|recall:0.5269520878791809|
mdd/test-|step:0|loss:21.224809646606445|per:16.73004913330078|corr_diag_pct:0.5362893342971802|err_diag_pct:0.2848218083381653|f1_score:0.4530201256275177|precision:0.44633084535598755|recall:0.5269520878791809|insertions:655.0|deletions:1123.0|substitutions:3434.0|num_ref_tokens:31187.0|tp:2540.0|fp:2680.0|tn:25095.0|fn:1641.0|global-precision:0.48659003831417624|global-recall:0.6075101650322889|global-f1-score:0.5403680459525584|global-per:0.16712091576618462|
mdd/dev-|step:0|loss:21.27010154724121|per:16.613265991210938|corr_diag_pct:0.5581917762756348|err_diag_pct:0.2708044946193695|f1_score:0.46605151891708374|precision:0.4285215139389038|recall:0.5803287625312805|insertions:198.0|deletions:417.0|substitutions:972.0|num_ref_tokens:9385.0|tp:846.0|fp:874.0|tn:7460.0|fn:420.0|global-precision:0.49186046511627907|global-recall:0.6682464454976303|global-f1-score:0.566644340254521|global-per:0.16909962706446457|
