mdd/train-|step:89|loss:207.80734252929688|
mdd/dev-|step:89|loss:120.306640625|per:100.0|corr_diag_pct:0.025146087631583214|err_diag_pct:0.9153743982315063|f1_score:0.21506710350513458|precision:0.12577539682388306|recall:0.9164858460426331|
mdd/test-|step:89|loss:119.0158920288086|per:100.0|corr_diag_pct:0.03659842908382416|err_diag_pct:0.9211793541908264|f1_score:0.22310425341129303|precision:0.13086216151714325|recall:0.9471685886383057|
mdd/train-|step:178|loss:91.57173919677734|
mdd/dev-|step:178|loss:54.29686737060547|per:53.520748138427734|corr_diag_pct:0.31468817591667175|err_diag_pct:0.6295496821403503|f1_score:0.33226072788238525|precision:0.21410250663757324|recall:0.8851569294929504|
mdd/test-|step:178|loss:53.65970230102539|per:53.61155700683594|corr_diag_pct:0.31391268968582153|err_diag_pct:0.6394206285476685|f1_score:0.336588054895401|precision:0.21716885268688202|recall:0.9036937952041626|
mdd/train-|step:267|loss:42.38243103027344|
mdd/dev-|step:267|loss:34.10115432739258|per:30.75298500061035|corr_diag_pct:0.4416392147541046|err_diag_pct:0.4542716145515442|f1_score:0.42315733432769775|precision:0.31068742275238037|recall:0.757784366607666|
mdd/test-|step:267|loss:34.21854019165039|per:31.40685272216797|corr_diag_pct:0.4263491928577423|err_diag_pct:0.4925397038459778|f1_score:0.4189136326313019|precision:0.3075433373451233|recall:0.7597863078117371|
mdd/train-|step:356|loss:30.572010040283203|
mdd/dev-|step:356|loss:28.715381622314453|per:25.197078704833984|corr_diag_pct:0.468509703874588|err_diag_pct:0.40509623289108276|f1_score:0.4418364465236664|precision:0.3463311195373535|recall:0.6934586763381958|
mdd/test-|step:356|loss:28.617820739746094|per:25.633203506469727|corr_diag_pct:0.4324931502342224|err_diag_pct:0.4563957452774048|f1_score:0.43189486861228943|precision:0.3447844088077545|recall:0.664910614490509|
mdd/train-|step:445|loss:25.29612922668457|
mdd/dev-|step:445|loss:26.076805114746094|per:20.600168228149414|corr_diag_pct:0.5206084251403809|err_diag_pct:0.35671499371528625|f1_score:0.4678226411342621|precision:0.3928206264972687|recall:0.6542923450469971|
mdd/test-|step:445|loss:25.74563217163086|per:21.002727508544922|corr_diag_pct:0.4701780676841736|err_diag_pct:0.3931552767753601|f1_score:0.4570755958557129|precision:0.40009623765945435|recall:0.6140425205230713|
mdd/train-|step:534|loss:22.010759353637695|
mdd/dev-|step:534|loss:24.933393478393555|per:19.462263107299805|corr_diag_pct:0.5610559582710266|err_diag_pct:0.31255003809928894|f1_score:0.47335484623908997|precision:0.40197473764419556|recall:0.6537798643112183|
mdd/test-|step:534|loss:24.463804244995117|per:19.36989402770996|corr_diag_pct:0.5170261263847351|err_diag_pct:0.3518627882003784|f1_score:0.46877041459083557|precision:0.42086198925971985|recall:0.6107602119445801|
mdd/train-|step:623|loss:19.858572006225586|
mdd/dev-|step:623|loss:23.925020217895508|per:18.71644401550293|corr_diag_pct:0.5408738851547241|err_diag_pct:0.33273205161094666|f1_score:0.47638145089149475|precision:0.4136263430118561|recall:0.6373860836029053|
mdd/test-|step:623|loss:23.330427169799805|per:18.706392288208008|corr_diag_pct:0.5169621706008911|err_diag_pct:0.3419267535209656|f1_score:0.46796712279319763|precision:0.4318443238735199|recall:0.5872479677200317|
mdd/train-|step:712|loss:18.06757164001465|
mdd/dev-|step:712|loss:23.50799560546875|per:17.90564727783203|corr_diag_pct:0.5382373929023743|err_diag_pct:0.3167811632156372|f1_score:0.4724730849266052|precision:0.421885222196579|recall:0.6129661798477173|
mdd/test-|step:712|loss:22.92461395263672|per:17.980283737182617|corr_diag_pct:0.5082668662071228|err_diag_pct:0.3372887074947357|f1_score:0.4649026095867157|precision:0.4413508474826813|recall:0.5658372044563293|
mdd/train-|step:801|loss:16.69505500793457|
mdd/dev-|step:801|loss:23.28722381591797|per:17.412212371826172|corr_diag_pct:0.577846109867096|err_diag_pct:0.28088998794555664|f1_score:0.47721365094184875|precision:0.42474374175071716|recall:0.6144922971725464|
mdd/test-|step:801|loss:22.60089683532715|per:17.61656379699707|corr_diag_pct:0.5386902689933777|err_diag_pct:0.3179763853549957|f1_score:0.4727118909358978|precision:0.444214403629303|recall:0.5794104933738708|
mdd/train-|step:890|loss:15.58909797668457|
mdd/dev-|step:890|loss:23.05452537536621|per:17.796659469604492|corr_diag_pct:0.5402221083641052|err_diag_pct:0.3036440908908844|f1_score:0.4660417139530182|precision:0.42049622535705566|recall:0.5995823740959167|
mdd/test-|step:890|loss:22.303146362304688|per:17.598024368286133|corr_diag_pct:0.5087229013442993|err_diag_pct:0.32905489206314087|f1_score:0.4575774669647217|precision:0.43941420316696167|recall:0.5510042905807495|
mdd/train-|step:979|loss:14.54932975769043|
mdd/dev-|step:979|loss:22.9479923248291|per:17.214284896850586|corr_diag_pct:0.554735541343689|err_diag_pct:0.29656553268432617|f1_score:0.46946683526039124|precision:0.4307384192943573|recall:0.5913482308387756|
mdd/test-|step:979|loss:22.515724182128906|per:17.26102066040039|corr_diag_pct:0.5095633864402771|err_diag_pct:0.3259921967983246|f1_score:0.4576370120048523|precision:0.4472891688346863|recall:0.5392752885818481|
mdd/train-|step:1068|loss:13.745811462402344|
mdd/dev-|step:1068|loss:23.171524047851562|per:17.03777313232422|corr_diag_pct:0.5875566005706787|err_diag_pct:0.2674620449542999|f1_score:0.4804598391056061|precision:0.43268293142318726|recall:0.6095099449157715|
mdd/test-|step:1068|loss:22.726848602294922|per:17.23845672607422|corr_diag_pct:0.555783748626709|err_diag_pct:0.28977179527282715|f1_score:0.4670916795730591|precision:0.4439983665943146|recall:0.5632182359695435|
mdd/train-|step:1157|loss:13.030533790588379|
mdd/dev-|step:1157|loss:23.033447265625|per:17.02360725402832|corr_diag_pct:0.5871991515159607|err_diag_pct:0.28268930315971375|f1_score:0.486817866563797|precision:0.4394770562648773|recall:0.6266731023788452|
mdd/test-|step:1157|loss:22.60926628112793|per:17.134145736694336|corr_diag_pct:0.5522916913032532|err_diag_pct:0.28881940245628357|f1_score:0.4689229130744934|precision:0.4436887204647064|recall:0.5678269863128662|
mdd/train-|step:1246|loss:12.231657981872559|
mdd/dev-|step:1246|loss:23.284343719482422|per:17.107973098754883|corr_diag_pct:0.5798144936561584|err_diag_pct:0.2677692174911499|f1_score:0.4644794166088104|precision:0.4265371561050415|recall:0.590988039970398|
mdd/test-|step:1246|loss:23.046329498291016|per:17.201919555664062|corr_diag_pct:0.5228858590126038|err_diag_pct:0.29711413383483887|f1_score:0.45106539130210876|precision:0.43346744775772095|recall:0.5356355309486389|
mdd/train-|step:1335|loss:11.506134033203125|
mdd/dev-|step:1335|loss:23.88532829284668|per:16.965993881225586|corr_diag_pct:0.5880036354064941|err_diag_pct:0.2707323729991913|f1_score:0.48736339807510376|precision:0.44108104705810547|recall:0.6210571527481079|
mdd/test-|step:1335|loss:23.290706634521484|per:17.024917602539062|corr_diag_pct:0.5610849857330322|err_diag_pct:0.28558167815208435|f1_score:0.4710392355918884|precision:0.44690048694610596|recall:0.5680068731307983|
mdd/train-|step:1424|loss:10.914738655090332|
mdd/dev-|step:1424|loss:24.037004470825195|per:17.22308921813965|corr_diag_pct:0.5792559385299683|err_diag_pct:0.2757626175880432|f1_score:0.48198068141937256|precision:0.43229204416275024|recall:0.6205030083656311|
mdd/test-|step:1424|loss:23.401569366455078|per:17.278419494628906|corr_diag_pct:0.5365217328071594|err_diag_pct:0.3023671507835388|f1_score:0.45824483036994934|precision:0.4410533905029297|recall:0.5480034947395325|
mdd/train-|step:1513|loss:10.25782585144043|
mdd/dev-|step:1513|loss:24.546436309814453|per:16.965660095214844|corr_diag_pct:0.5840421319007874|err_diag_pct:0.2635415494441986|f1_score:0.4787139296531677|precision:0.4381122887134552|recall:0.6046793460845947|
mdd/test-|step:1513|loss:24.048988342285156|per:16.909603118896484|corr_diag_pct:0.5291777849197388|err_diag_pct:0.2985999882221222|f1_score:0.4589698612689972|precision:0.4461055397987366|recall:0.5402314066886902|
mdd/train-|step:1602|loss:9.759167671203613|
mdd/dev-|step:1602|loss:24.88263702392578|per:17.200502395629883|corr_diag_pct:0.6021146178245544|err_diag_pct:0.25662147998809814|f1_score:0.4765457212924957|precision:0.43870410323143005|recall:0.6041194796562195|
mdd/test-|step:1602|loss:24.425334930419922|per:16.928504943847656|corr_diag_pct:0.559983491897583|err_diag_pct:0.27668315172195435|f1_score:0.4590884745121002|precision:0.4412735402584076|recall:0.5496591925621033|
mdd/train-|step:1691|loss:9.303788185119629|
mdd/dev-|step:1691|loss:24.984329223632812|per:16.967973709106445|corr_diag_pct:0.6120089888572693|err_diag_pct:0.25044453144073486|f1_score:0.4828702211380005|precision:0.43273574113845825|recall:0.6190173029899597|
mdd/test-|step:1691|loss:24.64694595336914|per:16.8276309967041|corr_diag_pct:0.5768596529960632|err_diag_pct:0.2664736807346344|f1_score:0.46771174669265747|precision:0.4421619474887848|recall:0.5654100775718689|
mdd/train-|step:1780|loss:8.757355690002441|
mdd/dev-|step:1780|loss:25.938140869140625|per:17.281789779663086|corr_diag_pct:0.6091930270195007|err_diag_pct:0.24954308569431305|f1_score:0.4623917043209076|precision:0.4226492643356323|recall:0.586264431476593|
mdd/test-|step:1780|loss:25.700220108032227|per:17.256383895874023|corr_diag_pct:0.5457798838615417|err_diag_pct:0.2775534391403198|f1_score:0.44315481185913086|precision:0.43202704191207886|recall:0.5244423151016235|
mdd/test-|step:0|loss:25.700220108032227|per:17.256383895874023|corr_diag_pct:0.5457798838615417|err_diag_pct:0.2775534391403198|f1_score:0.44315481185913086|precision:0.43202704191207886|recall:0.5244423151016235|insertions:800.0|deletions:1029.0|substitutions:3546.0|num_ref_tokens:31187.0|tp:2566.0|fp:2917.0|tn:24973.0|fn:1615.0|global-precision:0.46799197519606056|global-recall:0.6137287730208084|global-f1-score:0.531043046357616|global-per:0.17234745246416777|
mdd/dev-|step:0|loss:25.938140869140625|per:17.281789779663086|corr_diag_pct:0.6091930270195007|err_diag_pct:0.24954308569431305|f1_score:0.4623917043209076|precision:0.4226492643356323|recall:0.586264431476593|insertions:266.0|deletions:350.0|substitutions:1031.0|num_ref_tokens:9385.0|tp:840.0|fp:964.0|tn:7430.0|fn:425.0|global-precision:0.4656319290465632|global-recall:0.6640316205533597|global-f1-score:0.5474095796676443|global-per:0.17549280767181674|
