mdd/train-|step:89|loss:197.8180694580078|
mdd/dev-|step:89|loss:119.56317901611328|per:100.0|corr_diag_pct:0.025146085768938065|err_diag_pct:0.9153743386268616|f1_score:0.2150670737028122|precision:0.12577541172504425|recall:0.9164857864379883|
mdd/test-|step:89|loss:118.19908142089844|per:100.0|corr_diag_pct:0.03659842908382416|err_diag_pct:0.9211793541908264|f1_score:0.22310425341129303|precision:0.13086216151714325|recall:0.9471686482429504|
mdd/train-|step:178|loss:88.87747955322266|
mdd/dev-|step:178|loss:50.56531524658203|per:52.20932388305664|corr_diag_pct:0.3249933123588562|err_diag_pct:0.6192445755004883|f1_score:0.33972492814064026|precision:0.2206631600856781|recall:0.883774995803833|
mdd/test-|step:178|loss:49.8895263671875|per:52.203216552734375|corr_diag_pct:0.3210451304912567|err_diag_pct:0.63006591796875|f1_score:0.33845388889312744|precision:0.21926622092723846|recall:0.8910810947418213|
mdd/train-|step:267|loss:42.29059982299805|
mdd/dev-|step:267|loss:33.241024017333984|per:31.379039764404297|corr_diag_pct:0.41529205441474915|err_diag_pct:0.4992060959339142|f1_score:0.42882612347602844|precision:0.31342098116874695|recall:0.7811088562011719|
mdd/test-|step:267|loss:33.051170349121094|per:31.67246437072754|corr_diag_pct:0.4043847620487213|err_diag_pct:0.5145041346549988|f1_score:0.41872820258140564|precision:0.3063821494579315|recall:0.7610030770301819|
mdd/train-|step:356|loss:31.34897804260254|
mdd/dev-|step:356|loss:28.061391830444336|per:24.276023864746094|corr_diag_pct:0.4693993330001831|err_diag_pct:0.40420663356781006|f1_score:0.45252689719200134|precision:0.35763776302337646|recall:0.6951429843902588|
mdd/test-|step:356|loss:27.647123336791992|per:23.796777725219727|corr_diag_pct:0.4537036120891571|err_diag_pct:0.4429630637168884|f1_score:0.4532164931297302|precision:0.3673977553844452|recall:0.6742163896560669|
mdd/train-|step:445|loss:26.510072708129883|
mdd/dev-|step:445|loss:25.826807022094727|per:21.048297882080078|corr_diag_pct:0.5049678683280945|err_diag_pct:0.35748574137687683|f1_score:0.472493976354599|precision:0.38867154717445374|recall:0.6781811714172363|
mdd/test-|step:445|loss:25.239742279052734|per:20.916032791137695|corr_diag_pct:0.49013522267341614|err_diag_pct:0.3909758925437927|f1_score:0.47410982847213745|precision:0.4023459553718567|recall:0.6535398960113525|
mdd/train-|step:534|loss:23.604904174804688|
mdd/dev-|step:534|loss:24.08209991455078|per:19.275360107421875|corr_diag_pct:0.5115071535110474|err_diag_pct:0.3435114324092865|f1_score:0.4683854877948761|precision:0.4120256006717682|recall:0.6248090863227844|
mdd/test-|step:534|loss:23.614389419555664|per:19.170534133911133|corr_diag_pct:0.4739120900630951|err_diag_pct:0.3727545738220215|f1_score:0.45494768023490906|precision:0.41625353693962097|recall:0.5720635056495667|
mdd/train-|step:623|loss:21.213552474975586|
mdd/dev-|step:623|loss:23.17551040649414|per:18.55198860168457|corr_diag_pct:0.5139600038528442|err_diag_pct:0.3299061954021454|f1_score:0.4637879431247711|precision:0.41405361890792847|recall:0.6049239039421082|
mdd/test-|step:623|loss:22.615129470825195|per:18.347084045410156|corr_diag_pct:0.47077926993370056|err_diag_pct:0.3669985234737396|f1_score:0.45418810844421387|precision:0.4290406405925751|recall:0.5525590181350708|
mdd/train-|step:712|loss:19.84723472595215|
mdd/dev-|step:712|loss:22.69062042236328|per:17.77444839477539|corr_diag_pct:0.5363383293151855|err_diag_pct:0.3112453520298004|f1_score:0.4646819829940796|precision:0.4234902858734131|recall:0.5967143774032593|
mdd/test-|step:712|loss:21.982868194580078|per:17.383485794067383|corr_diag_pct:0.5055851936340332|err_diag_pct:0.32885923981666565|f1_score:0.4660939872264862|precision:0.4479978084564209|recall:0.5539247393608093|
mdd/train-|step:801|loss:18.71025848388672|
mdd/dev-|step:801|loss:22.166913986206055|per:17.48893165588379|corr_diag_pct:0.5476986169815063|err_diag_pct:0.2961675524711609|f1_score:0.4665999710559845|precision:0.43066519498825073|recall:0.5913065075874329|
mdd/test-|step:801|loss:21.92926025390625|per:17.384706497192383|corr_diag_pct:0.5137695074081421|err_diag_pct:0.32289713621139526|f1_score:0.4551627039909363|precision:0.4398799538612366|recall:0.5386524200439453|
mdd/train-|step:890|loss:17.323904037475586|
mdd/dev-|step:890|loss:21.842370986938477|per:17.178926467895508|corr_diag_pct:0.5720482468605042|err_diag_pct:0.2829703390598297|f1_score:0.472922682762146|precision:0.438686341047287|recall:0.5967023968696594|
mdd/test-|step:890|loss:21.386770248413086|per:16.94883155822754|corr_diag_pct:0.5362370014190674|err_diag_pct:0.3059852421283722|f1_score:0.4681844115257263|precision:0.4508015811443329|recall:0.5534563064575195|
mdd/train-|step:979|loss:16.687952041625977|
mdd/dev-|step:979|loss:21.770427703857422|per:16.584299087524414|corr_diag_pct:0.5795697569847107|err_diag_pct:0.2605789601802826|f1_score:0.4664483070373535|precision:0.43316328525543213|recall:0.58187335729599|
mdd/test-|step:979|loss:21.310340881347656|per:16.66141700744629|corr_diag_pct:0.5422490835189819|err_diag_pct:0.29108425974845886|f1_score:0.4591520130634308|precision:0.4526088237762451|recall:0.5340743660926819|
mdd/train-|step:1068|loss:15.721056938171387|
mdd/dev-|step:1068|loss:21.77250099182129|per:17.07809829711914|corr_diag_pct:0.5741280317306519|err_diag_pct:0.27717310190200806|f1_score:0.48097825050354004|precision:0.43964099884033203|recall:0.6081202030181885|
mdd/test-|step:1068|loss:20.990137100219727|per:16.833683013916016|corr_diag_pct:0.5387482643127441|err_diag_pct:0.29902952909469604|f1_score:0.468637615442276|precision:0.45081621408462524|recall:0.5550525784492493|
mdd/train-|step:1157|loss:15.04515266418457|
mdd/dev-|step:1157|loss:21.60488510131836|per:16.722749710083008|corr_diag_pct:0.5731749534606934|err_diag_pct:0.2632562518119812|f1_score:0.4668767750263214|precision:0.434871107339859|recall:0.5810415148735046|
mdd/test-|step:1157|loss:21.088672637939453|per:16.73839569091797|corr_diag_pct:0.5256326794624329|err_diag_pct:0.30103403329849243|f1_score:0.45728766918182373|precision:0.4484905004501343|recall:0.5323138236999512|
mdd/train-|step:1246|loss:14.47115421295166|
mdd/dev-|step:1246|loss:21.502351760864258|per:16.88361167907715|corr_diag_pct:0.5684460401535034|err_diag_pct:0.2754201591014862|f1_score:0.4707570970058441|precision:0.440532386302948|recall:0.5859817266464233|
mdd/test-|step:1246|loss:21.13983726501465|per:16.693307876586914|corr_diag_pct:0.5280125141143799|err_diag_pct:0.29643192887306213|f1_score:0.44902557134628296|precision:0.44316521286964417|recall:0.5218272805213928|
mdd/train-|step:1335|loss:13.877288818359375|
mdd/dev-|step:1335|loss:21.589189529418945|per:16.87885856628418|corr_diag_pct:0.5788303017616272|err_diag_pct:0.25760096311569214|f1_score:0.4674893617630005|precision:0.4315183758735657|recall:0.5909202098846436|
mdd/test-|step:1335|loss:21.236034393310547|per:16.73933982849121|corr_diag_pct:0.5274510383605957|err_diag_pct:0.29143786430358887|f1_score:0.4499310553073883|precision:0.4393914043903351|recall:0.5272737145423889|
mdd/train-|step:1424|loss:13.217529296875|
mdd/dev-|step:1424|loss:21.706846237182617|per:16.553476333618164|corr_diag_pct:0.5927251577377319|err_diag_pct:0.2585759162902832|f1_score:0.48076242208480835|precision:0.44365426898002625|recall:0.6036370992660522|
mdd/test-|step:1424|loss:21.34676170349121|per:16.35199737548828|corr_diag_pct:0.5515463948249817|err_diag_pct:0.27734243869781494|f1_score:0.4598199725151062|precision:0.45302435755729675|recall:0.5363367199897766|
mdd/train-|step:1513|loss:12.605578422546387|
mdd/dev-|step:1513|loss:21.886491775512695|per:16.521743774414062|corr_diag_pct:0.6064433455467224|err_diag_pct:0.23742283880710602|f1_score:0.48170608282089233|precision:0.44578850269317627|recall:0.6036536693572998|
mdd/test-|step:1513|loss:21.30105209350586|per:16.384078979492188|corr_diag_pct:0.553455650806427|err_diag_pct:0.2709888219833374|f1_score:0.4583897888660431|precision:0.4464398920536041|recall:0.5365761518478394|
mdd/train-|step:1602|loss:12.209961891174316|
mdd/dev-|step:1602|loss:21.948028564453125|per:16.513639450073242|corr_diag_pct:0.5775389075279236|err_diag_pct:0.2514573931694031|f1_score:0.4661504924297333|precision:0.43006497621536255|recall:0.586832582950592|
mdd/test-|step:1602|loss:21.42659568786621|per:16.303335189819336|corr_diag_pct:0.5281880497932434|err_diag_pct:0.296256422996521|f1_score:0.45709100365638733|precision:0.45564794540405273|recall:0.5267088413238525|
mdd/train-|step:1691|loss:11.707801818847656|
mdd/dev-|step:1691|loss:22.604469299316406|per:16.441884994506836|corr_diag_pct:0.6298588514328003|err_diag_pct:0.21400730311870575|f1_score:0.48185938596725464|precision:0.4388793110847473|recall:0.6098951101303101|
mdd/test-|step:1691|loss:21.818925857543945|per:16.3464298248291|corr_diag_pct:0.5587327480316162|err_diag_pct:0.2634894549846649|f1_score:0.46040934324264526|precision:0.44704505801200867|recall:0.5433714389801025|
mdd/train-|step:1780|loss:11.156839370727539|
mdd/dev-|step:1780|loss:22.639127731323242|per:16.401111602783203|corr_diag_pct:0.6116412281990051|err_diag_pct:0.22479000687599182|f1_score:0.4690522253513336|precision:0.4307573139667511|recall:0.5902025103569031|
mdd/test-|step:1780|loss:22.145187377929688|per:16.60016441345215|corr_diag_pct:0.5316208004951477|err_diag_pct:0.28726810216903687|f1_score:0.4458393454551697|precision:0.440918892621994|recall:0.5177671909332275|
mdd/test-|step:0|loss:22.145187377929688|per:16.60016441345215|corr_diag_pct:0.5316208004951477|err_diag_pct:0.28726810216903687|f1_score:0.4458393454551697|precision:0.440918892621994|recall:0.5177671909332275|insertions:663.0|deletions:1038.0|substitutions:3485.0|num_ref_tokens:31187.0|tp:2512.0|fp:2672.0|tn:25099.0|fn:1667.0|global-precision:0.4845679012345679|global-recall:0.6011007418042594|global-f1-score:0.5365801559329275|global-per:0.16628723506589285|
mdd/dev-|step:0|loss:22.639127731323242|per:16.401111602783203|corr_diag_pct:0.6116412281990051|err_diag_pct:0.22479000687599182|f1_score:0.4690522253513336|precision:0.4307573139667511|recall:0.5902025103569031|insertions:202.0|deletions:357.0|substitutions:1002.0|num_ref_tokens:9385.0|tp:851.0|fp:887.0|tn:7449.0|fn:416.0|global-precision:0.4896432681242808|global-recall:0.6716653512233622|global-f1-score:0.5663893510815308|global-per:0.16632924880127864|
